running egg_info
creating ../build/turtle_brick/turtle_brick.egg-info
writing ../build/turtle_brick/turtle_brick.egg-info/PKG-INFO
writing dependency_links to ../build/turtle_brick/turtle_brick.egg-info/dependency_links.txt
writing entry points to ../build/turtle_brick/turtle_brick.egg-info/entry_points.txt
writing requirements to ../build/turtle_brick/turtle_brick.egg-info/requires.txt
writing top-level names to ../build/turtle_brick/turtle_brick.egg-info/top_level.txt
writing manifest file '../build/turtle_brick/turtle_brick.egg-info/SOURCES.txt'
reading manifest file '../build/turtle_brick/turtle_brick.egg-info/SOURCES.txt'
writing manifest file '../build/turtle_brick/turtle_brick.egg-info/SOURCES.txt'
running build
running build_py
creating /home/asaace00/repo/me495/hw2/src/homework2/build/turtle_brick/build
creating /home/asaace00/repo/me495/hw2/src/homework2/build/turtle_brick/build/lib
creating /home/asaace00/repo/me495/hw2/src/homework2/build/turtle_brick/build/lib/turtle_brick
copying turtle_brick/physics.py -> /home/asaace00/repo/me495/hw2/src/homework2/build/turtle_brick/build/lib/turtle_brick
copying turtle_brick/arena.py -> /home/asaace00/repo/me495/hw2/src/homework2/build/turtle_brick/build/lib/turtle_brick
copying turtle_brick/catcher.py -> /home/asaace00/repo/me495/hw2/src/homework2/build/turtle_brick/build/lib/turtle_brick
copying turtle_brick/turtle_robot.py -> /home/asaace00/repo/me495/hw2/src/homework2/build/turtle_brick/build/lib/turtle_brick
copying turtle_brick/__init__.py -> /home/asaace00/repo/me495/hw2/src/homework2/build/turtle_brick/build/lib/turtle_brick
running install
running install_lib
creating /home/asaace00/repo/me495/hw2/src/homework2/install/turtle_brick/lib/python3.12/site-packages/turtle_brick
copying /home/asaace00/repo/me495/hw2/src/homework2/build/turtle_brick/build/lib/turtle_brick/physics.py -> /home/asaace00/repo/me495/hw2/src/homework2/install/turtle_brick/lib/python3.12/site-packages/turtle_brick
copying /home/asaace00/repo/me495/hw2/src/homework2/build/turtle_brick/build/lib/turtle_brick/arena.py -> /home/asaace00/repo/me495/hw2/src/homework2/install/turtle_brick/lib/python3.12/site-packages/turtle_brick
copying /home/asaace00/repo/me495/hw2/src/homework2/build/turtle_brick/build/lib/turtle_brick/catcher.py -> /home/asaace00/repo/me495/hw2/src/homework2/install/turtle_brick/lib/python3.12/site-packages/turtle_brick
copying /home/asaace00/repo/me495/hw2/src/homework2/build/turtle_brick/build/lib/turtle_brick/turtle_robot.py -> /home/asaace00/repo/me495/hw2/src/homework2/install/turtle_brick/lib/python3.12/site-packages/turtle_brick
copying /home/asaace00/repo/me495/hw2/src/homework2/build/turtle_brick/build/lib/turtle_brick/__init__.py -> /home/asaace00/repo/me495/hw2/src/homework2/install/turtle_brick/lib/python3.12/site-packages/turtle_brick
byte-compiling /home/asaace00/repo/me495/hw2/src/homework2/install/turtle_brick/lib/python3.12/site-packages/turtle_brick/physics.py to physics.cpython-312.pyc
byte-compiling /home/asaace00/repo/me495/hw2/src/homework2/install/turtle_brick/lib/python3.12/site-packages/turtle_brick/arena.py to arena.cpython-312.pyc
byte-compiling /home/asaace00/repo/me495/hw2/src/homework2/install/turtle_brick/lib/python3.12/site-packages/turtle_brick/catcher.py to catcher.cpython-312.pyc
byte-compiling /home/asaace00/repo/me495/hw2/src/homework2/install/turtle_brick/lib/python3.12/site-packages/turtle_brick/turtle_robot.py to turtle_robot.cpython-312.pyc
byte-compiling /home/asaace00/repo/me495/hw2/src/homework2/install/turtle_brick/lib/python3.12/site-packages/turtle_brick/__init__.py to __init__.cpython-312.pyc
running install_data
creating /home/asaace00/repo/me495/hw2/src/homework2/install/turtle_brick/share/ament_index
creating /home/asaace00/repo/me495/hw2/src/homework2/install/turtle_brick/share/ament_index/resource_index
creating /home/asaace00/repo/me495/hw2/src/homework2/install/turtle_brick/share/ament_index/resource_index/packages
copying resource/turtle_brick -> /home/asaace00/repo/me495/hw2/src/homework2/install/turtle_brick/share/ament_index/resource_index/packages
copying package.xml -> /home/asaace00/repo/me495/hw2/src/homework2/install/turtle_brick/share/turtle_brick
copying launch/show_turtle.launch.py -> /home/asaace00/repo/me495/hw2/src/homework2/install/turtle_brick/share/turtle_brick
copying urdf/turtle.urdf.xacro -> /home/asaace00/repo/me495/hw2/src/homework2/install/turtle_brick/share/turtle_brick
copying config/my_robot_config.rviz -> /home/asaace00/repo/me495/hw2/src/homework2/install/turtle_brick/share/turtle_brick
copying config/turtle.yaml -> /home/asaace00/repo/me495/hw2/src/homework2/install/turtle_brick/share/turtle_brick
running install_egg_info
Copying ../build/turtle_brick/turtle_brick.egg-info to /home/asaace00/repo/me495/hw2/src/homework2/install/turtle_brick/lib/python3.12/site-packages/turtle_brick-0.0.0-py3.12.egg-info
running install_scripts
Installing arena script to /home/asaace00/repo/me495/hw2/src/homework2/install/turtle_brick/lib/turtle_brick
Installing catcher script to /home/asaace00/repo/me495/hw2/src/homework2/install/turtle_brick/lib/turtle_brick
Installing turtle_robot script to /home/asaace00/repo/me495/hw2/src/homework2/install/turtle_brick/lib/turtle_brick
writing list of installed files to '/home/asaace00/repo/me495/hw2/src/homework2/build/turtle_brick/install.log'
