[0.101s] DEBUG:colcon:Command line arguments: ['/usr/bin/colcon', 'build']
[0.101s] DEBUG:colcon:Parsed command line arguments: Namespace(log_base=None, log_level=None, verb_name='build', build_base='build', install_base='install', merge_install=False, symlink_install=False, test_result_base=None, continue_on_error=False, executor='parallel', parallel_workers=32, event_handlers=None, ignore_user_meta=False, metas=['./colcon.meta'], base_paths=['.'], packages_ignore=None, packages_ignore_regex=None, paths=None, packages_up_to=None, packages_up_to_regex=None, packages_above=None, packages_above_and_dependencies=None, packages_above_depth=None, packages_select_by_dep=None, packages_skip_by_dep=None, packages_skip_up_to=None, packages_select_build_failed=False, packages_skip_build_finished=False, packages_select_test_failures=False, packages_skip_test_passed=False, packages_select=None, packages_skip=None, packages_select_regex=None, packages_skip_regex=None, packages_start=None, packages_end=None, allow_overriding=[], cmake_args=None, cmake_target=None, cmake_target_skip_unavailable=False, cmake_clean_cache=False, cmake_clean_first=False, cmake_force_configure=False, ament_cmake_args=None, catkin_cmake_args=None, catkin_skip_building_tests=False, mixin_files=None, mixin=None, verb_parser=<colcon_mixin.mixin.mixin_argument.MixinArgumentDecorator object at 0x7fc5a67faa20>, verb_extension=<colcon_core.verb.build.BuildVerb object at 0x7fc5a67fa450>, main=<bound method BuildVerb.main of <colcon_core.verb.build.BuildVerb object at 0x7fc5a67fa450>>, mixin_verb=('build',))
[0.125s] Level 1:colcon.colcon_core.package_discovery:discover_packages(colcon_meta) check parameters
[0.125s] Level 1:colcon.colcon_core.package_discovery:discover_packages(recursive) check parameters
[0.125s] Level 1:colcon.colcon_core.package_discovery:discover_packages(ignore) check parameters
[0.125s] Level 1:colcon.colcon_core.package_discovery:discover_packages(path) check parameters
[0.125s] Level 1:colcon.colcon_core.package_discovery:discover_packages(colcon_meta) discover
[0.125s] Level 1:colcon.colcon_core.package_discovery:discover_packages(recursive) discover
[0.126s] INFO:colcon.colcon_core.package_discovery:Crawling recursively for packages in '/home/asaace00/repo/me495/hw2/src/homework2'
[0.126s] Level 1:colcon.colcon_core.package_identification:_identify(.) by extensions ['ignore', 'ignore_ament_install']
[0.126s] Level 1:colcon.colcon_core.package_identification:_identify(.) by extension 'ignore'
[0.126s] Level 1:colcon.colcon_core.package_identification:_identify(.) by extension 'ignore_ament_install'
[0.126s] Level 1:colcon.colcon_core.package_identification:_identify(.) by extensions ['colcon_pkg']
[0.126s] Level 1:colcon.colcon_core.package_identification:_identify(.) by extension 'colcon_pkg'
[0.126s] Level 1:colcon.colcon_core.package_identification:_identify(.) by extensions ['colcon_meta']
[0.126s] Level 1:colcon.colcon_core.package_identification:_identify(.) by extension 'colcon_meta'
[0.126s] Level 1:colcon.colcon_core.package_identification:_identify(.) by extensions ['ros']
[0.126s] Level 1:colcon.colcon_core.package_identification:_identify(.) by extension 'ros'
[0.144s] Level 1:colcon.colcon_core.package_identification:_identify(.) by extensions ['cmake', 'python']
[0.144s] Level 1:colcon.colcon_core.package_identification:_identify(.) by extension 'cmake'
[0.144s] Level 1:colcon.colcon_core.package_identification:_identify(.) by extension 'python'
[0.144s] Level 1:colcon.colcon_core.package_identification:_identify(.) by extensions ['python_setup_py']
[0.144s] Level 1:colcon.colcon_core.package_identification:_identify(.) by extension 'python_setup_py'
[0.144s] Level 1:colcon.colcon_core.package_identification:_identify(build) by extensions ['ignore', 'ignore_ament_install']
[0.144s] Level 1:colcon.colcon_core.package_identification:_identify(build) by extension 'ignore'
[0.144s] Level 1:colcon.colcon_core.package_identification:_identify(build) ignored
[0.144s] Level 1:colcon.colcon_core.package_identification:_identify(install) by extensions ['ignore', 'ignore_ament_install']
[0.144s] Level 1:colcon.colcon_core.package_identification:_identify(install) by extension 'ignore'
[0.144s] Level 1:colcon.colcon_core.package_identification:_identify(install) ignored
[0.144s] Level 1:colcon.colcon_core.package_identification:_identify(log) by extensions ['ignore', 'ignore_ament_install']
[0.144s] Level 1:colcon.colcon_core.package_identification:_identify(log) by extension 'ignore'
[0.144s] Level 1:colcon.colcon_core.package_identification:_identify(log) ignored
[0.144s] Level 1:colcon.colcon_core.package_identification:_identify(turtle_brick) by extensions ['ignore', 'ignore_ament_install']
[0.144s] Level 1:colcon.colcon_core.package_identification:_identify(turtle_brick) by extension 'ignore'
[0.144s] Level 1:colcon.colcon_core.package_identification:_identify(turtle_brick) by extension 'ignore_ament_install'
[0.144s] Level 1:colcon.colcon_core.package_identification:_identify(turtle_brick) by extensions ['colcon_pkg']
[0.144s] Level 1:colcon.colcon_core.package_identification:_identify(turtle_brick) by extension 'colcon_pkg'
[0.144s] Level 1:colcon.colcon_core.package_identification:_identify(turtle_brick) by extensions ['colcon_meta']
[0.144s] Level 1:colcon.colcon_core.package_identification:_identify(turtle_brick) by extension 'colcon_meta'
[0.144s] Level 1:colcon.colcon_core.package_identification:_identify(turtle_brick) by extensions ['ros']
[0.145s] Level 1:colcon.colcon_core.package_identification:_identify(turtle_brick) by extension 'ros'
[0.146s] DEBUG:colcon.colcon_core.package_identification:Package 'turtle_brick' with type 'ros.ament_python' and name 'turtle_brick'
[0.146s] Level 1:colcon.colcon_core.package_identification:_identify(turtle_brick_interfaces) by extensions ['ignore', 'ignore_ament_install']
[0.146s] Level 1:colcon.colcon_core.package_identification:_identify(turtle_brick_interfaces) by extension 'ignore'
[0.146s] Level 1:colcon.colcon_core.package_identification:_identify(turtle_brick_interfaces) by extension 'ignore_ament_install'
[0.146s] Level 1:colcon.colcon_core.package_identification:_identify(turtle_brick_interfaces) by extensions ['colcon_pkg']
[0.146s] Level 1:colcon.colcon_core.package_identification:_identify(turtle_brick_interfaces) by extension 'colcon_pkg'
[0.146s] Level 1:colcon.colcon_core.package_identification:_identify(turtle_brick_interfaces) by extensions ['colcon_meta']
[0.146s] Level 1:colcon.colcon_core.package_identification:_identify(turtle_brick_interfaces) by extension 'colcon_meta'
[0.146s] Level 1:colcon.colcon_core.package_identification:_identify(turtle_brick_interfaces) by extensions ['ros']
[0.147s] Level 1:colcon.colcon_core.package_identification:_identify(turtle_brick_interfaces) by extension 'ros'
[0.147s] DEBUG:colcon.colcon_core.package_identification:Package 'turtle_brick_interfaces' with type 'ros.ament_cmake' and name 'turtle_brick_interfaces'
[0.147s] Level 1:colcon.colcon_core.package_discovery:discover_packages(recursive) using defaults
[0.147s] Level 1:colcon.colcon_core.package_discovery:discover_packages(ignore) discover
[0.147s] Level 1:colcon.colcon_core.package_discovery:discover_packages(ignore) using defaults
[0.147s] Level 1:colcon.colcon_core.package_discovery:discover_packages(path) discover
[0.147s] Level 1:colcon.colcon_core.package_discovery:discover_packages(path) using defaults
[0.160s] Level 1:colcon.colcon_core.package_discovery:discover_packages(prefix_path) check parameters
[0.160s] Level 1:colcon.colcon_core.package_discovery:discover_packages(prefix_path) discover
[0.161s] DEBUG:colcon.colcon_installed_package_information.package_discovery:Found 2 installed packages in /home/asaace00/repo/me495/hw2/install
[0.161s] DEBUG:colcon.colcon_installed_package_information.package_discovery:Found 4 installed packages in /home/asaace00/repo/homework1/install
[0.162s] DEBUG:colcon.colcon_installed_package_information.package_discovery:Found 382 installed packages in /opt/ros/jazzy
[0.163s] Level 1:colcon.colcon_core.package_discovery:discover_packages(prefix_path) using defaults
[0.194s] Level 5:colcon.colcon_core.verb:set package 'turtle_brick_interfaces' build argument 'cmake_args' from command line to 'None'
[0.194s] Level 5:colcon.colcon_core.verb:set package 'turtle_brick_interfaces' build argument 'cmake_target' from command line to 'None'
[0.194s] Level 5:colcon.colcon_core.verb:set package 'turtle_brick_interfaces' build argument 'cmake_target_skip_unavailable' from command line to 'False'
[0.194s] Level 5:colcon.colcon_core.verb:set package 'turtle_brick_interfaces' build argument 'cmake_clean_cache' from command line to 'False'
[0.194s] Level 5:colcon.colcon_core.verb:set package 'turtle_brick_interfaces' build argument 'cmake_clean_first' from command line to 'False'
[0.194s] Level 5:colcon.colcon_core.verb:set package 'turtle_brick_interfaces' build argument 'cmake_force_configure' from command line to 'False'
[0.194s] Level 5:colcon.colcon_core.verb:set package 'turtle_brick_interfaces' build argument 'ament_cmake_args' from command line to 'None'
[0.194s] Level 5:colcon.colcon_core.verb:set package 'turtle_brick_interfaces' build argument 'catkin_cmake_args' from command line to 'None'
[0.194s] Level 5:colcon.colcon_core.verb:set package 'turtle_brick_interfaces' build argument 'catkin_skip_building_tests' from command line to 'False'
[0.194s] DEBUG:colcon.colcon_core.verb:Building package 'turtle_brick_interfaces' with the following arguments: {'ament_cmake_args': None, 'build_base': '/home/asaace00/repo/me495/hw2/src/homework2/build/turtle_brick_interfaces', 'catkin_cmake_args': None, 'catkin_skip_building_tests': False, 'cmake_args': None, 'cmake_clean_cache': False, 'cmake_clean_first': False, 'cmake_force_configure': False, 'cmake_target': None, 'cmake_target_skip_unavailable': False, 'install_base': '/home/asaace00/repo/me495/hw2/src/homework2/install/turtle_brick_interfaces', 'merge_install': False, 'path': '/home/asaace00/repo/me495/hw2/src/homework2/turtle_brick_interfaces', 'symlink_install': False, 'test_result_base': None}
[0.194s] Level 5:colcon.colcon_core.verb:set package 'turtle_brick' build argument 'cmake_args' from command line to 'None'
[0.194s] Level 5:colcon.colcon_core.verb:set package 'turtle_brick' build argument 'cmake_target' from command line to 'None'
[0.194s] Level 5:colcon.colcon_core.verb:set package 'turtle_brick' build argument 'cmake_target_skip_unavailable' from command line to 'False'
[0.194s] Level 5:colcon.colcon_core.verb:set package 'turtle_brick' build argument 'cmake_clean_cache' from command line to 'False'
[0.194s] Level 5:colcon.colcon_core.verb:set package 'turtle_brick' build argument 'cmake_clean_first' from command line to 'False'
[0.194s] Level 5:colcon.colcon_core.verb:set package 'turtle_brick' build argument 'cmake_force_configure' from command line to 'False'
[0.194s] Level 5:colcon.colcon_core.verb:set package 'turtle_brick' build argument 'ament_cmake_args' from command line to 'None'
[0.194s] Level 5:colcon.colcon_core.verb:set package 'turtle_brick' build argument 'catkin_cmake_args' from command line to 'None'
[0.194s] Level 5:colcon.colcon_core.verb:set package 'turtle_brick' build argument 'catkin_skip_building_tests' from command line to 'False'
[0.194s] DEBUG:colcon.colcon_core.verb:Building package 'turtle_brick' with the following arguments: {'ament_cmake_args': None, 'build_base': '/home/asaace00/repo/me495/hw2/src/homework2/build/turtle_brick', 'catkin_cmake_args': None, 'catkin_skip_building_tests': False, 'cmake_args': None, 'cmake_clean_cache': False, 'cmake_clean_first': False, 'cmake_force_configure': False, 'cmake_target': None, 'cmake_target_skip_unavailable': False, 'install_base': '/home/asaace00/repo/me495/hw2/src/homework2/install/turtle_brick', 'merge_install': False, 'path': '/home/asaace00/repo/me495/hw2/src/homework2/turtle_brick', 'symlink_install': False, 'test_result_base': None}
[0.194s] INFO:colcon.colcon_core.executor:Executing jobs using 'parallel' executor
[0.195s] DEBUG:colcon.colcon_parallel_executor.executor.parallel:run_until_complete
[0.196s] INFO:colcon.colcon_ros.task.ament_cmake.build:Building ROS package in '/home/asaace00/repo/me495/hw2/src/homework2/turtle_brick_interfaces' with build type 'ament_cmake'
[0.196s] INFO:colcon.colcon_cmake.task.cmake.build:Building CMake package in '/home/asaace00/repo/me495/hw2/src/homework2/turtle_brick_interfaces'
[0.197s] INFO:colcon.colcon_core.plugin_system:Skipping extension 'colcon_core.shell.bat': Not used on non-Windows systems
[0.197s] INFO:colcon.colcon_core.shell:Skip shell extension 'powershell' for command environment: Not usable outside of PowerShell
[0.197s] DEBUG:colcon.colcon_core.shell:Skip shell extension 'dsv' for command environment
[0.207s] DEBUG:colcon.colcon_core.event_handler.log_command:Invoking command in '/home/asaace00/repo/me495/hw2/src/homework2/build/turtle_brick_interfaces': CMAKE_PREFIX_PATH=${CMAKE_PREFIX_PATH}:/home/asaace00/repo/me495/hw2/install/turtle_brick:/home/asaace00/repo/homework1/install/turtle_control:/home/asaace00/repo/homework1/install/crazy_turtle:/opt/ros/jazzy /usr/bin/cmake /home/asaace00/repo/me495/hw2/src/homework2/turtle_brick_interfaces -DCMAKE_INSTALL_PREFIX=/home/asaace00/repo/me495/hw2/src/homework2/install/turtle_brick_interfaces
[4.269s] DEBUG:colcon.colcon_core.event_handler.log_command:Invoked command in '/home/asaace00/repo/me495/hw2/src/homework2/build/turtle_brick_interfaces' returned '0': CMAKE_PREFIX_PATH=${CMAKE_PREFIX_PATH}:/home/asaace00/repo/me495/hw2/install/turtle_brick:/home/asaace00/repo/homework1/install/turtle_control:/home/asaace00/repo/homework1/install/crazy_turtle:/opt/ros/jazzy /usr/bin/cmake /home/asaace00/repo/me495/hw2/src/homework2/turtle_brick_interfaces -DCMAKE_INSTALL_PREFIX=/home/asaace00/repo/me495/hw2/src/homework2/install/turtle_brick_interfaces
[4.270s] DEBUG:colcon.colcon_core.event_handler.log_command:Invoking command in '/home/asaace00/repo/me495/hw2/src/homework2/build/turtle_brick_interfaces': CMAKE_PREFIX_PATH=${CMAKE_PREFIX_PATH}:/home/asaace00/repo/me495/hw2/install/turtle_brick:/home/asaace00/repo/homework1/install/turtle_control:/home/asaace00/repo/homework1/install/crazy_turtle:/opt/ros/jazzy /usr/bin/cmake --build /home/asaace00/repo/me495/hw2/src/homework2/build/turtle_brick_interfaces -- -j32 -l32
[11.742s] DEBUG:colcon.colcon_core.event_handler.log_command:Invoked command in '/home/asaace00/repo/me495/hw2/src/homework2/build/turtle_brick_interfaces' returned '0': CMAKE_PREFIX_PATH=${CMAKE_PREFIX_PATH}:/home/asaace00/repo/me495/hw2/install/turtle_brick:/home/asaace00/repo/homework1/install/turtle_control:/home/asaace00/repo/homework1/install/crazy_turtle:/opt/ros/jazzy /usr/bin/cmake --build /home/asaace00/repo/me495/hw2/src/homework2/build/turtle_brick_interfaces -- -j32 -l32
[12.053s] DEBUG:colcon.colcon_core.event_handler.log_command:Invoking command in '/home/asaace00/repo/me495/hw2/src/homework2/build/turtle_brick_interfaces': CMAKE_PREFIX_PATH=${CMAKE_PREFIX_PATH}:/home/asaace00/repo/me495/hw2/install/turtle_brick:/home/asaace00/repo/homework1/install/turtle_control:/home/asaace00/repo/homework1/install/crazy_turtle:/opt/ros/jazzy /usr/bin/cmake --install /home/asaace00/repo/me495/hw2/src/homework2/build/turtle_brick_interfaces
[12.155s] Level 1:colcon.colcon_core.environment:create_environment_scripts_only(turtle_brick_interfaces)
[12.155s] DEBUG:colcon.colcon_core.event_handler.log_command:Invoked command in '/home/asaace00/repo/me495/hw2/src/homework2/build/turtle_brick_interfaces' returned '0': CMAKE_PREFIX_PATH=${CMAKE_PREFIX_PATH}:/home/asaace00/repo/me495/hw2/install/turtle_brick:/home/asaace00/repo/homework1/install/turtle_control:/home/asaace00/repo/homework1/install/crazy_turtle:/opt/ros/jazzy /usr/bin/cmake --install /home/asaace00/repo/me495/hw2/src/homework2/build/turtle_brick_interfaces
[12.157s] Level 1:colcon.colcon_core.environment:checking '/home/asaace00/repo/me495/hw2/src/homework2/install/turtle_brick_interfaces' for CMake module files
[12.158s] Level 1:colcon.colcon_core.environment:checking '/home/asaace00/repo/me495/hw2/src/homework2/install/turtle_brick_interfaces' for CMake config files
[12.158s] Level 1:colcon.colcon_core.shell:create_environment_hook('turtle_brick_interfaces', 'cmake_prefix_path')
[12.158s] INFO:colcon.colcon_core.shell:Creating environment hook '/home/asaace00/repo/me495/hw2/src/homework2/install/turtle_brick_interfaces/share/turtle_brick_interfaces/hook/cmake_prefix_path.ps1'
[12.159s] INFO:colcon.colcon_core.shell:Creating environment descriptor '/home/asaace00/repo/me495/hw2/src/homework2/install/turtle_brick_interfaces/share/turtle_brick_interfaces/hook/cmake_prefix_path.dsv'
[12.159s] INFO:colcon.colcon_core.shell:Creating environment hook '/home/asaace00/repo/me495/hw2/src/homework2/install/turtle_brick_interfaces/share/turtle_brick_interfaces/hook/cmake_prefix_path.sh'
[12.160s] Level 1:colcon.colcon_core.environment:checking '/home/asaace00/repo/me495/hw2/src/homework2/install/turtle_brick_interfaces/lib'
[12.160s] Level 1:colcon.colcon_core.shell:create_environment_hook('turtle_brick_interfaces', 'ld_library_path_lib')
[12.161s] INFO:colcon.colcon_core.shell:Creating environment hook '/home/asaace00/repo/me495/hw2/src/homework2/install/turtle_brick_interfaces/share/turtle_brick_interfaces/hook/ld_library_path_lib.ps1'
[12.161s] INFO:colcon.colcon_core.shell:Creating environment descriptor '/home/asaace00/repo/me495/hw2/src/homework2/install/turtle_brick_interfaces/share/turtle_brick_interfaces/hook/ld_library_path_lib.dsv'
[12.161s] INFO:colcon.colcon_core.shell:Creating environment hook '/home/asaace00/repo/me495/hw2/src/homework2/install/turtle_brick_interfaces/share/turtle_brick_interfaces/hook/ld_library_path_lib.sh'
[12.161s] Level 1:colcon.colcon_core.environment:checking '/home/asaace00/repo/me495/hw2/src/homework2/install/turtle_brick_interfaces/bin'
[12.161s] Level 1:colcon.colcon_core.environment:checking '/home/asaace00/repo/me495/hw2/src/homework2/install/turtle_brick_interfaces/lib/pkgconfig/turtle_brick_interfaces.pc'
[12.162s] Level 1:colcon.colcon_core.environment:checking '/home/asaace00/repo/me495/hw2/src/homework2/install/turtle_brick_interfaces/lib/python3.12/site-packages'
[12.162s] Level 1:colcon.colcon_core.shell:create_environment_hook('turtle_brick_interfaces', 'pythonpath')
[12.162s] INFO:colcon.colcon_core.shell:Creating environment hook '/home/asaace00/repo/me495/hw2/src/homework2/install/turtle_brick_interfaces/share/turtle_brick_interfaces/hook/pythonpath.ps1'
[12.162s] INFO:colcon.colcon_core.shell:Creating environment descriptor '/home/asaace00/repo/me495/hw2/src/homework2/install/turtle_brick_interfaces/share/turtle_brick_interfaces/hook/pythonpath.dsv'
[12.162s] INFO:colcon.colcon_core.shell:Creating environment hook '/home/asaace00/repo/me495/hw2/src/homework2/install/turtle_brick_interfaces/share/turtle_brick_interfaces/hook/pythonpath.sh'
[12.163s] Level 1:colcon.colcon_core.environment:checking '/home/asaace00/repo/me495/hw2/src/homework2/install/turtle_brick_interfaces/bin'
[12.163s] INFO:colcon.colcon_core.shell:Creating package script '/home/asaace00/repo/me495/hw2/src/homework2/install/turtle_brick_interfaces/share/turtle_brick_interfaces/package.ps1'
[12.164s] INFO:colcon.colcon_core.shell:Creating package descriptor '/home/asaace00/repo/me495/hw2/src/homework2/install/turtle_brick_interfaces/share/turtle_brick_interfaces/package.dsv'
[12.164s] INFO:colcon.colcon_core.shell:Creating package script '/home/asaace00/repo/me495/hw2/src/homework2/install/turtle_brick_interfaces/share/turtle_brick_interfaces/package.sh'
[12.165s] INFO:colcon.colcon_core.shell:Creating package script '/home/asaace00/repo/me495/hw2/src/homework2/install/turtle_brick_interfaces/share/turtle_brick_interfaces/package.bash'
[12.165s] INFO:colcon.colcon_core.shell:Creating package script '/home/asaace00/repo/me495/hw2/src/homework2/install/turtle_brick_interfaces/share/turtle_brick_interfaces/package.zsh'
[12.166s] Level 1:colcon.colcon_core.environment:create_file_with_runtime_dependencies(/home/asaace00/repo/me495/hw2/src/homework2/install/turtle_brick_interfaces/share/colcon-core/packages/turtle_brick_interfaces)
[12.555s] Level 1:colcon.colcon_core.environment:create_environment_scripts_only(turtle_brick_interfaces)
[12.555s] Level 1:colcon.colcon_core.environment:checking '/home/asaace00/repo/me495/hw2/src/homework2/install/turtle_brick_interfaces' for CMake module files
[12.556s] Level 1:colcon.colcon_core.environment:checking '/home/asaace00/repo/me495/hw2/src/homework2/install/turtle_brick_interfaces' for CMake config files
[12.557s] Level 1:colcon.colcon_core.shell:create_environment_hook('turtle_brick_interfaces', 'cmake_prefix_path')
[12.557s] INFO:colcon.colcon_core.shell:Creating environment hook '/home/asaace00/repo/me495/hw2/src/homework2/install/turtle_brick_interfaces/share/turtle_brick_interfaces/hook/cmake_prefix_path.ps1'
[12.557s] INFO:colcon.colcon_core.shell:Creating environment descriptor '/home/asaace00/repo/me495/hw2/src/homework2/install/turtle_brick_interfaces/share/turtle_brick_interfaces/hook/cmake_prefix_path.dsv'
[12.558s] INFO:colcon.colcon_core.shell:Creating environment hook '/home/asaace00/repo/me495/hw2/src/homework2/install/turtle_brick_interfaces/share/turtle_brick_interfaces/hook/cmake_prefix_path.sh'
[12.558s] Level 1:colcon.colcon_core.environment:checking '/home/asaace00/repo/me495/hw2/src/homework2/install/turtle_brick_interfaces/lib'
[12.558s] Level 1:colcon.colcon_core.shell:create_environment_hook('turtle_brick_interfaces', 'ld_library_path_lib')
[12.559s] INFO:colcon.colcon_core.shell:Creating environment hook '/home/asaace00/repo/me495/hw2/src/homework2/install/turtle_brick_interfaces/share/turtle_brick_interfaces/hook/ld_library_path_lib.ps1'
[12.559s] INFO:colcon.colcon_core.shell:Creating environment descriptor '/home/asaace00/repo/me495/hw2/src/homework2/install/turtle_brick_interfaces/share/turtle_brick_interfaces/hook/ld_library_path_lib.dsv'
[12.559s] INFO:colcon.colcon_core.shell:Creating environment hook '/home/asaace00/repo/me495/hw2/src/homework2/install/turtle_brick_interfaces/share/turtle_brick_interfaces/hook/ld_library_path_lib.sh'
[12.573s] Level 1:colcon.colcon_core.environment:checking '/home/asaace00/repo/me495/hw2/src/homework2/install/turtle_brick_interfaces/bin'
[12.574s] Level 1:colcon.colcon_core.environment:checking '/home/asaace00/repo/me495/hw2/src/homework2/install/turtle_brick_interfaces/lib/pkgconfig/turtle_brick_interfaces.pc'
[12.574s] Level 1:colcon.colcon_core.environment:checking '/home/asaace00/repo/me495/hw2/src/homework2/install/turtle_brick_interfaces/lib/python3.12/site-packages'
[12.574s] Level 1:colcon.colcon_core.shell:create_environment_hook('turtle_brick_interfaces', 'pythonpath')
[12.574s] INFO:colcon.colcon_core.shell:Creating environment hook '/home/asaace00/repo/me495/hw2/src/homework2/install/turtle_brick_interfaces/share/turtle_brick_interfaces/hook/pythonpath.ps1'
[12.575s] INFO:colcon.colcon_core.shell:Creating environment descriptor '/home/asaace00/repo/me495/hw2/src/homework2/install/turtle_brick_interfaces/share/turtle_brick_interfaces/hook/pythonpath.dsv'
[12.575s] INFO:colcon.colcon_core.shell:Creating environment hook '/home/asaace00/repo/me495/hw2/src/homework2/install/turtle_brick_interfaces/share/turtle_brick_interfaces/hook/pythonpath.sh'
[12.576s] Level 1:colcon.colcon_core.environment:checking '/home/asaace00/repo/me495/hw2/src/homework2/install/turtle_brick_interfaces/bin'
[12.576s] INFO:colcon.colcon_core.shell:Creating package script '/home/asaace00/repo/me495/hw2/src/homework2/install/turtle_brick_interfaces/share/turtle_brick_interfaces/package.ps1'
[12.576s] INFO:colcon.colcon_core.shell:Creating package descriptor '/home/asaace00/repo/me495/hw2/src/homework2/install/turtle_brick_interfaces/share/turtle_brick_interfaces/package.dsv'
[12.577s] INFO:colcon.colcon_core.shell:Creating package script '/home/asaace00/repo/me495/hw2/src/homework2/install/turtle_brick_interfaces/share/turtle_brick_interfaces/package.sh'
[12.577s] INFO:colcon.colcon_core.shell:Creating package script '/home/asaace00/repo/me495/hw2/src/homework2/install/turtle_brick_interfaces/share/turtle_brick_interfaces/package.bash'
[12.578s] INFO:colcon.colcon_core.shell:Creating package script '/home/asaace00/repo/me495/hw2/src/homework2/install/turtle_brick_interfaces/share/turtle_brick_interfaces/package.zsh'
[12.578s] Level 1:colcon.colcon_core.environment:create_file_with_runtime_dependencies(/home/asaace00/repo/me495/hw2/src/homework2/install/turtle_brick_interfaces/share/colcon-core/packages/turtle_brick_interfaces)
[12.578s] INFO:colcon.colcon_ros.task.ament_python.build:Building ROS package in '/home/asaace00/repo/me495/hw2/src/homework2/turtle_brick' with build type 'ament_python'
[12.578s] Level 1:colcon.colcon_core.shell:create_environment_hook('turtle_brick', 'ament_prefix_path')
[12.578s] INFO:colcon.colcon_core.shell:Creating environment hook '/home/asaace00/repo/me495/hw2/src/homework2/install/turtle_brick/share/turtle_brick/hook/ament_prefix_path.ps1'
[12.580s] INFO:colcon.colcon_core.shell:Creating environment descriptor '/home/asaace00/repo/me495/hw2/src/homework2/install/turtle_brick/share/turtle_brick/hook/ament_prefix_path.dsv'
[12.580s] INFO:colcon.colcon_core.shell:Creating environment hook '/home/asaace00/repo/me495/hw2/src/homework2/install/turtle_brick/share/turtle_brick/hook/ament_prefix_path.sh'
[12.581s] INFO:colcon.colcon_core.shell:Skip shell extension 'powershell' for command environment: Not usable outside of PowerShell
[12.581s] DEBUG:colcon.colcon_core.shell:Skip shell extension 'dsv' for command environment
[12.871s] INFO:colcon.colcon_core.task.python.build:Building Python package in '/home/asaace00/repo/me495/hw2/src/homework2/turtle_brick'
[12.871s] INFO:colcon.colcon_core.shell:Skip shell extension 'powershell' for command environment: Not usable outside of PowerShell
[12.871s] DEBUG:colcon.colcon_core.shell:Skip shell extension 'dsv' for command environment
[13.855s] DEBUG:colcon.colcon_core.event_handler.log_command:Invoking command in '/home/asaace00/repo/me495/hw2/src/homework2/turtle_brick': AMENT_PREFIX_PATH=/home/asaace00/repo/me495/hw2/src/homework2/install/turtle_brick_interfaces:${AMENT_PREFIX_PATH} CMAKE_PREFIX_PATH=/home/asaace00/repo/me495/hw2/src/homework2/install/turtle_brick_interfaces:${CMAKE_PREFIX_PATH} LD_LIBRARY_PATH=/home/asaace00/repo/me495/hw2/src/homework2/install/turtle_brick_interfaces/lib:${LD_LIBRARY_PATH} PYTHONPATH=/home/asaace00/repo/me495/hw2/src/homework2/build/turtle_brick/prefix_override:/usr/lib/python3/dist-packages/colcon_core/task/python/colcon_distutils_commands:/home/asaace00/repo/me495/hw2/src/homework2/install/turtle_brick/lib/python3.12/site-packages:/home/asaace00/repo/me495/hw2/src/homework2/install/turtle_brick_interfaces/lib/python3.12/site-packages:${PYTHONPATH} /usr/bin/python3 -W ignore:setup.py install is deprecated setup.py egg_info --egg-base ../build/turtle_brick build --build-base /home/asaace00/repo/me495/hw2/src/homework2/build/turtle_brick/build install --record /home/asaace00/repo/me495/hw2/src/homework2/build/turtle_brick/install.log --single-version-externally-managed install_data
[14.464s] Level 1:colcon.colcon_core.environment:checking '/home/asaace00/repo/me495/hw2/src/homework2/install/turtle_brick' for CMake module files
[14.465s] DEBUG:colcon.colcon_core.event_handler.log_command:Invoked command in '/home/asaace00/repo/me495/hw2/src/homework2/turtle_brick' returned '0': AMENT_PREFIX_PATH=/home/asaace00/repo/me495/hw2/src/homework2/install/turtle_brick_interfaces:${AMENT_PREFIX_PATH} CMAKE_PREFIX_PATH=/home/asaace00/repo/me495/hw2/src/homework2/install/turtle_brick_interfaces:${CMAKE_PREFIX_PATH} LD_LIBRARY_PATH=/home/asaace00/repo/me495/hw2/src/homework2/install/turtle_brick_interfaces/lib:${LD_LIBRARY_PATH} PYTHONPATH=/home/asaace00/repo/me495/hw2/src/homework2/build/turtle_brick/prefix_override:/usr/lib/python3/dist-packages/colcon_core/task/python/colcon_distutils_commands:/home/asaace00/repo/me495/hw2/src/homework2/install/turtle_brick/lib/python3.12/site-packages:/home/asaace00/repo/me495/hw2/src/homework2/install/turtle_brick_interfaces/lib/python3.12/site-packages:${PYTHONPATH} /usr/bin/python3 -W ignore:setup.py install is deprecated setup.py egg_info --egg-base ../build/turtle_brick build --build-base /home/asaace00/repo/me495/hw2/src/homework2/build/turtle_brick/build install --record /home/asaace00/repo/me495/hw2/src/homework2/build/turtle_brick/install.log --single-version-externally-managed install_data
[14.466s] Level 1:colcon.colcon_core.environment:checking '/home/asaace00/repo/me495/hw2/src/homework2/install/turtle_brick' for CMake config files
[14.466s] Level 1:colcon.colcon_core.environment:checking '/home/asaace00/repo/me495/hw2/src/homework2/install/turtle_brick/lib'
[14.466s] Level 1:colcon.colcon_core.environment:checking '/home/asaace00/repo/me495/hw2/src/homework2/install/turtle_brick/bin'
[14.466s] Level 1:colcon.colcon_core.environment:checking '/home/asaace00/repo/me495/hw2/src/homework2/install/turtle_brick/lib/pkgconfig/turtle_brick.pc'
[14.466s] Level 1:colcon.colcon_core.environment:checking '/home/asaace00/repo/me495/hw2/src/homework2/install/turtle_brick/lib/python3.12/site-packages'
[14.467s] Level 1:colcon.colcon_core.shell:create_environment_hook('turtle_brick', 'pythonpath')
[14.467s] INFO:colcon.colcon_core.shell:Creating environment hook '/home/asaace00/repo/me495/hw2/src/homework2/install/turtle_brick/share/turtle_brick/hook/pythonpath.ps1'
[14.467s] INFO:colcon.colcon_core.shell:Creating environment descriptor '/home/asaace00/repo/me495/hw2/src/homework2/install/turtle_brick/share/turtle_brick/hook/pythonpath.dsv'
[14.467s] INFO:colcon.colcon_core.shell:Creating environment hook '/home/asaace00/repo/me495/hw2/src/homework2/install/turtle_brick/share/turtle_brick/hook/pythonpath.sh'
[14.468s] Level 1:colcon.colcon_core.environment:checking '/home/asaace00/repo/me495/hw2/src/homework2/install/turtle_brick/bin'
[14.468s] Level 1:colcon.colcon_core.environment:create_environment_scripts_only(turtle_brick)
[14.468s] INFO:colcon.colcon_core.shell:Creating package script '/home/asaace00/repo/me495/hw2/src/homework2/install/turtle_brick/share/turtle_brick/package.ps1'
[14.468s] INFO:colcon.colcon_core.shell:Creating package descriptor '/home/asaace00/repo/me495/hw2/src/homework2/install/turtle_brick/share/turtle_brick/package.dsv'
[14.468s] INFO:colcon.colcon_core.shell:Creating package script '/home/asaace00/repo/me495/hw2/src/homework2/install/turtle_brick/share/turtle_brick/package.sh'
[14.469s] INFO:colcon.colcon_core.shell:Creating package script '/home/asaace00/repo/me495/hw2/src/homework2/install/turtle_brick/share/turtle_brick/package.bash'
[14.469s] INFO:colcon.colcon_core.shell:Creating package script '/home/asaace00/repo/me495/hw2/src/homework2/install/turtle_brick/share/turtle_brick/package.zsh'
[14.469s] Level 1:colcon.colcon_core.environment:create_file_with_runtime_dependencies(/home/asaace00/repo/me495/hw2/src/homework2/install/turtle_brick/share/colcon-core/packages/turtle_brick)
[14.470s] DEBUG:colcon.colcon_parallel_executor.executor.parallel:closing loop
[14.470s] DEBUG:colcon.colcon_parallel_executor.executor.parallel:loop closed
[14.470s] DEBUG:colcon.colcon_parallel_executor.executor.parallel:run_until_complete finished with '0'
[14.470s] DEBUG:colcon.colcon_core.event_reactor:joining thread
[14.475s] INFO:colcon.colcon_core.plugin_system:Skipping extension 'colcon_notification.desktop_notification.terminal_notifier': Not used on non-Darwin systems
[14.475s] INFO:colcon.colcon_core.plugin_system:Skipping extension 'colcon_notification.desktop_notification.win32': Not used on non-Windows systems
[14.475s] INFO:colcon.colcon_notification.desktop_notification:Sending desktop notification using 'notify2'
[14.505s] DEBUG:colcon.colcon_core.event_reactor:joined thread
[14.506s] INFO:colcon.colcon_core.shell:Creating prefix script '/home/asaace00/repo/me495/hw2/src/homework2/install/local_setup.ps1'
[14.508s] INFO:colcon.colcon_core.shell:Creating prefix util module '/home/asaace00/repo/me495/hw2/src/homework2/install/_local_setup_util_ps1.py'
[14.509s] INFO:colcon.colcon_core.shell:Creating prefix chain script '/home/asaace00/repo/me495/hw2/src/homework2/install/setup.ps1'
[14.510s] INFO:colcon.colcon_core.shell:Creating prefix script '/home/asaace00/repo/me495/hw2/src/homework2/install/local_setup.sh'
[14.511s] INFO:colcon.colcon_core.shell:Creating prefix util module '/home/asaace00/repo/me495/hw2/src/homework2/install/_local_setup_util_sh.py'
[14.511s] INFO:colcon.colcon_core.shell:Creating prefix chain script '/home/asaace00/repo/me495/hw2/src/homework2/install/setup.sh'
[14.513s] INFO:colcon.colcon_core.shell:Creating prefix script '/home/asaace00/repo/me495/hw2/src/homework2/install/local_setup.bash'
[14.514s] INFO:colcon.colcon_core.shell:Creating prefix chain script '/home/asaace00/repo/me495/hw2/src/homework2/install/setup.bash'
[14.515s] INFO:colcon.colcon_core.shell:Creating prefix script '/home/asaace00/repo/me495/hw2/src/homework2/install/local_setup.zsh'
[14.516s] INFO:colcon.colcon_core.shell:Creating prefix chain script '/home/asaace00/repo/me495/hw2/src/homework2/install/setup.zsh'
