-- The C compiler identification is GNU 13.2.0
-- The CXX compiler identification is GNU 13.2.0
-- Detecting C compiler ABI info
-- Detecting C compiler ABI info - done
-- Check for working C compiler: /usr/bin/cc - skipped
-- Detecting C compile features
-- Detecting C compile features - done
-- Detecting CXX compiler ABI info
-- Detecting CXX compiler ABI info - done
-- Check for working CXX compiler: /usr/bin/c++ - skipped
-- Detecting CXX compile features
-- Detecting CXX compile features - done
-- Found ament_cmake: 2.5.2 (/opt/ros/jazzy/share/ament_cmake/cmake)
-- Found Python3: /usr/bin/python3 (found version "3.12.3") found components: Interpreter 
-- Found rosidl_default_generators: 1.6.0 (/opt/ros/jazzy/share/rosidl_default_generators/cmake)
-- Using all available rosidl_typesupport_c: rosidl_typesupport_fastrtps_c;rosidl_typesupport_introspection_c
-- Using all available rosidl_typesupport_cpp: rosidl_typesupport_fastrtps_cpp;rosidl_typesupport_introspection_cpp
-- Found rosidl_adapter: 4.6.4 (/opt/ros/jazzy/share/rosidl_adapter/cmake)
-- Found geometry_msgs: 5.3.5 (/opt/ros/jazzy/share/geometry_msgs/cmake)
-- Found ament_cmake_ros: 0.12.0 (/opt/ros/jazzy/share/ament_cmake_ros/cmake)
-- Using all available rosidl_typesupport_c: rosidl_typesupport_fastrtps_c;rosidl_typesupport_introspection_c
-- Using all available rosidl_typesupport_cpp: rosidl_typesupport_fastrtps_cpp;rosidl_typesupport_introspection_cpp
-- Found python_cmake_module: 0.11.1 (/opt/ros/jazzy/share/python_cmake_module/cmake)
-- Found PythonExtra: /usr/bin/python3  
-- Found Python3: /usr/bin/python3 (found version "3.12.3") found components: Interpreter Development NumPy Development.Module Development.Embed 
-- Found ament_lint_auto: 0.17.1 (/opt/ros/jazzy/share/ament_lint_auto/cmake)
-- Added test 'lint_cmake' to check CMake code style
-- Added test 'xmllint' to check XML markup files
-- Configuring done (2.5s)
-- Generating done (0.0s)
-- Build files have been written to: /home/asaace00/repo/me495/hw2/src/homework2/build/turtle_brick_interfaces
[  1%] [34m[1mGenerating type hashes for ROS interfaces[0m
[  1%] Built target ament_cmake_python_copy_turtle_brick_interfaces
[  1%] Built target turtle_brick_interfaces__rosidl_generator_type_description
[  2%] [34m[1mGenerating C code for ROS interfaces[0m
running egg_info
creating turtle_brick_interfaces.egg-info
[  3%] [34m[1mGenerating C++ code for ROS interfaces[0m
writing turtle_brick_interfaces.egg-info/PKG-INFO
writing dependency_links to turtle_brick_interfaces.egg-info/dependency_links.txt
writing top-level names to turtle_brick_interfaces.egg-info/top_level.txt
writing manifest file 'turtle_brick_interfaces.egg-info/SOURCES.txt'
reading manifest file 'turtle_brick_interfaces.egg-info/SOURCES.txt'
writing manifest file 'turtle_brick_interfaces.egg-info/SOURCES.txt'
[  3%] Built target ament_cmake_python_build_turtle_brick_interfaces_egg
[  3%] Built target turtle_brick_interfaces__cpp
[  4%] [32mBuilding C object CMakeFiles/turtle_brick_interfaces__rosidl_generator_c.dir/rosidl_generator_c/turtle_brick_interfaces/srv/detail/place__functions.c.o[0m
[  5%] [32mBuilding C object CMakeFiles/turtle_brick_interfaces__rosidl_generator_c.dir/rosidl_generator_c/turtle_brick_interfaces/srv/detail/stop_gravity__type_support.c.o[0m
[  6%] [32mBuilding C object CMakeFiles/turtle_brick_interfaces__rosidl_generator_c.dir/rosidl_generator_c/turtle_brick_interfaces/srv/detail/place__type_support.c.o[0m
[  8%] [32mBuilding C object CMakeFiles/turtle_brick_interfaces__rosidl_generator_c.dir/rosidl_generator_c/turtle_brick_interfaces/msg/detail/tilt__functions.c.o[0m
[  8%] [32mBuilding C object CMakeFiles/turtle_brick_interfaces__rosidl_generator_c.dir/rosidl_generator_c/turtle_brick_interfaces/srv/detail/stop_gravity__functions.c.o[0m
[ 10%] [32mBuilding C object CMakeFiles/turtle_brick_interfaces__rosidl_generator_c.dir/rosidl_generator_c/turtle_brick_interfaces/msg/detail/tilt__description.c.o[0m
[ 10%] [32mBuilding C object CMakeFiles/turtle_brick_interfaces__rosidl_generator_c.dir/rosidl_generator_c/turtle_brick_interfaces/msg/detail/tilt__type_support.c.o[0m
[ 12%] [32mBuilding C object CMakeFiles/turtle_brick_interfaces__rosidl_generator_c.dir/rosidl_generator_c/turtle_brick_interfaces/srv/detail/provide_goal_pose__functions.c.o[0m
[ 12%] [32mBuilding C object CMakeFiles/turtle_brick_interfaces__rosidl_generator_c.dir/rosidl_generator_c/turtle_brick_interfaces/srv/detail/provide_goal_pose__description.c.o[0m
[ 13%] [32mBuilding C object CMakeFiles/turtle_brick_interfaces__rosidl_generator_c.dir/rosidl_generator_c/turtle_brick_interfaces/srv/detail/provide_goal_pose__type_support.c.o[0m
[ 14%] [32mBuilding C object CMakeFiles/turtle_brick_interfaces__rosidl_generator_c.dir/rosidl_generator_c/turtle_brick_interfaces/srv/detail/place__description.c.o[0m
[ 15%] [32mBuilding C object CMakeFiles/turtle_brick_interfaces__rosidl_generator_c.dir/rosidl_generator_c/turtle_brick_interfaces/srv/detail/stop_gravity__description.c.o[0m
[ 17%] [32mBuilding C object CMakeFiles/turtle_brick_interfaces__rosidl_generator_c.dir/rosidl_generator_c/turtle_brick_interfaces/msg/detail/turtle_location__functions.c.o[0m
[ 19%] [32mBuilding C object CMakeFiles/turtle_brick_interfaces__rosidl_generator_c.dir/rosidl_generator_c/turtle_brick_interfaces/msg/detail/brick_location__functions.c.o[0m
[ 19%] [32mBuilding C object CMakeFiles/turtle_brick_interfaces__rosidl_generator_c.dir/rosidl_generator_c/turtle_brick_interfaces/msg/detail/brick_dropped__type_support.c.o[0m
[ 20%] [32mBuilding C object CMakeFiles/turtle_brick_interfaces__rosidl_generator_c.dir/rosidl_generator_c/turtle_brick_interfaces/msg/detail/turtle_location__description.c.o[0m
[ 21%] [32mBuilding C object CMakeFiles/turtle_brick_interfaces__rosidl_generator_c.dir/rosidl_generator_c/turtle_brick_interfaces/msg/detail/turtle_location__type_support.c.o[0m
[ 22%] [32mBuilding C object CMakeFiles/turtle_brick_interfaces__rosidl_generator_c.dir/rosidl_generator_c/turtle_brick_interfaces/msg/detail/brick_location__description.c.o[0m
[ 23%] [32mBuilding C object CMakeFiles/turtle_brick_interfaces__rosidl_generator_c.dir/rosidl_generator_c/turtle_brick_interfaces/msg/detail/brick_dropped__functions.c.o[0m
[ 24%] [32mBuilding C object CMakeFiles/turtle_brick_interfaces__rosidl_generator_c.dir/rosidl_generator_c/turtle_brick_interfaces/msg/detail/brick_location__type_support.c.o[0m
[ 25%] [32mBuilding C object CMakeFiles/turtle_brick_interfaces__rosidl_generator_c.dir/rosidl_generator_c/turtle_brick_interfaces/msg/detail/brick_dropped__description.c.o[0m
[ 26%] [32m[1mLinking C shared library libturtle_brick_interfaces__rosidl_generator_c.so[0m
[ 26%] Built target turtle_brick_interfaces__rosidl_generator_c
[ 27%] [34m[1mGenerating C type support dispatch for ROS interfaces[0m
[ 28%] [34m[1mGenerating C++ type support dispatch for ROS interfaces[0m
[ 29%] [34m[1mGenerating C type support for eProsima Fast-RTPS[0m
[ 30%] [34m[1mGenerating C introspection for ROS interfaces[0m
[ 31%] [34m[1mGenerating C++ type support for eProsima Fast-RTPS[0m
[ 32%] [34m[1mGenerating C++ introspection for ROS interfaces[0m
[ 34%] [32mBuilding CXX object CMakeFiles/turtle_brick_interfaces__rosidl_typesupport_cpp.dir/rosidl_typesupport_cpp/turtle_brick_interfaces/srv/provide_goal_pose__type_support.cpp.o[0m
[ 35%] [32mBuilding CXX object CMakeFiles/turtle_brick_interfaces__rosidl_typesupport_cpp.dir/rosidl_typesupport_cpp/turtle_brick_interfaces/msg/turtle_location__type_support.cpp.o[0m
[ 36%] [32mBuilding CXX object CMakeFiles/turtle_brick_interfaces__rosidl_typesupport_cpp.dir/rosidl_typesupport_cpp/turtle_brick_interfaces/srv/place__type_support.cpp.o[0m
[ 37%] [32mBuilding CXX object CMakeFiles/turtle_brick_interfaces__rosidl_typesupport_cpp.dir/rosidl_typesupport_cpp/turtle_brick_interfaces/msg/brick_dropped__type_support.cpp.o[0m
[ 38%] [32mBuilding CXX object CMakeFiles/turtle_brick_interfaces__rosidl_typesupport_cpp.dir/rosidl_typesupport_cpp/turtle_brick_interfaces/srv/stop_gravity__type_support.cpp.o[0m
[ 39%] [32mBuilding CXX object CMakeFiles/turtle_brick_interfaces__rosidl_typesupport_cpp.dir/rosidl_typesupport_cpp/turtle_brick_interfaces/msg/tilt__type_support.cpp.o[0m
[ 40%] [32mBuilding CXX object CMakeFiles/turtle_brick_interfaces__rosidl_typesupport_cpp.dir/rosidl_typesupport_cpp/turtle_brick_interfaces/msg/brick_location__type_support.cpp.o[0m
[ 41%] [32mBuilding CXX object CMakeFiles/turtle_brick_interfaces__rosidl_typesupport_c.dir/rosidl_typesupport_c/turtle_brick_interfaces/srv/place__type_support.cpp.o[0m
[ 42%] [32mBuilding CXX object CMakeFiles/turtle_brick_interfaces__rosidl_typesupport_c.dir/rosidl_typesupport_c/turtle_brick_interfaces/msg/brick_dropped__type_support.cpp.o[0m
[ 43%] [32mBuilding CXX object CMakeFiles/turtle_brick_interfaces__rosidl_typesupport_c.dir/rosidl_typesupport_c/turtle_brick_interfaces/srv/provide_goal_pose__type_support.cpp.o[0m
[ 45%] [32mBuilding CXX object CMakeFiles/turtle_brick_interfaces__rosidl_typesupport_c.dir/rosidl_typesupport_c/turtle_brick_interfaces/msg/brick_location__type_support.cpp.o[0m
[ 45%] [32mBuilding CXX object CMakeFiles/turtle_brick_interfaces__rosidl_typesupport_c.dir/rosidl_typesupport_c/turtle_brick_interfaces/srv/stop_gravity__type_support.cpp.o[0m
[ 46%] [32mBuilding CXX object CMakeFiles/turtle_brick_interfaces__rosidl_typesupport_c.dir/rosidl_typesupport_c/turtle_brick_interfaces/msg/tilt__type_support.cpp.o[0m
[ 47%] [32mBuilding CXX object CMakeFiles/turtle_brick_interfaces__rosidl_typesupport_c.dir/rosidl_typesupport_c/turtle_brick_interfaces/msg/turtle_location__type_support.cpp.o[0m
[ 48%] [32mBuilding CXX object CMakeFiles/turtle_brick_interfaces__rosidl_typesupport_introspection_cpp.dir/rosidl_typesupport_introspection_cpp/turtle_brick_interfaces/srv/detail/provide_goal_pose__type_support.cpp.o[0m
[ 50%] [32mBuilding CXX object CMakeFiles/turtle_brick_interfaces__rosidl_typesupport_introspection_cpp.dir/rosidl_typesupport_introspection_cpp/turtle_brick_interfaces/srv/detail/place__type_support.cpp.o[0m
[ 51%] [32mBuilding CXX object CMakeFiles/turtle_brick_interfaces__rosidl_typesupport_introspection_cpp.dir/rosidl_typesupport_introspection_cpp/turtle_brick_interfaces/msg/detail/tilt__type_support.cpp.o[0m
[ 52%] [32mBuilding CXX object CMakeFiles/turtle_brick_interfaces__rosidl_typesupport_introspection_cpp.dir/rosidl_typesupport_introspection_cpp/turtle_brick_interfaces/msg/detail/brick_location__type_support.cpp.o[0m
[ 53%] [32mBuilding CXX object CMakeFiles/turtle_brick_interfaces__rosidl_typesupport_introspection_cpp.dir/rosidl_typesupport_introspection_cpp/turtle_brick_interfaces/srv/detail/stop_gravity__type_support.cpp.o[0m
[ 54%] [32mBuilding CXX object CMakeFiles/turtle_brick_interfaces__rosidl_typesupport_introspection_cpp.dir/rosidl_typesupport_introspection_cpp/turtle_brick_interfaces/msg/detail/turtle_location__type_support.cpp.o[0m
[ 55%] [32mBuilding CXX object CMakeFiles/turtle_brick_interfaces__rosidl_typesupport_introspection_cpp.dir/rosidl_typesupport_introspection_cpp/turtle_brick_interfaces/msg/detail/brick_dropped__type_support.cpp.o[0m
[ 56%] [32m[1mLinking CXX shared library libturtle_brick_interfaces__rosidl_typesupport_c.so[0m
[ 57%] [32mBuilding C object CMakeFiles/turtle_brick_interfaces__rosidl_typesupport_introspection_c.dir/rosidl_typesupport_introspection_c/turtle_brick_interfaces/srv/detail/provide_goal_pose__type_support.c.o[0m
[ 60%] [32mBuilding C object CMakeFiles/turtle_brick_interfaces__rosidl_typesupport_introspection_c.dir/rosidl_typesupport_introspection_c/turtle_brick_interfaces/srv/detail/stop_gravity__type_support.c.o[0m
[ 60%] [32mBuilding C object CMakeFiles/turtle_brick_interfaces__rosidl_typesupport_introspection_c.dir/rosidl_typesupport_introspection_c/turtle_brick_interfaces/msg/detail/tilt__type_support.c.o[0m
[ 58%] [32mBuilding C object CMakeFiles/turtle_brick_interfaces__rosidl_typesupport_introspection_c.dir/rosidl_typesupport_introspection_c/turtle_brick_interfaces/srv/detail/place__type_support.c.o[0m
[ 62%] [32mBuilding C object CMakeFiles/turtle_brick_interfaces__rosidl_typesupport_introspection_c.dir/rosidl_typesupport_introspection_c/turtle_brick_interfaces/msg/detail/turtle_location__type_support.c.o[0m
[ 62%] [32mBuilding C object CMakeFiles/turtle_brick_interfaces__rosidl_typesupport_introspection_c.dir/rosidl_typesupport_introspection_c/turtle_brick_interfaces/msg/detail/brick_location__type_support.c.o[0m
[ 63%] [32mBuilding C object CMakeFiles/turtle_brick_interfaces__rosidl_typesupport_introspection_c.dir/rosidl_typesupport_introspection_c/turtle_brick_interfaces/msg/detail/brick_dropped__type_support.c.o[0m
[ 63%] Built target turtle_brick_interfaces__rosidl_typesupport_c
[ 64%] [32m[1mLinking C shared library libturtle_brick_interfaces__rosidl_typesupport_introspection_c.so[0m
[ 65%] [32mBuilding CXX object CMakeFiles/turtle_brick_interfaces__rosidl_typesupport_fastrtps_cpp.dir/rosidl_typesupport_fastrtps_cpp/turtle_brick_interfaces/msg/detail/dds_fastrtps/tilt__type_support.cpp.o[0m
[ 65%] Built target turtle_brick_interfaces__rosidl_typesupport_introspection_c
[ 68%] [32mBuilding CXX object CMakeFiles/turtle_brick_interfaces__rosidl_typesupport_fastrtps_cpp.dir/rosidl_typesupport_fastrtps_cpp/turtle_brick_interfaces/srv/detail/dds_fastrtps/provide_goal_pose__type_support.cpp.o[0m
[ 68%] [32mBuilding CXX object CMakeFiles/turtle_brick_interfaces__rosidl_typesupport_fastrtps_cpp.dir/rosidl_typesupport_fastrtps_cpp/turtle_brick_interfaces/srv/detail/dds_fastrtps/place__type_support.cpp.o[0m
[ 69%] [32mBuilding CXX object CMakeFiles/turtle_brick_interfaces__rosidl_typesupport_fastrtps_cpp.dir/rosidl_typesupport_fastrtps_cpp/turtle_brick_interfaces/srv/detail/dds_fastrtps/stop_gravity__type_support.cpp.o[0m
[ 70%] [32mBuilding CXX object CMakeFiles/turtle_brick_interfaces__rosidl_typesupport_fastrtps_cpp.dir/rosidl_typesupport_fastrtps_cpp/turtle_brick_interfaces/msg/detail/dds_fastrtps/turtle_location__type_support.cpp.o[0m
[ 71%] [32mBuilding CXX object CMakeFiles/turtle_brick_interfaces__rosidl_typesupport_fastrtps_cpp.dir/rosidl_typesupport_fastrtps_cpp/turtle_brick_interfaces/msg/detail/dds_fastrtps/brick_dropped__type_support.cpp.o[0m
[ 72%] [32mBuilding CXX object CMakeFiles/turtle_brick_interfaces__rosidl_typesupport_fastrtps_cpp.dir/rosidl_typesupport_fastrtps_cpp/turtle_brick_interfaces/msg/detail/dds_fastrtps/brick_location__type_support.cpp.o[0m
[ 73%] [32mBuilding CXX object CMakeFiles/turtle_brick_interfaces__rosidl_typesupport_fastrtps_c.dir/rosidl_typesupport_fastrtps_c/turtle_brick_interfaces/srv/detail/provide_goal_pose__type_support_c.cpp.o[0m
[ 74%] [32mBuilding CXX object CMakeFiles/turtle_brick_interfaces__rosidl_typesupport_fastrtps_c.dir/rosidl_typesupport_fastrtps_c/turtle_brick_interfaces/srv/detail/place__type_support_c.cpp.o[0m
[ 75%] [32mBuilding CXX object CMakeFiles/turtle_brick_interfaces__rosidl_typesupport_fastrtps_c.dir/rosidl_typesupport_fastrtps_c/turtle_brick_interfaces/srv/detail/stop_gravity__type_support_c.cpp.o[0m
[ 76%] [32mBuilding CXX object CMakeFiles/turtle_brick_interfaces__rosidl_typesupport_fastrtps_c.dir/rosidl_typesupport_fastrtps_c/turtle_brick_interfaces/msg/detail/turtle_location__type_support_c.cpp.o[0m
[ 77%] [32mBuilding CXX object CMakeFiles/turtle_brick_interfaces__rosidl_typesupport_fastrtps_c.dir/rosidl_typesupport_fastrtps_c/turtle_brick_interfaces/msg/detail/brick_location__type_support_c.cpp.o[0m
[ 78%] [32mBuilding CXX object CMakeFiles/turtle_brick_interfaces__rosidl_typesupport_fastrtps_c.dir/rosidl_typesupport_fastrtps_c/turtle_brick_interfaces/msg/detail/tilt__type_support_c.cpp.o[0m
[ 79%] [32mBuilding CXX object CMakeFiles/turtle_brick_interfaces__rosidl_typesupport_fastrtps_c.dir/rosidl_typesupport_fastrtps_c/turtle_brick_interfaces/msg/detail/brick_dropped__type_support_c.cpp.o[0m
[ 80%] [32m[1mLinking CXX shared library libturtle_brick_interfaces__rosidl_typesupport_cpp.so[0m
[ 80%] Built target turtle_brick_interfaces__rosidl_typesupport_cpp
[ 81%] [32m[1mLinking CXX shared library libturtle_brick_interfaces__rosidl_typesupport_introspection_cpp.so[0m
[ 81%] Built target turtle_brick_interfaces__rosidl_typesupport_introspection_cpp
[ 82%] [32m[1mLinking CXX shared library libturtle_brick_interfaces__rosidl_typesupport_fastrtps_c.so[0m
[ 82%] Built target turtle_brick_interfaces__rosidl_typesupport_fastrtps_c
[ 84%] [32m[1mLinking CXX shared library libturtle_brick_interfaces__rosidl_typesupport_fastrtps_cpp.so[0m
[ 84%] Built target turtle_brick_interfaces__rosidl_typesupport_fastrtps_cpp
[ 84%] Built target turtle_brick_interfaces
[ 85%] [34m[1mGenerating Python code for ROS interfaces[0m
[ 85%] Built target turtle_brick_interfaces__py
[ 86%] [32mBuilding C object CMakeFiles/turtle_brick_interfaces__rosidl_generator_py.dir/rosidl_generator_py/turtle_brick_interfaces/srv/_provide_goal_pose_s.c.o[0m
[ 87%] [32mBuilding C object CMakeFiles/turtle_brick_interfaces__rosidl_generator_py.dir/rosidl_generator_py/turtle_brick_interfaces/srv/_place_s.c.o[0m
[ 90%] [32mBuilding C object CMakeFiles/turtle_brick_interfaces__rosidl_generator_py.dir/rosidl_generator_py/turtle_brick_interfaces/msg/_tilt_s.c.o[0m
[ 90%] [32mBuilding C object CMakeFiles/turtle_brick_interfaces__rosidl_generator_py.dir/rosidl_generator_py/turtle_brick_interfaces/srv/_stop_gravity_s.c.o[0m
[ 90%] [32mBuilding C object CMakeFiles/turtle_brick_interfaces__rosidl_generator_py.dir/rosidl_generator_py/turtle_brick_interfaces/msg/_brick_dropped_s.c.o[0m
[ 91%] [32mBuilding C object CMakeFiles/turtle_brick_interfaces__rosidl_generator_py.dir/rosidl_generator_py/turtle_brick_interfaces/msg/_turtle_location_s.c.o[0m
[ 92%] [32mBuilding C object CMakeFiles/turtle_brick_interfaces__rosidl_generator_py.dir/rosidl_generator_py/turtle_brick_interfaces/msg/_brick_location_s.c.o[0m
[ 93%] [32m[1mLinking C shared library libturtle_brick_interfaces__rosidl_generator_py.so[0m
[ 93%] Built target turtle_brick_interfaces__rosidl_generator_py
[ 94%] [32mBuilding C object CMakeFiles/turtle_brick_interfaces_s__rosidl_typesupport_fastrtps_c.dir/rosidl_generator_py/turtle_brick_interfaces/_turtle_brick_interfaces_s.ep.rosidl_typesupport_fastrtps_c.c.o[0m
[ 95%] [32mBuilding C object CMakeFiles/turtle_brick_interfaces_s__rosidl_typesupport_introspection_c.dir/rosidl_generator_py/turtle_brick_interfaces/_turtle_brick_interfaces_s.ep.rosidl_typesupport_introspection_c.c.o[0m
[ 96%] [32mBuilding C object CMakeFiles/turtle_brick_interfaces_s__rosidl_typesupport_c.dir/rosidl_generator_py/turtle_brick_interfaces/_turtle_brick_interfaces_s.ep.rosidl_typesupport_c.c.o[0m
[ 97%] [32m[1mLinking C shared module rosidl_generator_py/turtle_brick_interfaces/turtle_brick_interfaces_s__rosidl_typesupport_c.so[0m
[ 98%] [32m[1mLinking C shared module rosidl_generator_py/turtle_brick_interfaces/turtle_brick_interfaces_s__rosidl_typesupport_fastrtps_c.so[0m
[100%] [32m[1mLinking C shared module rosidl_generator_py/turtle_brick_interfaces/turtle_brick_interfaces_s__rosidl_typesupport_introspection_c.so[0m
[100%] Built target turtle_brick_interfaces_s__rosidl_typesupport_fastrtps_c
[100%] Built target turtle_brick_interfaces_s__rosidl_typesupport_c
[100%] Built target turtle_brick_interfaces_s__rosidl_typesupport_introspection_c
-- Install configuration: ""
-- Installing: /home/asaace00/repo/me495/hw2/src/homework2/install/turtle_brick_interfaces/share/ament_index/resource_index/rosidl_interfaces/turtle_brick_interfaces
-- Installing: /home/asaace00/repo/me495/hw2/src/homework2/install/turtle_brick_interfaces/share/turtle_brick_interfaces/srv/ProvideGoalPose.json
-- Installing: /home/asaace00/repo/me495/hw2/src/homework2/install/turtle_brick_interfaces/share/turtle_brick_interfaces/srv/Place.json
-- Installing: /home/asaace00/repo/me495/hw2/src/homework2/install/turtle_brick_interfaces/share/turtle_brick_interfaces/srv/StopGravity.json
-- Installing: /home/asaace00/repo/me495/hw2/src/homework2/install/turtle_brick_interfaces/share/turtle_brick_interfaces/msg/Tilt.json
-- Installing: /home/asaace00/repo/me495/hw2/src/homework2/install/turtle_brick_interfaces/share/turtle_brick_interfaces/msg/TurtleLocation.json
-- Installing: /home/asaace00/repo/me495/hw2/src/homework2/install/turtle_brick_interfaces/share/turtle_brick_interfaces/msg/BrickLocation.json
-- Installing: /home/asaace00/repo/me495/hw2/src/homework2/install/turtle_brick_interfaces/share/turtle_brick_interfaces/msg/BrickDropped.json
-- Installing: /home/asaace00/repo/me495/hw2/src/homework2/install/turtle_brick_interfaces/include/turtle_brick_interfaces/turtle_brick_interfaces
-- Installing: /home/asaace00/repo/me495/hw2/src/homework2/install/turtle_brick_interfaces/include/turtle_brick_interfaces/turtle_brick_interfaces/srv
-- Installing: /home/asaace00/repo/me495/hw2/src/homework2/install/turtle_brick_interfaces/include/turtle_brick_interfaces/turtle_brick_interfaces/srv/provide_goal_pose.h
-- Installing: /home/asaace00/repo/me495/hw2/src/homework2/install/turtle_brick_interfaces/include/turtle_brick_interfaces/turtle_brick_interfaces/srv/place.h
-- Installing: /home/asaace00/repo/me495/hw2/src/homework2/install/turtle_brick_interfaces/include/turtle_brick_interfaces/turtle_brick_interfaces/srv/stop_gravity.h
-- Installing: /home/asaace00/repo/me495/hw2/src/homework2/install/turtle_brick_interfaces/include/turtle_brick_interfaces/turtle_brick_interfaces/srv/detail
-- Installing: /home/asaace00/repo/me495/hw2/src/homework2/install/turtle_brick_interfaces/include/turtle_brick_interfaces/turtle_brick_interfaces/srv/detail/stop_gravity__functions.h
-- Installing: /home/asaace00/repo/me495/hw2/src/homework2/install/turtle_brick_interfaces/include/turtle_brick_interfaces/turtle_brick_interfaces/srv/detail/place__description.c
-- Installing: /home/asaace00/repo/me495/hw2/src/homework2/install/turtle_brick_interfaces/include/turtle_brick_interfaces/turtle_brick_interfaces/srv/detail/provide_goal_pose__functions.h
-- Installing: /home/asaace00/repo/me495/hw2/src/homework2/install/turtle_brick_interfaces/include/turtle_brick_interfaces/turtle_brick_interfaces/srv/detail/provide_goal_pose__struct.h
-- Installing: /home/asaace00/repo/me495/hw2/src/homework2/install/turtle_brick_interfaces/include/turtle_brick_interfaces/turtle_brick_interfaces/srv/detail/provide_goal_pose__type_support.c
-- Installing: /home/asaace00/repo/me495/hw2/src/homework2/install/turtle_brick_interfaces/include/turtle_brick_interfaces/turtle_brick_interfaces/srv/detail/provide_goal_pose__type_support.h
-- Installing: /home/asaace00/repo/me495/hw2/src/homework2/install/turtle_brick_interfaces/include/turtle_brick_interfaces/turtle_brick_interfaces/srv/detail/stop_gravity__description.c
-- Installing: /home/asaace00/repo/me495/hw2/src/homework2/install/turtle_brick_interfaces/include/turtle_brick_interfaces/turtle_brick_interfaces/srv/detail/provide_goal_pose__functions.c
-- Installing: /home/asaace00/repo/me495/hw2/src/homework2/install/turtle_brick_interfaces/include/turtle_brick_interfaces/turtle_brick_interfaces/srv/detail/place__struct.h
-- Installing: /home/asaace00/repo/me495/hw2/src/homework2/install/turtle_brick_interfaces/include/turtle_brick_interfaces/turtle_brick_interfaces/srv/detail/stop_gravity__type_support.c
-- Installing: /home/asaace00/repo/me495/hw2/src/homework2/install/turtle_brick_interfaces/include/turtle_brick_interfaces/turtle_brick_interfaces/srv/detail/place__type_support.h
-- Installing: /home/asaace00/repo/me495/hw2/src/homework2/install/turtle_brick_interfaces/include/turtle_brick_interfaces/turtle_brick_interfaces/srv/detail/stop_gravity__struct.h
-- Installing: /home/asaace00/repo/me495/hw2/src/homework2/install/turtle_brick_interfaces/include/turtle_brick_interfaces/turtle_brick_interfaces/srv/detail/place__functions.h
-- Installing: /home/asaace00/repo/me495/hw2/src/homework2/install/turtle_brick_interfaces/include/turtle_brick_interfaces/turtle_brick_interfaces/srv/detail/place__functions.c
-- Installing: /home/asaace00/repo/me495/hw2/src/homework2/install/turtle_brick_interfaces/include/turtle_brick_interfaces/turtle_brick_interfaces/srv/detail/stop_gravity__functions.c
-- Installing: /home/asaace00/repo/me495/hw2/src/homework2/install/turtle_brick_interfaces/include/turtle_brick_interfaces/turtle_brick_interfaces/srv/detail/stop_gravity__type_support.h
-- Installing: /home/asaace00/repo/me495/hw2/src/homework2/install/turtle_brick_interfaces/include/turtle_brick_interfaces/turtle_brick_interfaces/srv/detail/place__type_support.c
-- Installing: /home/asaace00/repo/me495/hw2/src/homework2/install/turtle_brick_interfaces/include/turtle_brick_interfaces/turtle_brick_interfaces/srv/detail/provide_goal_pose__description.c
-- Installing: /home/asaace00/repo/me495/hw2/src/homework2/install/turtle_brick_interfaces/include/turtle_brick_interfaces/turtle_brick_interfaces/msg
-- Installing: /home/asaace00/repo/me495/hw2/src/homework2/install/turtle_brick_interfaces/include/turtle_brick_interfaces/turtle_brick_interfaces/msg/brick_location.h
-- Installing: /home/asaace00/repo/me495/hw2/src/homework2/install/turtle_brick_interfaces/include/turtle_brick_interfaces/turtle_brick_interfaces/msg/rosidl_generator_c__visibility_control.h
-- Installing: /home/asaace00/repo/me495/hw2/src/homework2/install/turtle_brick_interfaces/include/turtle_brick_interfaces/turtle_brick_interfaces/msg/turtle_location.h
-- Installing: /home/asaace00/repo/me495/hw2/src/homework2/install/turtle_brick_interfaces/include/turtle_brick_interfaces/turtle_brick_interfaces/msg/brick_dropped.h
-- Installing: /home/asaace00/repo/me495/hw2/src/homework2/install/turtle_brick_interfaces/include/turtle_brick_interfaces/turtle_brick_interfaces/msg/tilt.h
-- Installing: /home/asaace00/repo/me495/hw2/src/homework2/install/turtle_brick_interfaces/include/turtle_brick_interfaces/turtle_brick_interfaces/msg/detail
-- Installing: /home/asaace00/repo/me495/hw2/src/homework2/install/turtle_brick_interfaces/include/turtle_brick_interfaces/turtle_brick_interfaces/msg/detail/brick_dropped__type_support.c
-- Installing: /home/asaace00/repo/me495/hw2/src/homework2/install/turtle_brick_interfaces/include/turtle_brick_interfaces/turtle_brick_interfaces/msg/detail/brick_location__functions.h
-- Installing: /home/asaace00/repo/me495/hw2/src/homework2/install/turtle_brick_interfaces/include/turtle_brick_interfaces/turtle_brick_interfaces/msg/detail/turtle_location__functions.h
-- Installing: /home/asaace00/repo/me495/hw2/src/homework2/install/turtle_brick_interfaces/include/turtle_brick_interfaces/turtle_brick_interfaces/msg/detail/turtle_location__functions.c
-- Installing: /home/asaace00/repo/me495/hw2/src/homework2/install/turtle_brick_interfaces/include/turtle_brick_interfaces/turtle_brick_interfaces/msg/detail/brick_dropped__functions.c
-- Installing: /home/asaace00/repo/me495/hw2/src/homework2/install/turtle_brick_interfaces/include/turtle_brick_interfaces/turtle_brick_interfaces/msg/detail/brick_location__type_support.c
-- Installing: /home/asaace00/repo/me495/hw2/src/homework2/install/turtle_brick_interfaces/include/turtle_brick_interfaces/turtle_brick_interfaces/msg/detail/brick_location__struct.h
-- Installing: /home/asaace00/repo/me495/hw2/src/homework2/install/turtle_brick_interfaces/include/turtle_brick_interfaces/turtle_brick_interfaces/msg/detail/turtle_location__struct.h
-- Installing: /home/asaace00/repo/me495/hw2/src/homework2/install/turtle_brick_interfaces/include/turtle_brick_interfaces/turtle_brick_interfaces/msg/detail/tilt__description.c
-- Installing: /home/asaace00/repo/me495/hw2/src/homework2/install/turtle_brick_interfaces/include/turtle_brick_interfaces/turtle_brick_interfaces/msg/detail/turtle_location__type_support.c
-- Installing: /home/asaace00/repo/me495/hw2/src/homework2/install/turtle_brick_interfaces/include/turtle_brick_interfaces/turtle_brick_interfaces/msg/detail/brick_dropped__struct.h
-- Installing: /home/asaace00/repo/me495/hw2/src/homework2/install/turtle_brick_interfaces/include/turtle_brick_interfaces/turtle_brick_interfaces/msg/detail/tilt__type_support.c
-- Installing: /home/asaace00/repo/me495/hw2/src/homework2/install/turtle_brick_interfaces/include/turtle_brick_interfaces/turtle_brick_interfaces/msg/detail/tilt__type_support.h
-- Installing: /home/asaace00/repo/me495/hw2/src/homework2/install/turtle_brick_interfaces/include/turtle_brick_interfaces/turtle_brick_interfaces/msg/detail/turtle_location__type_support.h
-- Installing: /home/asaace00/repo/me495/hw2/src/homework2/install/turtle_brick_interfaces/include/turtle_brick_interfaces/turtle_brick_interfaces/msg/detail/tilt__struct.h
-- Installing: /home/asaace00/repo/me495/hw2/src/homework2/install/turtle_brick_interfaces/include/turtle_brick_interfaces/turtle_brick_interfaces/msg/detail/brick_location__description.c
-- Installing: /home/asaace00/repo/me495/hw2/src/homework2/install/turtle_brick_interfaces/include/turtle_brick_interfaces/turtle_brick_interfaces/msg/detail/brick_dropped__type_support.h
-- Installing: /home/asaace00/repo/me495/hw2/src/homework2/install/turtle_brick_interfaces/include/turtle_brick_interfaces/turtle_brick_interfaces/msg/detail/tilt__functions.h
-- Installing: /home/asaace00/repo/me495/hw2/src/homework2/install/turtle_brick_interfaces/include/turtle_brick_interfaces/turtle_brick_interfaces/msg/detail/turtle_location__description.c
-- Installing: /home/asaace00/repo/me495/hw2/src/homework2/install/turtle_brick_interfaces/include/turtle_brick_interfaces/turtle_brick_interfaces/msg/detail/brick_location__functions.c
-- Installing: /home/asaace00/repo/me495/hw2/src/homework2/install/turtle_brick_interfaces/include/turtle_brick_interfaces/turtle_brick_interfaces/msg/detail/brick_location__type_support.h
-- Installing: /home/asaace00/repo/me495/hw2/src/homework2/install/turtle_brick_interfaces/include/turtle_brick_interfaces/turtle_brick_interfaces/msg/detail/brick_dropped__functions.h
-- Installing: /home/asaace00/repo/me495/hw2/src/homework2/install/turtle_brick_interfaces/include/turtle_brick_interfaces/turtle_brick_interfaces/msg/detail/brick_dropped__description.c
-- Installing: /home/asaace00/repo/me495/hw2/src/homework2/install/turtle_brick_interfaces/include/turtle_brick_interfaces/turtle_brick_interfaces/msg/detail/tilt__functions.c
-- Installing: /home/asaace00/repo/me495/hw2/src/homework2/install/turtle_brick_interfaces/share/turtle_brick_interfaces/environment/library_path.sh
-- Installing: /home/asaace00/repo/me495/hw2/src/homework2/install/turtle_brick_interfaces/share/turtle_brick_interfaces/environment/library_path.dsv
-- Installing: /home/asaace00/repo/me495/hw2/src/homework2/install/turtle_brick_interfaces/lib/libturtle_brick_interfaces__rosidl_generator_c.so
-- Set non-toolchain portion of runtime path of "/home/asaace00/repo/me495/hw2/src/homework2/install/turtle_brick_interfaces/lib/libturtle_brick_interfaces__rosidl_generator_c.so" to ""
-- Up-to-date: /home/asaace00/repo/me495/hw2/src/homework2/install/turtle_brick_interfaces/include/turtle_brick_interfaces/turtle_brick_interfaces
-- Up-to-date: /home/asaace00/repo/me495/hw2/src/homework2/install/turtle_brick_interfaces/include/turtle_brick_interfaces/turtle_brick_interfaces/srv
-- Up-to-date: /home/asaace00/repo/me495/hw2/src/homework2/install/turtle_brick_interfaces/include/turtle_brick_interfaces/turtle_brick_interfaces/srv/detail
-- Installing: /home/asaace00/repo/me495/hw2/src/homework2/install/turtle_brick_interfaces/include/turtle_brick_interfaces/turtle_brick_interfaces/srv/detail/stop_gravity__rosidl_typesupport_fastrtps_c.h
-- Installing: /home/asaace00/repo/me495/hw2/src/homework2/install/turtle_brick_interfaces/include/turtle_brick_interfaces/turtle_brick_interfaces/srv/detail/place__rosidl_typesupport_fastrtps_c.h
-- Installing: /home/asaace00/repo/me495/hw2/src/homework2/install/turtle_brick_interfaces/include/turtle_brick_interfaces/turtle_brick_interfaces/srv/detail/provide_goal_pose__rosidl_typesupport_fastrtps_c.h
-- Up-to-date: /home/asaace00/repo/me495/hw2/src/homework2/install/turtle_brick_interfaces/include/turtle_brick_interfaces/turtle_brick_interfaces/msg
-- Installing: /home/asaace00/repo/me495/hw2/src/homework2/install/turtle_brick_interfaces/include/turtle_brick_interfaces/turtle_brick_interfaces/msg/rosidl_typesupport_fastrtps_c__visibility_control.h
-- Up-to-date: /home/asaace00/repo/me495/hw2/src/homework2/install/turtle_brick_interfaces/include/turtle_brick_interfaces/turtle_brick_interfaces/msg/detail
-- Installing: /home/asaace00/repo/me495/hw2/src/homework2/install/turtle_brick_interfaces/include/turtle_brick_interfaces/turtle_brick_interfaces/msg/detail/brick_location__rosidl_typesupport_fastrtps_c.h
-- Installing: /home/asaace00/repo/me495/hw2/src/homework2/install/turtle_brick_interfaces/include/turtle_brick_interfaces/turtle_brick_interfaces/msg/detail/tilt__rosidl_typesupport_fastrtps_c.h
-- Installing: /home/asaace00/repo/me495/hw2/src/homework2/install/turtle_brick_interfaces/include/turtle_brick_interfaces/turtle_brick_interfaces/msg/detail/turtle_location__rosidl_typesupport_fastrtps_c.h
-- Installing: /home/asaace00/repo/me495/hw2/src/homework2/install/turtle_brick_interfaces/include/turtle_brick_interfaces/turtle_brick_interfaces/msg/detail/brick_dropped__rosidl_typesupport_fastrtps_c.h
-- Installing: /home/asaace00/repo/me495/hw2/src/homework2/install/turtle_brick_interfaces/lib/libturtle_brick_interfaces__rosidl_typesupport_fastrtps_c.so
-- Set non-toolchain portion of runtime path of "/home/asaace00/repo/me495/hw2/src/homework2/install/turtle_brick_interfaces/lib/libturtle_brick_interfaces__rosidl_typesupport_fastrtps_c.so" to ""
-- Up-to-date: /home/asaace00/repo/me495/hw2/src/homework2/install/turtle_brick_interfaces/include/turtle_brick_interfaces/turtle_brick_interfaces
-- Up-to-date: /home/asaace00/repo/me495/hw2/src/homework2/install/turtle_brick_interfaces/include/turtle_brick_interfaces/turtle_brick_interfaces/srv
-- Up-to-date: /home/asaace00/repo/me495/hw2/src/homework2/install/turtle_brick_interfaces/include/turtle_brick_interfaces/turtle_brick_interfaces/srv/detail
-- Up-to-date: /home/asaace00/repo/me495/hw2/src/homework2/install/turtle_brick_interfaces/include/turtle_brick_interfaces/turtle_brick_interfaces/srv/detail/provide_goal_pose__type_support.c
-- Installing: /home/asaace00/repo/me495/hw2/src/homework2/install/turtle_brick_interfaces/include/turtle_brick_interfaces/turtle_brick_interfaces/srv/detail/place__rosidl_typesupport_introspection_c.h
-- Installing: /home/asaace00/repo/me495/hw2/src/homework2/install/turtle_brick_interfaces/include/turtle_brick_interfaces/turtle_brick_interfaces/srv/detail/stop_gravity__rosidl_typesupport_introspection_c.h
-- Up-to-date: /home/asaace00/repo/me495/hw2/src/homework2/install/turtle_brick_interfaces/include/turtle_brick_interfaces/turtle_brick_interfaces/srv/detail/stop_gravity__type_support.c
-- Up-to-date: /home/asaace00/repo/me495/hw2/src/homework2/install/turtle_brick_interfaces/include/turtle_brick_interfaces/turtle_brick_interfaces/srv/detail/place__type_support.c
-- Installing: /home/asaace00/repo/me495/hw2/src/homework2/install/turtle_brick_interfaces/include/turtle_brick_interfaces/turtle_brick_interfaces/srv/detail/provide_goal_pose__rosidl_typesupport_introspection_c.h
-- Up-to-date: /home/asaace00/repo/me495/hw2/src/homework2/install/turtle_brick_interfaces/include/turtle_brick_interfaces/turtle_brick_interfaces/msg
-- Installing: /home/asaace00/repo/me495/hw2/src/homework2/install/turtle_brick_interfaces/include/turtle_brick_interfaces/turtle_brick_interfaces/msg/rosidl_typesupport_introspection_c__visibility_control.h
-- Up-to-date: /home/asaace00/repo/me495/hw2/src/homework2/install/turtle_brick_interfaces/include/turtle_brick_interfaces/turtle_brick_interfaces/msg/detail
-- Up-to-date: /home/asaace00/repo/me495/hw2/src/homework2/install/turtle_brick_interfaces/include/turtle_brick_interfaces/turtle_brick_interfaces/msg/detail/brick_dropped__type_support.c
-- Installing: /home/asaace00/repo/me495/hw2/src/homework2/install/turtle_brick_interfaces/include/turtle_brick_interfaces/turtle_brick_interfaces/msg/detail/brick_location__rosidl_typesupport_introspection_c.h
-- Installing: /home/asaace00/repo/me495/hw2/src/homework2/install/turtle_brick_interfaces/include/turtle_brick_interfaces/turtle_brick_interfaces/msg/detail/brick_dropped__rosidl_typesupport_introspection_c.h
-- Up-to-date: /home/asaace00/repo/me495/hw2/src/homework2/install/turtle_brick_interfaces/include/turtle_brick_interfaces/turtle_brick_interfaces/msg/detail/brick_location__type_support.c
-- Installing: /home/asaace00/repo/me495/hw2/src/homework2/install/turtle_brick_interfaces/include/turtle_brick_interfaces/turtle_brick_interfaces/msg/detail/turtle_location__rosidl_typesupport_introspection_c.h
-- Installing: /home/asaace00/repo/me495/hw2/src/homework2/install/turtle_brick_interfaces/include/turtle_brick_interfaces/turtle_brick_interfaces/msg/detail/tilt__rosidl_typesupport_introspection_c.h
-- Up-to-date: /home/asaace00/repo/me495/hw2/src/homework2/install/turtle_brick_interfaces/include/turtle_brick_interfaces/turtle_brick_interfaces/msg/detail/turtle_location__type_support.c
-- Up-to-date: /home/asaace00/repo/me495/hw2/src/homework2/install/turtle_brick_interfaces/include/turtle_brick_interfaces/turtle_brick_interfaces/msg/detail/tilt__type_support.c
-- Installing: /home/asaace00/repo/me495/hw2/src/homework2/install/turtle_brick_interfaces/lib/libturtle_brick_interfaces__rosidl_typesupport_introspection_c.so
-- Set non-toolchain portion of runtime path of "/home/asaace00/repo/me495/hw2/src/homework2/install/turtle_brick_interfaces/lib/libturtle_brick_interfaces__rosidl_typesupport_introspection_c.so" to ""
-- Installing: /home/asaace00/repo/me495/hw2/src/homework2/install/turtle_brick_interfaces/lib/libturtle_brick_interfaces__rosidl_typesupport_c.so
-- Set non-toolchain portion of runtime path of "/home/asaace00/repo/me495/hw2/src/homework2/install/turtle_brick_interfaces/lib/libturtle_brick_interfaces__rosidl_typesupport_c.so" to ""
-- Up-to-date: /home/asaace00/repo/me495/hw2/src/homework2/install/turtle_brick_interfaces/include/turtle_brick_interfaces/turtle_brick_interfaces
-- Up-to-date: /home/asaace00/repo/me495/hw2/src/homework2/install/turtle_brick_interfaces/include/turtle_brick_interfaces/turtle_brick_interfaces/srv
-- Installing: /home/asaace00/repo/me495/hw2/src/homework2/install/turtle_brick_interfaces/include/turtle_brick_interfaces/turtle_brick_interfaces/srv/provide_goal_pose.hpp
-- Installing: /home/asaace00/repo/me495/hw2/src/homework2/install/turtle_brick_interfaces/include/turtle_brick_interfaces/turtle_brick_interfaces/srv/stop_gravity.hpp
-- Installing: /home/asaace00/repo/me495/hw2/src/homework2/install/turtle_brick_interfaces/include/turtle_brick_interfaces/turtle_brick_interfaces/srv/place.hpp
-- Up-to-date: /home/asaace00/repo/me495/hw2/src/homework2/install/turtle_brick_interfaces/include/turtle_brick_interfaces/turtle_brick_interfaces/srv/detail
-- Installing: /home/asaace00/repo/me495/hw2/src/homework2/install/turtle_brick_interfaces/include/turtle_brick_interfaces/turtle_brick_interfaces/srv/detail/stop_gravity__builder.hpp
-- Installing: /home/asaace00/repo/me495/hw2/src/homework2/install/turtle_brick_interfaces/include/turtle_brick_interfaces/turtle_brick_interfaces/srv/detail/provide_goal_pose__type_support.hpp
-- Installing: /home/asaace00/repo/me495/hw2/src/homework2/install/turtle_brick_interfaces/include/turtle_brick_interfaces/turtle_brick_interfaces/srv/detail/place__traits.hpp
-- Installing: /home/asaace00/repo/me495/hw2/src/homework2/install/turtle_brick_interfaces/include/turtle_brick_interfaces/turtle_brick_interfaces/srv/detail/stop_gravity__traits.hpp
-- Installing: /home/asaace00/repo/me495/hw2/src/homework2/install/turtle_brick_interfaces/include/turtle_brick_interfaces/turtle_brick_interfaces/srv/detail/place__struct.hpp
-- Installing: /home/asaace00/repo/me495/hw2/src/homework2/install/turtle_brick_interfaces/include/turtle_brick_interfaces/turtle_brick_interfaces/srv/detail/place__type_support.hpp
-- Installing: /home/asaace00/repo/me495/hw2/src/homework2/install/turtle_brick_interfaces/include/turtle_brick_interfaces/turtle_brick_interfaces/srv/detail/provide_goal_pose__struct.hpp
-- Installing: /home/asaace00/repo/me495/hw2/src/homework2/install/turtle_brick_interfaces/include/turtle_brick_interfaces/turtle_brick_interfaces/srv/detail/stop_gravity__struct.hpp
-- Installing: /home/asaace00/repo/me495/hw2/src/homework2/install/turtle_brick_interfaces/include/turtle_brick_interfaces/turtle_brick_interfaces/srv/detail/provide_goal_pose__traits.hpp
-- Installing: /home/asaace00/repo/me495/hw2/src/homework2/install/turtle_brick_interfaces/include/turtle_brick_interfaces/turtle_brick_interfaces/srv/detail/stop_gravity__type_support.hpp
-- Installing: /home/asaace00/repo/me495/hw2/src/homework2/install/turtle_brick_interfaces/include/turtle_brick_interfaces/turtle_brick_interfaces/srv/detail/place__builder.hpp
-- Installing: /home/asaace00/repo/me495/hw2/src/homework2/install/turtle_brick_interfaces/include/turtle_brick_interfaces/turtle_brick_interfaces/srv/detail/provide_goal_pose__builder.hpp
-- Up-to-date: /home/asaace00/repo/me495/hw2/src/homework2/install/turtle_brick_interfaces/include/turtle_brick_interfaces/turtle_brick_interfaces/msg
-- Installing: /home/asaace00/repo/me495/hw2/src/homework2/install/turtle_brick_interfaces/include/turtle_brick_interfaces/turtle_brick_interfaces/msg/brick_dropped.hpp
-- Installing: /home/asaace00/repo/me495/hw2/src/homework2/install/turtle_brick_interfaces/include/turtle_brick_interfaces/turtle_brick_interfaces/msg/tilt.hpp
-- Installing: /home/asaace00/repo/me495/hw2/src/homework2/install/turtle_brick_interfaces/include/turtle_brick_interfaces/turtle_brick_interfaces/msg/turtle_location.hpp
-- Installing: /home/asaace00/repo/me495/hw2/src/homework2/install/turtle_brick_interfaces/include/turtle_brick_interfaces/turtle_brick_interfaces/msg/rosidl_generator_cpp__visibility_control.hpp
-- Installing: /home/asaace00/repo/me495/hw2/src/homework2/install/turtle_brick_interfaces/include/turtle_brick_interfaces/turtle_brick_interfaces/msg/brick_location.hpp
-- Up-to-date: /home/asaace00/repo/me495/hw2/src/homework2/install/turtle_brick_interfaces/include/turtle_brick_interfaces/turtle_brick_interfaces/msg/detail
-- Installing: /home/asaace00/repo/me495/hw2/src/homework2/install/turtle_brick_interfaces/include/turtle_brick_interfaces/turtle_brick_interfaces/msg/detail/brick_dropped__type_support.hpp
-- Installing: /home/asaace00/repo/me495/hw2/src/homework2/install/turtle_brick_interfaces/include/turtle_brick_interfaces/turtle_brick_interfaces/msg/detail/brick_dropped__builder.hpp
-- Installing: /home/asaace00/repo/me495/hw2/src/homework2/install/turtle_brick_interfaces/include/turtle_brick_interfaces/turtle_brick_interfaces/msg/detail/tilt__struct.hpp
-- Installing: /home/asaace00/repo/me495/hw2/src/homework2/install/turtle_brick_interfaces/include/turtle_brick_interfaces/turtle_brick_interfaces/msg/detail/turtle_location__type_support.hpp
-- Installing: /home/asaace00/repo/me495/hw2/src/homework2/install/turtle_brick_interfaces/include/turtle_brick_interfaces/turtle_brick_interfaces/msg/detail/brick_location__builder.hpp
-- Installing: /home/asaace00/repo/me495/hw2/src/homework2/install/turtle_brick_interfaces/include/turtle_brick_interfaces/turtle_brick_interfaces/msg/detail/brick_dropped__traits.hpp
-- Installing: /home/asaace00/repo/me495/hw2/src/homework2/install/turtle_brick_interfaces/include/turtle_brick_interfaces/turtle_brick_interfaces/msg/detail/tilt__type_support.hpp
-- Installing: /home/asaace00/repo/me495/hw2/src/homework2/install/turtle_brick_interfaces/include/turtle_brick_interfaces/turtle_brick_interfaces/msg/detail/brick_location__type_support.hpp
-- Installing: /home/asaace00/repo/me495/hw2/src/homework2/install/turtle_brick_interfaces/include/turtle_brick_interfaces/turtle_brick_interfaces/msg/detail/turtle_location__traits.hpp
-- Installing: /home/asaace00/repo/me495/hw2/src/homework2/install/turtle_brick_interfaces/include/turtle_brick_interfaces/turtle_brick_interfaces/msg/detail/brick_location__traits.hpp
-- Installing: /home/asaace00/repo/me495/hw2/src/homework2/install/turtle_brick_interfaces/include/turtle_brick_interfaces/turtle_brick_interfaces/msg/detail/brick_location__struct.hpp
-- Installing: /home/asaace00/repo/me495/hw2/src/homework2/install/turtle_brick_interfaces/include/turtle_brick_interfaces/turtle_brick_interfaces/msg/detail/tilt__traits.hpp
-- Installing: /home/asaace00/repo/me495/hw2/src/homework2/install/turtle_brick_interfaces/include/turtle_brick_interfaces/turtle_brick_interfaces/msg/detail/brick_dropped__struct.hpp
-- Installing: /home/asaace00/repo/me495/hw2/src/homework2/install/turtle_brick_interfaces/include/turtle_brick_interfaces/turtle_brick_interfaces/msg/detail/turtle_location__builder.hpp
-- Installing: /home/asaace00/repo/me495/hw2/src/homework2/install/turtle_brick_interfaces/include/turtle_brick_interfaces/turtle_brick_interfaces/msg/detail/tilt__builder.hpp
-- Installing: /home/asaace00/repo/me495/hw2/src/homework2/install/turtle_brick_interfaces/include/turtle_brick_interfaces/turtle_brick_interfaces/msg/detail/turtle_location__struct.hpp
-- Up-to-date: /home/asaace00/repo/me495/hw2/src/homework2/install/turtle_brick_interfaces/include/turtle_brick_interfaces/turtle_brick_interfaces
-- Up-to-date: /home/asaace00/repo/me495/hw2/src/homework2/install/turtle_brick_interfaces/include/turtle_brick_interfaces/turtle_brick_interfaces/srv
-- Up-to-date: /home/asaace00/repo/me495/hw2/src/homework2/install/turtle_brick_interfaces/include/turtle_brick_interfaces/turtle_brick_interfaces/srv/detail
-- Installing: /home/asaace00/repo/me495/hw2/src/homework2/install/turtle_brick_interfaces/include/turtle_brick_interfaces/turtle_brick_interfaces/srv/detail/stop_gravity__rosidl_typesupport_fastrtps_cpp.hpp
-- Installing: /home/asaace00/repo/me495/hw2/src/homework2/install/turtle_brick_interfaces/include/turtle_brick_interfaces/turtle_brick_interfaces/srv/detail/provide_goal_pose__rosidl_typesupport_fastrtps_cpp.hpp
-- Installing: /home/asaace00/repo/me495/hw2/src/homework2/install/turtle_brick_interfaces/include/turtle_brick_interfaces/turtle_brick_interfaces/srv/detail/place__rosidl_typesupport_fastrtps_cpp.hpp
-- Installing: /home/asaace00/repo/me495/hw2/src/homework2/install/turtle_brick_interfaces/include/turtle_brick_interfaces/turtle_brick_interfaces/srv/detail/dds_fastrtps
-- Up-to-date: /home/asaace00/repo/me495/hw2/src/homework2/install/turtle_brick_interfaces/include/turtle_brick_interfaces/turtle_brick_interfaces/msg
-- Installing: /home/asaace00/repo/me495/hw2/src/homework2/install/turtle_brick_interfaces/include/turtle_brick_interfaces/turtle_brick_interfaces/msg/rosidl_typesupport_fastrtps_cpp__visibility_control.h
-- Up-to-date: /home/asaace00/repo/me495/hw2/src/homework2/install/turtle_brick_interfaces/include/turtle_brick_interfaces/turtle_brick_interfaces/msg/detail
-- Installing: /home/asaace00/repo/me495/hw2/src/homework2/install/turtle_brick_interfaces/include/turtle_brick_interfaces/turtle_brick_interfaces/msg/detail/tilt__rosidl_typesupport_fastrtps_cpp.hpp
-- Installing: /home/asaace00/repo/me495/hw2/src/homework2/install/turtle_brick_interfaces/include/turtle_brick_interfaces/turtle_brick_interfaces/msg/detail/brick_location__rosidl_typesupport_fastrtps_cpp.hpp
-- Installing: /home/asaace00/repo/me495/hw2/src/homework2/install/turtle_brick_interfaces/include/turtle_brick_interfaces/turtle_brick_interfaces/msg/detail/brick_dropped__rosidl_typesupport_fastrtps_cpp.hpp
-- Installing: /home/asaace00/repo/me495/hw2/src/homework2/install/turtle_brick_interfaces/include/turtle_brick_interfaces/turtle_brick_interfaces/msg/detail/dds_fastrtps
-- Installing: /home/asaace00/repo/me495/hw2/src/homework2/install/turtle_brick_interfaces/include/turtle_brick_interfaces/turtle_brick_interfaces/msg/detail/turtle_location__rosidl_typesupport_fastrtps_cpp.hpp
-- Installing: /home/asaace00/repo/me495/hw2/src/homework2/install/turtle_brick_interfaces/lib/libturtle_brick_interfaces__rosidl_typesupport_fastrtps_cpp.so
-- Set non-toolchain portion of runtime path of "/home/asaace00/repo/me495/hw2/src/homework2/install/turtle_brick_interfaces/lib/libturtle_brick_interfaces__rosidl_typesupport_fastrtps_cpp.so" to ""
-- Up-to-date: /home/asaace00/repo/me495/hw2/src/homework2/install/turtle_brick_interfaces/include/turtle_brick_interfaces/turtle_brick_interfaces
-- Up-to-date: /home/asaace00/repo/me495/hw2/src/homework2/install/turtle_brick_interfaces/include/turtle_brick_interfaces/turtle_brick_interfaces/srv
-- Up-to-date: /home/asaace00/repo/me495/hw2/src/homework2/install/turtle_brick_interfaces/include/turtle_brick_interfaces/turtle_brick_interfaces/srv/detail
-- Installing: /home/asaace00/repo/me495/hw2/src/homework2/install/turtle_brick_interfaces/include/turtle_brick_interfaces/turtle_brick_interfaces/srv/detail/provide_goal_pose__rosidl_typesupport_introspection_cpp.hpp
-- Installing: /home/asaace00/repo/me495/hw2/src/homework2/install/turtle_brick_interfaces/include/turtle_brick_interfaces/turtle_brick_interfaces/srv/detail/place__rosidl_typesupport_introspection_cpp.hpp
-- Installing: /home/asaace00/repo/me495/hw2/src/homework2/install/turtle_brick_interfaces/include/turtle_brick_interfaces/turtle_brick_interfaces/srv/detail/provide_goal_pose__type_support.cpp
-- Installing: /home/asaace00/repo/me495/hw2/src/homework2/install/turtle_brick_interfaces/include/turtle_brick_interfaces/turtle_brick_interfaces/srv/detail/place__type_support.cpp
-- Installing: /home/asaace00/repo/me495/hw2/src/homework2/install/turtle_brick_interfaces/include/turtle_brick_interfaces/turtle_brick_interfaces/srv/detail/stop_gravity__rosidl_typesupport_introspection_cpp.hpp
-- Installing: /home/asaace00/repo/me495/hw2/src/homework2/install/turtle_brick_interfaces/include/turtle_brick_interfaces/turtle_brick_interfaces/srv/detail/stop_gravity__type_support.cpp
-- Up-to-date: /home/asaace00/repo/me495/hw2/src/homework2/install/turtle_brick_interfaces/include/turtle_brick_interfaces/turtle_brick_interfaces/msg
-- Up-to-date: /home/asaace00/repo/me495/hw2/src/homework2/install/turtle_brick_interfaces/include/turtle_brick_interfaces/turtle_brick_interfaces/msg/detail
-- Installing: /home/asaace00/repo/me495/hw2/src/homework2/install/turtle_brick_interfaces/include/turtle_brick_interfaces/turtle_brick_interfaces/msg/detail/brick_dropped__rosidl_typesupport_introspection_cpp.hpp
-- Installing: /home/asaace00/repo/me495/hw2/src/homework2/install/turtle_brick_interfaces/include/turtle_brick_interfaces/turtle_brick_interfaces/msg/detail/turtle_location__type_support.cpp
-- Installing: /home/asaace00/repo/me495/hw2/src/homework2/install/turtle_brick_interfaces/include/turtle_brick_interfaces/turtle_brick_interfaces/msg/detail/brick_location__type_support.cpp
-- Installing: /home/asaace00/repo/me495/hw2/src/homework2/install/turtle_brick_interfaces/include/turtle_brick_interfaces/turtle_brick_interfaces/msg/detail/brick_dropped__type_support.cpp
-- Installing: /home/asaace00/repo/me495/hw2/src/homework2/install/turtle_brick_interfaces/include/turtle_brick_interfaces/turtle_brick_interfaces/msg/detail/tilt__type_support.cpp
-- Installing: /home/asaace00/repo/me495/hw2/src/homework2/install/turtle_brick_interfaces/include/turtle_brick_interfaces/turtle_brick_interfaces/msg/detail/brick_location__rosidl_typesupport_introspection_cpp.hpp
-- Installing: /home/asaace00/repo/me495/hw2/src/homework2/install/turtle_brick_interfaces/include/turtle_brick_interfaces/turtle_brick_interfaces/msg/detail/tilt__rosidl_typesupport_introspection_cpp.hpp
-- Installing: /home/asaace00/repo/me495/hw2/src/homework2/install/turtle_brick_interfaces/include/turtle_brick_interfaces/turtle_brick_interfaces/msg/detail/turtle_location__rosidl_typesupport_introspection_cpp.hpp
-- Installing: /home/asaace00/repo/me495/hw2/src/homework2/install/turtle_brick_interfaces/lib/libturtle_brick_interfaces__rosidl_typesupport_introspection_cpp.so
-- Set non-toolchain portion of runtime path of "/home/asaace00/repo/me495/hw2/src/homework2/install/turtle_brick_interfaces/lib/libturtle_brick_interfaces__rosidl_typesupport_introspection_cpp.so" to ""
-- Installing: /home/asaace00/repo/me495/hw2/src/homework2/install/turtle_brick_interfaces/lib/libturtle_brick_interfaces__rosidl_typesupport_cpp.so
-- Set non-toolchain portion of runtime path of "/home/asaace00/repo/me495/hw2/src/homework2/install/turtle_brick_interfaces/lib/libturtle_brick_interfaces__rosidl_typesupport_cpp.so" to ""
-- Installing: /home/asaace00/repo/me495/hw2/src/homework2/install/turtle_brick_interfaces/share/turtle_brick_interfaces/environment/pythonpath.sh
-- Installing: /home/asaace00/repo/me495/hw2/src/homework2/install/turtle_brick_interfaces/share/turtle_brick_interfaces/environment/pythonpath.dsv
-- Installing: /home/asaace00/repo/me495/hw2/src/homework2/install/turtle_brick_interfaces/lib/python3.12/site-packages/turtle_brick_interfaces-0.0.0-py3.12.egg-info
-- Installing: /home/asaace00/repo/me495/hw2/src/homework2/install/turtle_brick_interfaces/lib/python3.12/site-packages/turtle_brick_interfaces-0.0.0-py3.12.egg-info/dependency_links.txt
-- Installing: /home/asaace00/repo/me495/hw2/src/homework2/install/turtle_brick_interfaces/lib/python3.12/site-packages/turtle_brick_interfaces-0.0.0-py3.12.egg-info/top_level.txt
-- Installing: /home/asaace00/repo/me495/hw2/src/homework2/install/turtle_brick_interfaces/lib/python3.12/site-packages/turtle_brick_interfaces-0.0.0-py3.12.egg-info/SOURCES.txt
-- Installing: /home/asaace00/repo/me495/hw2/src/homework2/install/turtle_brick_interfaces/lib/python3.12/site-packages/turtle_brick_interfaces-0.0.0-py3.12.egg-info/PKG-INFO
-- Installing: /home/asaace00/repo/me495/hw2/src/homework2/install/turtle_brick_interfaces/lib/python3.12/site-packages/turtle_brick_interfaces
-- Installing: /home/asaace00/repo/me495/hw2/src/homework2/install/turtle_brick_interfaces/lib/python3.12/site-packages/turtle_brick_interfaces/srv
-- Installing: /home/asaace00/repo/me495/hw2/src/homework2/install/turtle_brick_interfaces/lib/python3.12/site-packages/turtle_brick_interfaces/srv/_place.py
-- Installing: /home/asaace00/repo/me495/hw2/src/homework2/install/turtle_brick_interfaces/lib/python3.12/site-packages/turtle_brick_interfaces/srv/_stop_gravity.py
-- Installing: /home/asaace00/repo/me495/hw2/src/homework2/install/turtle_brick_interfaces/lib/python3.12/site-packages/turtle_brick_interfaces/srv/_provide_goal_pose.py
-- Installing: /home/asaace00/repo/me495/hw2/src/homework2/install/turtle_brick_interfaces/lib/python3.12/site-packages/turtle_brick_interfaces/srv/_place_s.c
-- Installing: /home/asaace00/repo/me495/hw2/src/homework2/install/turtle_brick_interfaces/lib/python3.12/site-packages/turtle_brick_interfaces/srv/_provide_goal_pose_s.c
-- Installing: /home/asaace00/repo/me495/hw2/src/homework2/install/turtle_brick_interfaces/lib/python3.12/site-packages/turtle_brick_interfaces/srv/__init__.py
-- Installing: /home/asaace00/repo/me495/hw2/src/homework2/install/turtle_brick_interfaces/lib/python3.12/site-packages/turtle_brick_interfaces/srv/_stop_gravity_s.c
-- Installing: /home/asaace00/repo/me495/hw2/src/homework2/install/turtle_brick_interfaces/lib/python3.12/site-packages/turtle_brick_interfaces/_turtle_brick_interfaces_s.ep.rosidl_typesupport_c.c
-- Installing: /home/asaace00/repo/me495/hw2/src/homework2/install/turtle_brick_interfaces/lib/python3.12/site-packages/turtle_brick_interfaces/turtle_brick_interfaces_s__rosidl_typesupport_introspection_c.so
-- Installing: /home/asaace00/repo/me495/hw2/src/homework2/install/turtle_brick_interfaces/lib/python3.12/site-packages/turtle_brick_interfaces/msg
-- Installing: /home/asaace00/repo/me495/hw2/src/homework2/install/turtle_brick_interfaces/lib/python3.12/site-packages/turtle_brick_interfaces/msg/_brick_dropped.py
-- Installing: /home/asaace00/repo/me495/hw2/src/homework2/install/turtle_brick_interfaces/lib/python3.12/site-packages/turtle_brick_interfaces/msg/_turtle_location_s.c
-- Installing: /home/asaace00/repo/me495/hw2/src/homework2/install/turtle_brick_interfaces/lib/python3.12/site-packages/turtle_brick_interfaces/msg/_tilt_s.c
-- Installing: /home/asaace00/repo/me495/hw2/src/homework2/install/turtle_brick_interfaces/lib/python3.12/site-packages/turtle_brick_interfaces/msg/_brick_dropped_s.c
-- Installing: /home/asaace00/repo/me495/hw2/src/homework2/install/turtle_brick_interfaces/lib/python3.12/site-packages/turtle_brick_interfaces/msg/_brick_location.py
-- Installing: /home/asaace00/repo/me495/hw2/src/homework2/install/turtle_brick_interfaces/lib/python3.12/site-packages/turtle_brick_interfaces/msg/_tilt.py
-- Installing: /home/asaace00/repo/me495/hw2/src/homework2/install/turtle_brick_interfaces/lib/python3.12/site-packages/turtle_brick_interfaces/msg/_turtle_location.py
-- Installing: /home/asaace00/repo/me495/hw2/src/homework2/install/turtle_brick_interfaces/lib/python3.12/site-packages/turtle_brick_interfaces/msg/__init__.py
-- Installing: /home/asaace00/repo/me495/hw2/src/homework2/install/turtle_brick_interfaces/lib/python3.12/site-packages/turtle_brick_interfaces/msg/_brick_location_s.c
-- Installing: /home/asaace00/repo/me495/hw2/src/homework2/install/turtle_brick_interfaces/lib/python3.12/site-packages/turtle_brick_interfaces/_turtle_brick_interfaces_s.ep.rosidl_typesupport_fastrtps_c.c
-- Installing: /home/asaace00/repo/me495/hw2/src/homework2/install/turtle_brick_interfaces/lib/python3.12/site-packages/turtle_brick_interfaces/turtle_brick_interfaces_s__rosidl_typesupport_fastrtps_c.so
-- Installing: /home/asaace00/repo/me495/hw2/src/homework2/install/turtle_brick_interfaces/lib/python3.12/site-packages/turtle_brick_interfaces/_turtle_brick_interfaces_s.ep.rosidl_typesupport_introspection_c.c
-- Installing: /home/asaace00/repo/me495/hw2/src/homework2/install/turtle_brick_interfaces/lib/python3.12/site-packages/turtle_brick_interfaces/turtle_brick_interfaces_s__rosidl_typesupport_c.so
-- Installing: /home/asaace00/repo/me495/hw2/src/homework2/install/turtle_brick_interfaces/lib/python3.12/site-packages/turtle_brick_interfaces/__init__.py
Listing '/home/asaace00/repo/me495/hw2/src/homework2/install/turtle_brick_interfaces/lib/python3.12/site-packages/turtle_brick_interfaces'...
Compiling '/home/asaace00/repo/me495/hw2/src/homework2/install/turtle_brick_interfaces/lib/python3.12/site-packages/turtle_brick_interfaces/__init__.py'...
Listing '/home/asaace00/repo/me495/hw2/src/homework2/install/turtle_brick_interfaces/lib/python3.12/site-packages/turtle_brick_interfaces/msg'...
Compiling '/home/asaace00/repo/me495/hw2/src/homework2/install/turtle_brick_interfaces/lib/python3.12/site-packages/turtle_brick_interfaces/msg/__init__.py'...
Compiling '/home/asaace00/repo/me495/hw2/src/homework2/install/turtle_brick_interfaces/lib/python3.12/site-packages/turtle_brick_interfaces/msg/_brick_dropped.py'...
Compiling '/home/asaace00/repo/me495/hw2/src/homework2/install/turtle_brick_interfaces/lib/python3.12/site-packages/turtle_brick_interfaces/msg/_brick_location.py'...
Compiling '/home/asaace00/repo/me495/hw2/src/homework2/install/turtle_brick_interfaces/lib/python3.12/site-packages/turtle_brick_interfaces/msg/_tilt.py'...
Compiling '/home/asaace00/repo/me495/hw2/src/homework2/install/turtle_brick_interfaces/lib/python3.12/site-packages/turtle_brick_interfaces/msg/_turtle_location.py'...
Listing '/home/asaace00/repo/me495/hw2/src/homework2/install/turtle_brick_interfaces/lib/python3.12/site-packages/turtle_brick_interfaces/srv'...
Compiling '/home/asaace00/repo/me495/hw2/src/homework2/install/turtle_brick_interfaces/lib/python3.12/site-packages/turtle_brick_interfaces/srv/__init__.py'...
Compiling '/home/asaace00/repo/me495/hw2/src/homework2/install/turtle_brick_interfaces/lib/python3.12/site-packages/turtle_brick_interfaces/srv/_place.py'...
Compiling '/home/asaace00/repo/me495/hw2/src/homework2/install/turtle_brick_interfaces/lib/python3.12/site-packages/turtle_brick_interfaces/srv/_provide_goal_pose.py'...
Compiling '/home/asaace00/repo/me495/hw2/src/homework2/install/turtle_brick_interfaces/lib/python3.12/site-packages/turtle_brick_interfaces/srv/_stop_gravity.py'...
-- Installing: /home/asaace00/repo/me495/hw2/src/homework2/install/turtle_brick_interfaces/lib/python3.12/site-packages/turtle_brick_interfaces/turtle_brick_interfaces_s__rosidl_typesupport_fastrtps_c.so
-- Set non-toolchain portion of runtime path of "/home/asaace00/repo/me495/hw2/src/homework2/install/turtle_brick_interfaces/lib/python3.12/site-packages/turtle_brick_interfaces/turtle_brick_interfaces_s__rosidl_typesupport_fastrtps_c.so" to ""
-- Installing: /home/asaace00/repo/me495/hw2/src/homework2/install/turtle_brick_interfaces/lib/python3.12/site-packages/turtle_brick_interfaces/turtle_brick_interfaces_s__rosidl_typesupport_introspection_c.so
-- Set non-toolchain portion of runtime path of "/home/asaace00/repo/me495/hw2/src/homework2/install/turtle_brick_interfaces/lib/python3.12/site-packages/turtle_brick_interfaces/turtle_brick_interfaces_s__rosidl_typesupport_introspection_c.so" to ""
-- Installing: /home/asaace00/repo/me495/hw2/src/homework2/install/turtle_brick_interfaces/lib/python3.12/site-packages/turtle_brick_interfaces/turtle_brick_interfaces_s__rosidl_typesupport_c.so
-- Set non-toolchain portion of runtime path of "/home/asaace00/repo/me495/hw2/src/homework2/install/turtle_brick_interfaces/lib/python3.12/site-packages/turtle_brick_interfaces/turtle_brick_interfaces_s__rosidl_typesupport_c.so" to ""
-- Installing: /home/asaace00/repo/me495/hw2/src/homework2/install/turtle_brick_interfaces/lib/libturtle_brick_interfaces__rosidl_generator_py.so
-- Set non-toolchain portion of runtime path of "/home/asaace00/repo/me495/hw2/src/homework2/install/turtle_brick_interfaces/lib/libturtle_brick_interfaces__rosidl_generator_py.so" to ""
-- Installing: /home/asaace00/repo/me495/hw2/src/homework2/install/turtle_brick_interfaces/share/turtle_brick_interfaces/srv/ProvideGoalPose.idl
-- Installing: /home/asaace00/repo/me495/hw2/src/homework2/install/turtle_brick_interfaces/share/turtle_brick_interfaces/srv/Place.idl
-- Installing: /home/asaace00/repo/me495/hw2/src/homework2/install/turtle_brick_interfaces/share/turtle_brick_interfaces/srv/StopGravity.idl
-- Installing: /home/asaace00/repo/me495/hw2/src/homework2/install/turtle_brick_interfaces/share/turtle_brick_interfaces/msg/Tilt.idl
-- Installing: /home/asaace00/repo/me495/hw2/src/homework2/install/turtle_brick_interfaces/share/turtle_brick_interfaces/msg/TurtleLocation.idl
-- Installing: /home/asaace00/repo/me495/hw2/src/homework2/install/turtle_brick_interfaces/share/turtle_brick_interfaces/msg/BrickLocation.idl
-- Installing: /home/asaace00/repo/me495/hw2/src/homework2/install/turtle_brick_interfaces/share/turtle_brick_interfaces/msg/BrickDropped.idl
-- Installing: /home/asaace00/repo/me495/hw2/src/homework2/install/turtle_brick_interfaces/share/turtle_brick_interfaces/srv/ProvideGoalPose.srv
-- Installing: /home/asaace00/repo/me495/hw2/src/homework2/install/turtle_brick_interfaces/share/turtle_brick_interfaces/srv/Place.srv
-- Installing: /home/asaace00/repo/me495/hw2/src/homework2/install/turtle_brick_interfaces/share/turtle_brick_interfaces/srv/StopGravity.srv
-- Installing: /home/asaace00/repo/me495/hw2/src/homework2/install/turtle_brick_interfaces/share/turtle_brick_interfaces/msg/Tilt.msg
-- Installing: /home/asaace00/repo/me495/hw2/src/homework2/install/turtle_brick_interfaces/share/turtle_brick_interfaces/msg/TurtleLocation.msg
-- Installing: /home/asaace00/repo/me495/hw2/src/homework2/install/turtle_brick_interfaces/share/turtle_brick_interfaces/msg/BrickLocation.msg
-- Installing: /home/asaace00/repo/me495/hw2/src/homework2/install/turtle_brick_interfaces/share/turtle_brick_interfaces/msg/BrickDropped.msg
-- Up-to-date: /home/asaace00/repo/me495/hw2/src/homework2/install/turtle_brick_interfaces/share/turtle_brick_interfaces/srv
-- Up-to-date: /home/asaace00/repo/me495/hw2/src/homework2/install/turtle_brick_interfaces/share/turtle_brick_interfaces/srv/ProvideGoalPose.srv
-- Up-to-date: /home/asaace00/repo/me495/hw2/src/homework2/install/turtle_brick_interfaces/share/turtle_brick_interfaces/srv/Place.srv
-- Up-to-date: /home/asaace00/repo/me495/hw2/src/homework2/install/turtle_brick_interfaces/share/turtle_brick_interfaces/srv/StopGravity.srv
-- Installing: /home/asaace00/repo/me495/hw2/src/homework2/install/turtle_brick_interfaces/share/ament_index/resource_index/package_run_dependencies/turtle_brick_interfaces
-- Installing: /home/asaace00/repo/me495/hw2/src/homework2/install/turtle_brick_interfaces/share/ament_index/resource_index/parent_prefix_path/turtle_brick_interfaces
-- Installing: /home/asaace00/repo/me495/hw2/src/homework2/install/turtle_brick_interfaces/share/turtle_brick_interfaces/environment/ament_prefix_path.sh
-- Installing: /home/asaace00/repo/me495/hw2/src/homework2/install/turtle_brick_interfaces/share/turtle_brick_interfaces/environment/ament_prefix_path.dsv
-- Installing: /home/asaace00/repo/me495/hw2/src/homework2/install/turtle_brick_interfaces/share/turtle_brick_interfaces/environment/path.sh
-- Installing: /home/asaace00/repo/me495/hw2/src/homework2/install/turtle_brick_interfaces/share/turtle_brick_interfaces/environment/path.dsv
-- Installing: /home/asaace00/repo/me495/hw2/src/homework2/install/turtle_brick_interfaces/share/turtle_brick_interfaces/local_setup.bash
-- Installing: /home/asaace00/repo/me495/hw2/src/homework2/install/turtle_brick_interfaces/share/turtle_brick_interfaces/local_setup.sh
-- Installing: /home/asaace00/repo/me495/hw2/src/homework2/install/turtle_brick_interfaces/share/turtle_brick_interfaces/local_setup.zsh
-- Installing: /home/asaace00/repo/me495/hw2/src/homework2/install/turtle_brick_interfaces/share/turtle_brick_interfaces/local_setup.dsv
-- Installing: /home/asaace00/repo/me495/hw2/src/homework2/install/turtle_brick_interfaces/share/turtle_brick_interfaces/package.dsv
-- Installing: /home/asaace00/repo/me495/hw2/src/homework2/install/turtle_brick_interfaces/share/ament_index/resource_index/packages/turtle_brick_interfaces
-- Installing: /home/asaace00/repo/me495/hw2/src/homework2/install/turtle_brick_interfaces/share/turtle_brick_interfaces/cmake/export_turtle_brick_interfaces__rosidl_generator_cExport.cmake
-- Installing: /home/asaace00/repo/me495/hw2/src/homework2/install/turtle_brick_interfaces/share/turtle_brick_interfaces/cmake/export_turtle_brick_interfaces__rosidl_generator_cExport-noconfig.cmake
-- Installing: /home/asaace00/repo/me495/hw2/src/homework2/install/turtle_brick_interfaces/share/turtle_brick_interfaces/cmake/export_turtle_brick_interfaces__rosidl_typesupport_fastrtps_cExport.cmake
-- Installing: /home/asaace00/repo/me495/hw2/src/homework2/install/turtle_brick_interfaces/share/turtle_brick_interfaces/cmake/export_turtle_brick_interfaces__rosidl_typesupport_fastrtps_cExport-noconfig.cmake
-- Installing: /home/asaace00/repo/me495/hw2/src/homework2/install/turtle_brick_interfaces/share/turtle_brick_interfaces/cmake/turtle_brick_interfaces__rosidl_typesupport_introspection_cExport.cmake
-- Installing: /home/asaace00/repo/me495/hw2/src/homework2/install/turtle_brick_interfaces/share/turtle_brick_interfaces/cmake/turtle_brick_interfaces__rosidl_typesupport_introspection_cExport-noconfig.cmake
-- Installing: /home/asaace00/repo/me495/hw2/src/homework2/install/turtle_brick_interfaces/share/turtle_brick_interfaces/cmake/turtle_brick_interfaces__rosidl_typesupport_cExport.cmake
-- Installing: /home/asaace00/repo/me495/hw2/src/homework2/install/turtle_brick_interfaces/share/turtle_brick_interfaces/cmake/turtle_brick_interfaces__rosidl_typesupport_cExport-noconfig.cmake
-- Installing: /home/asaace00/repo/me495/hw2/src/homework2/install/turtle_brick_interfaces/share/turtle_brick_interfaces/cmake/export_turtle_brick_interfaces__rosidl_generator_cppExport.cmake
-- Installing: /home/asaace00/repo/me495/hw2/src/homework2/install/turtle_brick_interfaces/share/turtle_brick_interfaces/cmake/export_turtle_brick_interfaces__rosidl_typesupport_fastrtps_cppExport.cmake
-- Installing: /home/asaace00/repo/me495/hw2/src/homework2/install/turtle_brick_interfaces/share/turtle_brick_interfaces/cmake/export_turtle_brick_interfaces__rosidl_typesupport_fastrtps_cppExport-noconfig.cmake
-- Installing: /home/asaace00/repo/me495/hw2/src/homework2/install/turtle_brick_interfaces/share/turtle_brick_interfaces/cmake/turtle_brick_interfaces__rosidl_typesupport_introspection_cppExport.cmake
-- Installing: /home/asaace00/repo/me495/hw2/src/homework2/install/turtle_brick_interfaces/share/turtle_brick_interfaces/cmake/turtle_brick_interfaces__rosidl_typesupport_introspection_cppExport-noconfig.cmake
-- Installing: /home/asaace00/repo/me495/hw2/src/homework2/install/turtle_brick_interfaces/share/turtle_brick_interfaces/cmake/turtle_brick_interfaces__rosidl_typesupport_cppExport.cmake
-- Installing: /home/asaace00/repo/me495/hw2/src/homework2/install/turtle_brick_interfaces/share/turtle_brick_interfaces/cmake/turtle_brick_interfaces__rosidl_typesupport_cppExport-noconfig.cmake
-- Installing: /home/asaace00/repo/me495/hw2/src/homework2/install/turtle_brick_interfaces/share/turtle_brick_interfaces/cmake/export_turtle_brick_interfaces__rosidl_generator_pyExport.cmake
-- Installing: /home/asaace00/repo/me495/hw2/src/homework2/install/turtle_brick_interfaces/share/turtle_brick_interfaces/cmake/export_turtle_brick_interfaces__rosidl_generator_pyExport-noconfig.cmake
-- Installing: /home/asaace00/repo/me495/hw2/src/homework2/install/turtle_brick_interfaces/share/turtle_brick_interfaces/cmake/rosidl_cmake-extras.cmake
-- Installing: /home/asaace00/repo/me495/hw2/src/homework2/install/turtle_brick_interfaces/share/turtle_brick_interfaces/cmake/ament_cmake_export_dependencies-extras.cmake
-- Installing: /home/asaace00/repo/me495/hw2/src/homework2/install/turtle_brick_interfaces/share/turtle_brick_interfaces/cmake/ament_cmake_export_include_directories-extras.cmake
-- Installing: /home/asaace00/repo/me495/hw2/src/homework2/install/turtle_brick_interfaces/share/turtle_brick_interfaces/cmake/ament_cmake_export_libraries-extras.cmake
-- Installing: /home/asaace00/repo/me495/hw2/src/homework2/install/turtle_brick_interfaces/share/turtle_brick_interfaces/cmake/ament_cmake_export_targets-extras.cmake
-- Installing: /home/asaace00/repo/me495/hw2/src/homework2/install/turtle_brick_interfaces/share/turtle_brick_interfaces/cmake/rosidl_cmake_export_typesupport_targets-extras.cmake
-- Installing: /home/asaace00/repo/me495/hw2/src/homework2/install/turtle_brick_interfaces/share/turtle_brick_interfaces/cmake/rosidl_cmake_export_typesupport_libraries-extras.cmake
-- Installing: /home/asaace00/repo/me495/hw2/src/homework2/install/turtle_brick_interfaces/share/turtle_brick_interfaces/cmake/turtle_brick_interfacesConfig.cmake
-- Installing: /home/asaace00/repo/me495/hw2/src/homework2/install/turtle_brick_interfaces/share/turtle_brick_interfaces/cmake/turtle_brick_interfacesConfig-version.cmake
-- Installing: /home/asaace00/repo/me495/hw2/src/homework2/install/turtle_brick_interfaces/share/turtle_brick_interfaces/package.xml
