[0.006s] Invoking command in '/home/asaace00/repo/me495/hw2/src/homework2/build/turtle_brick_interfaces': CMAKE_PREFIX_PATH=${CMAKE_PREFIX_PATH}:/home/asaace00/repo/me495/hw2/src/homework2/install/turtle_brick:/home/asaace00/repo/homework1/install/turtle_control:/home/asaace00/repo/homework1/install/crazy_turtle:/opt/ros/jazzy /usr/bin/cmake /home/asaace00/repo/me495/hw2/src/homework2/turtle_brick_interfaces -DCMAKE_INSTALL_PREFIX=/home/asaace00/repo/me495/hw2/src/homework2/install/turtle_brick_interfaces
[0.049s] -- The C compiler identification is GNU 13.2.0
[0.096s] -- The CXX compiler identification is GNU 13.2.0
[0.112s] -- Detecting C compiler ABI info
[0.222s] -- Detecting C compiler ABI info - done
[0.230s] -- Check for working C compiler: /usr/bin/cc - skipped
[0.230s] -- Detecting C compile features
[0.230s] -- Detecting C compile features - done
[0.240s] -- Detecting CXX compiler ABI info
[0.369s] -- Detecting CXX compiler ABI info - done
[0.377s] -- Check for working CXX compiler: /usr/bin/c++ - skipped
[0.377s] -- Detecting CXX compile features
[0.377s] -- Detecting CXX compile features - done
[0.379s] -- Found ament_cmake: 2.5.2 (/opt/ros/jazzy/share/ament_cmake/cmake)
[0.503s] -- Found Python3: /usr/bin/python3 (found version "3.12.3") found components: Interpreter 
[0.567s] -- Found rosidl_default_generators: 1.6.0 (/opt/ros/jazzy/share/rosidl_default_generators/cmake)
[0.571s] -- Using all available rosidl_typesupport_c: rosidl_typesupport_fastrtps_c;rosidl_typesupport_introspection_c
[0.597s] -- Using all available rosidl_typesupport_cpp: rosidl_typesupport_fastrtps_cpp;rosidl_typesupport_introspection_cpp
[0.618s] -- Found rosidl_adapter: 4.6.4 (/opt/ros/jazzy/share/rosidl_adapter/cmake)
[0.620s] -- Found geometry_msgs: 5.3.5 (/opt/ros/jazzy/share/geometry_msgs/cmake)
[1.081s] -- Found ament_cmake_ros: 0.12.0 (/opt/ros/jazzy/share/ament_cmake_ros/cmake)
[1.428s] -- Using all available rosidl_typesupport_c: rosidl_typesupport_fastrtps_c;rosidl_typesupport_introspection_c
[1.956s] -- Using all available rosidl_typesupport_cpp: rosidl_typesupport_fastrtps_cpp;rosidl_typesupport_introspection_cpp
[1.957s] -- Found python_cmake_module: 0.11.1 (/opt/ros/jazzy/share/python_cmake_module/cmake)
[2.087s] -- Found PythonExtra: /usr/bin/python3  
[2.422s] -- Found Python3: /usr/bin/python3 (found version "3.12.3") found components: Interpreter Development NumPy Development.Module Development.Embed 
[2.455s] -- Found ament_lint_auto: 0.17.1 (/opt/ros/jazzy/share/ament_lint_auto/cmake)
[2.464s] -- Added test 'lint_cmake' to check CMake code style
[2.465s] -- Added test 'xmllint' to check XML markup files
[2.466s] -- Configuring done (2.5s)
[2.490s] -- Generating done (0.0s)
[2.492s] -- Build files have been written to: /home/asaace00/repo/me495/hw2/src/homework2/build/turtle_brick_interfaces
[2.498s] Invoked command in '/home/asaace00/repo/me495/hw2/src/homework2/build/turtle_brick_interfaces' returned '0': CMAKE_PREFIX_PATH=${CMAKE_PREFIX_PATH}:/home/asaace00/repo/me495/hw2/src/homework2/install/turtle_brick:/home/asaace00/repo/homework1/install/turtle_control:/home/asaace00/repo/homework1/install/crazy_turtle:/opt/ros/jazzy /usr/bin/cmake /home/asaace00/repo/me495/hw2/src/homework2/turtle_brick_interfaces -DCMAKE_INSTALL_PREFIX=/home/asaace00/repo/me495/hw2/src/homework2/install/turtle_brick_interfaces
[2.499s] Invoking command in '/home/asaace00/repo/me495/hw2/src/homework2/build/turtle_brick_interfaces': CMAKE_PREFIX_PATH=${CMAKE_PREFIX_PATH}:/home/asaace00/repo/me495/hw2/src/homework2/install/turtle_brick:/home/asaace00/repo/homework1/install/turtle_control:/home/asaace00/repo/homework1/install/crazy_turtle:/opt/ros/jazzy /usr/bin/cmake --build /home/asaace00/repo/me495/hw2/src/homework2/build/turtle_brick_interfaces -- -j32 -l32
[2.545s] [  1%] [34m[1mGenerating type hashes for ROS interfaces[0m
[2.556s] [  1%] Built target ament_cmake_python_copy_turtle_brick_interfaces
[2.682s] [  1%] Built target turtle_brick_interfaces__rosidl_generator_type_description
[2.689s] [  2%] [34m[1mGenerating C code for ROS interfaces[0m
[2.694s] running egg_info
[2.694s] creating turtle_brick_interfaces.egg-info
[2.696s] [  3%] [34m[1mGenerating C++ code for ROS interfaces[0m
[2.707s] writing turtle_brick_interfaces.egg-info/PKG-INFO
[2.707s] writing dependency_links to turtle_brick_interfaces.egg-info/dependency_links.txt
[2.707s] writing top-level names to turtle_brick_interfaces.egg-info/top_level.txt
[2.707s] writing manifest file 'turtle_brick_interfaces.egg-info/SOURCES.txt'
[2.747s] reading manifest file 'turtle_brick_interfaces.egg-info/SOURCES.txt'
[2.747s] writing manifest file 'turtle_brick_interfaces.egg-info/SOURCES.txt'
[2.764s] [  3%] Built target ament_cmake_python_build_turtle_brick_interfaces_egg
[2.962s] [  3%] Built target turtle_brick_interfaces__cpp
[3.011s] [  4%] [32mBuilding C object CMakeFiles/turtle_brick_interfaces__rosidl_generator_c.dir/rosidl_generator_c/turtle_brick_interfaces/srv/detail/place__functions.c.o[0m
[3.011s] [  5%] [32mBuilding C object CMakeFiles/turtle_brick_interfaces__rosidl_generator_c.dir/rosidl_generator_c/turtle_brick_interfaces/srv/detail/stop_gravity__type_support.c.o[0m
[3.011s] [  6%] [32mBuilding C object CMakeFiles/turtle_brick_interfaces__rosidl_generator_c.dir/rosidl_generator_c/turtle_brick_interfaces/srv/detail/place__type_support.c.o[0m
[3.012s] [  8%] [32mBuilding C object CMakeFiles/turtle_brick_interfaces__rosidl_generator_c.dir/rosidl_generator_c/turtle_brick_interfaces/msg/detail/tilt__functions.c.o[0m
[3.012s] [  8%] [32mBuilding C object CMakeFiles/turtle_brick_interfaces__rosidl_generator_c.dir/rosidl_generator_c/turtle_brick_interfaces/srv/detail/stop_gravity__functions.c.o[0m
[3.012s] [ 10%] [32mBuilding C object CMakeFiles/turtle_brick_interfaces__rosidl_generator_c.dir/rosidl_generator_c/turtle_brick_interfaces/msg/detail/tilt__description.c.o[0m
[3.013s] [ 10%] [32mBuilding C object CMakeFiles/turtle_brick_interfaces__rosidl_generator_c.dir/rosidl_generator_c/turtle_brick_interfaces/msg/detail/tilt__type_support.c.o[0m
[3.013s] [ 12%] [32mBuilding C object CMakeFiles/turtle_brick_interfaces__rosidl_generator_c.dir/rosidl_generator_c/turtle_brick_interfaces/srv/detail/provide_goal_pose__functions.c.o[0m
[3.013s] [ 12%] [32mBuilding C object CMakeFiles/turtle_brick_interfaces__rosidl_generator_c.dir/rosidl_generator_c/turtle_brick_interfaces/srv/detail/provide_goal_pose__description.c.o[0m
[3.013s] [ 13%] [32mBuilding C object CMakeFiles/turtle_brick_interfaces__rosidl_generator_c.dir/rosidl_generator_c/turtle_brick_interfaces/srv/detail/provide_goal_pose__type_support.c.o[0m
[3.014s] [ 14%] [32mBuilding C object CMakeFiles/turtle_brick_interfaces__rosidl_generator_c.dir/rosidl_generator_c/turtle_brick_interfaces/srv/detail/place__description.c.o[0m
[3.015s] [ 15%] [32mBuilding C object CMakeFiles/turtle_brick_interfaces__rosidl_generator_c.dir/rosidl_generator_c/turtle_brick_interfaces/srv/detail/stop_gravity__description.c.o[0m
[3.016s] [ 17%] [32mBuilding C object CMakeFiles/turtle_brick_interfaces__rosidl_generator_c.dir/rosidl_generator_c/turtle_brick_interfaces/msg/detail/turtle_location__functions.c.o[0m
[3.019s] [ 19%] [32mBuilding C object CMakeFiles/turtle_brick_interfaces__rosidl_generator_c.dir/rosidl_generator_c/turtle_brick_interfaces/msg/detail/brick_location__functions.c.o[0m
[3.019s] [ 19%] [32mBuilding C object CMakeFiles/turtle_brick_interfaces__rosidl_generator_c.dir/rosidl_generator_c/turtle_brick_interfaces/msg/detail/brick_dropped__type_support.c.o[0m
[3.020s] [ 20%] [32mBuilding C object CMakeFiles/turtle_brick_interfaces__rosidl_generator_c.dir/rosidl_generator_c/turtle_brick_interfaces/msg/detail/turtle_location__description.c.o[0m
[3.021s] [ 21%] [32mBuilding C object CMakeFiles/turtle_brick_interfaces__rosidl_generator_c.dir/rosidl_generator_c/turtle_brick_interfaces/msg/detail/turtle_location__type_support.c.o[0m
[3.022s] [ 22%] [32mBuilding C object CMakeFiles/turtle_brick_interfaces__rosidl_generator_c.dir/rosidl_generator_c/turtle_brick_interfaces/msg/detail/brick_location__description.c.o[0m
[3.023s] [ 23%] [32mBuilding C object CMakeFiles/turtle_brick_interfaces__rosidl_generator_c.dir/rosidl_generator_c/turtle_brick_interfaces/msg/detail/brick_dropped__functions.c.o[0m
[3.024s] [ 24%] [32mBuilding C object CMakeFiles/turtle_brick_interfaces__rosidl_generator_c.dir/rosidl_generator_c/turtle_brick_interfaces/msg/detail/brick_location__type_support.c.o[0m
[3.024s] [ 25%] [32mBuilding C object CMakeFiles/turtle_brick_interfaces__rosidl_generator_c.dir/rosidl_generator_c/turtle_brick_interfaces/msg/detail/brick_dropped__description.c.o[0m
[3.089s] [ 26%] [32m[1mLinking C shared library libturtle_brick_interfaces__rosidl_generator_c.so[0m
[3.129s] [ 26%] Built target turtle_brick_interfaces__rosidl_generator_c
[3.136s] [ 27%] [34m[1mGenerating C type support dispatch for ROS interfaces[0m
[3.137s] [ 28%] [34m[1mGenerating C++ type support dispatch for ROS interfaces[0m
[3.137s] [ 29%] [34m[1mGenerating C type support for eProsima Fast-RTPS[0m
[3.137s] [ 30%] [34m[1mGenerating C introspection for ROS interfaces[0m
[3.138s] [ 31%] [34m[1mGenerating C++ type support for eProsima Fast-RTPS[0m
[3.139s] [ 32%] [34m[1mGenerating C++ introspection for ROS interfaces[0m
[3.330s] [ 34%] [32mBuilding CXX object CMakeFiles/turtle_brick_interfaces__rosidl_typesupport_cpp.dir/rosidl_typesupport_cpp/turtle_brick_interfaces/srv/provide_goal_pose__type_support.cpp.o[0m
[3.330s] [ 35%] [32mBuilding CXX object CMakeFiles/turtle_brick_interfaces__rosidl_typesupport_cpp.dir/rosidl_typesupport_cpp/turtle_brick_interfaces/msg/turtle_location__type_support.cpp.o[0m
[3.331s] [ 36%] [32mBuilding CXX object CMakeFiles/turtle_brick_interfaces__rosidl_typesupport_cpp.dir/rosidl_typesupport_cpp/turtle_brick_interfaces/srv/place__type_support.cpp.o[0m
[3.331s] [ 37%] [32mBuilding CXX object CMakeFiles/turtle_brick_interfaces__rosidl_typesupport_cpp.dir/rosidl_typesupport_cpp/turtle_brick_interfaces/msg/brick_dropped__type_support.cpp.o[0m
[3.331s] [ 38%] [32mBuilding CXX object CMakeFiles/turtle_brick_interfaces__rosidl_typesupport_cpp.dir/rosidl_typesupport_cpp/turtle_brick_interfaces/srv/stop_gravity__type_support.cpp.o[0m
[3.331s] [ 39%] [32mBuilding CXX object CMakeFiles/turtle_brick_interfaces__rosidl_typesupport_cpp.dir/rosidl_typesupport_cpp/turtle_brick_interfaces/msg/tilt__type_support.cpp.o[0m
[3.332s] [ 40%] [32mBuilding CXX object CMakeFiles/turtle_brick_interfaces__rosidl_typesupport_cpp.dir/rosidl_typesupport_cpp/turtle_brick_interfaces/msg/brick_location__type_support.cpp.o[0m
[3.335s] [ 41%] [32mBuilding CXX object CMakeFiles/turtle_brick_interfaces__rosidl_typesupport_c.dir/rosidl_typesupport_c/turtle_brick_interfaces/srv/place__type_support.cpp.o[0m
[3.336s] [ 42%] [32mBuilding CXX object CMakeFiles/turtle_brick_interfaces__rosidl_typesupport_c.dir/rosidl_typesupport_c/turtle_brick_interfaces/msg/brick_dropped__type_support.cpp.o[0m
[3.337s] [ 43%] [32mBuilding CXX object CMakeFiles/turtle_brick_interfaces__rosidl_typesupport_c.dir/rosidl_typesupport_c/turtle_brick_interfaces/srv/provide_goal_pose__type_support.cpp.o[0m
[3.337s] [ 45%] [32mBuilding CXX object CMakeFiles/turtle_brick_interfaces__rosidl_typesupport_c.dir/rosidl_typesupport_c/turtle_brick_interfaces/msg/brick_location__type_support.cpp.o[0m
[3.337s] [ 45%] [32mBuilding CXX object CMakeFiles/turtle_brick_interfaces__rosidl_typesupport_c.dir/rosidl_typesupport_c/turtle_brick_interfaces/srv/stop_gravity__type_support.cpp.o[0m
[3.337s] [ 46%] [32mBuilding CXX object CMakeFiles/turtle_brick_interfaces__rosidl_typesupport_c.dir/rosidl_typesupport_c/turtle_brick_interfaces/msg/tilt__type_support.cpp.o[0m
[3.338s] [ 47%] [32mBuilding CXX object CMakeFiles/turtle_brick_interfaces__rosidl_typesupport_c.dir/rosidl_typesupport_c/turtle_brick_interfaces/msg/turtle_location__type_support.cpp.o[0m
[3.368s] [ 48%] [32mBuilding CXX object CMakeFiles/turtle_brick_interfaces__rosidl_typesupport_introspection_cpp.dir/rosidl_typesupport_introspection_cpp/turtle_brick_interfaces/srv/detail/provide_goal_pose__type_support.cpp.o[0m
[3.369s] [ 50%] [32mBuilding CXX object CMakeFiles/turtle_brick_interfaces__rosidl_typesupport_introspection_cpp.dir/rosidl_typesupport_introspection_cpp/turtle_brick_interfaces/srv/detail/place__type_support.cpp.o[0m
[3.369s] [ 51%] [32mBuilding CXX object CMakeFiles/turtle_brick_interfaces__rosidl_typesupport_introspection_cpp.dir/rosidl_typesupport_introspection_cpp/turtle_brick_interfaces/msg/detail/tilt__type_support.cpp.o[0m
[3.370s] [ 52%] [32mBuilding CXX object CMakeFiles/turtle_brick_interfaces__rosidl_typesupport_introspection_cpp.dir/rosidl_typesupport_introspection_cpp/turtle_brick_interfaces/msg/detail/brick_location__type_support.cpp.o[0m
[3.370s] [ 53%] [32mBuilding CXX object CMakeFiles/turtle_brick_interfaces__rosidl_typesupport_introspection_cpp.dir/rosidl_typesupport_introspection_cpp/turtle_brick_interfaces/srv/detail/stop_gravity__type_support.cpp.o[0m
[3.371s] [ 54%] [32mBuilding CXX object CMakeFiles/turtle_brick_interfaces__rosidl_typesupport_introspection_cpp.dir/rosidl_typesupport_introspection_cpp/turtle_brick_interfaces/msg/detail/turtle_location__type_support.cpp.o[0m
[3.375s] [ 55%] [32mBuilding CXX object CMakeFiles/turtle_brick_interfaces__rosidl_typesupport_introspection_cpp.dir/rosidl_typesupport_introspection_cpp/turtle_brick_interfaces/msg/detail/brick_dropped__type_support.cpp.o[0m
[3.384s] [ 56%] [32m[1mLinking CXX shared library libturtle_brick_interfaces__rosidl_typesupport_c.so[0m
[3.392s] [ 57%] [32mBuilding C object CMakeFiles/turtle_brick_interfaces__rosidl_typesupport_introspection_c.dir/rosidl_typesupport_introspection_c/turtle_brick_interfaces/srv/detail/provide_goal_pose__type_support.c.o[0m
[3.392s] [ 60%] [32mBuilding C object CMakeFiles/turtle_brick_interfaces__rosidl_typesupport_introspection_c.dir/rosidl_typesupport_introspection_c/turtle_brick_interfaces/srv/detail/stop_gravity__type_support.c.o[0m
[3.392s] [ 60%] [32mBuilding C object CMakeFiles/turtle_brick_interfaces__rosidl_typesupport_introspection_c.dir/rosidl_typesupport_introspection_c/turtle_brick_interfaces/msg/detail/tilt__type_support.c.o[0m
[3.392s] [ 58%] [32mBuilding C object CMakeFiles/turtle_brick_interfaces__rosidl_typesupport_introspection_c.dir/rosidl_typesupport_introspection_c/turtle_brick_interfaces/srv/detail/place__type_support.c.o[0m
[3.393s] [ 62%] [32mBuilding C object CMakeFiles/turtle_brick_interfaces__rosidl_typesupport_introspection_c.dir/rosidl_typesupport_introspection_c/turtle_brick_interfaces/msg/detail/turtle_location__type_support.c.o[0m
[3.393s] [ 62%] [32mBuilding C object CMakeFiles/turtle_brick_interfaces__rosidl_typesupport_introspection_c.dir/rosidl_typesupport_introspection_c/turtle_brick_interfaces/msg/detail/brick_location__type_support.c.o[0m
[3.393s] [ 63%] [32mBuilding C object CMakeFiles/turtle_brick_interfaces__rosidl_typesupport_introspection_c.dir/rosidl_typesupport_introspection_c/turtle_brick_interfaces/msg/detail/brick_dropped__type_support.c.o[0m
[3.422s] [ 63%] Built target turtle_brick_interfaces__rosidl_typesupport_c
[3.440s] [ 64%] [32m[1mLinking C shared library libturtle_brick_interfaces__rosidl_typesupport_introspection_c.so[0m
[3.464s] [ 65%] [32mBuilding CXX object CMakeFiles/turtle_brick_interfaces__rosidl_typesupport_fastrtps_cpp.dir/rosidl_typesupport_fastrtps_cpp/turtle_brick_interfaces/msg/detail/dds_fastrtps/tilt__type_support.cpp.o[0m
[3.465s] [ 65%] Built target turtle_brick_interfaces__rosidl_typesupport_introspection_c
[3.466s] [ 68%] [32mBuilding CXX object CMakeFiles/turtle_brick_interfaces__rosidl_typesupport_fastrtps_cpp.dir/rosidl_typesupport_fastrtps_cpp/turtle_brick_interfaces/srv/detail/dds_fastrtps/provide_goal_pose__type_support.cpp.o[0m
[3.466s] [ 68%] [32mBuilding CXX object CMakeFiles/turtle_brick_interfaces__rosidl_typesupport_fastrtps_cpp.dir/rosidl_typesupport_fastrtps_cpp/turtle_brick_interfaces/srv/detail/dds_fastrtps/place__type_support.cpp.o[0m
[3.466s] [ 69%] [32mBuilding CXX object CMakeFiles/turtle_brick_interfaces__rosidl_typesupport_fastrtps_cpp.dir/rosidl_typesupport_fastrtps_cpp/turtle_brick_interfaces/srv/detail/dds_fastrtps/stop_gravity__type_support.cpp.o[0m
[3.466s] [ 70%] [32mBuilding CXX object CMakeFiles/turtle_brick_interfaces__rosidl_typesupport_fastrtps_cpp.dir/rosidl_typesupport_fastrtps_cpp/turtle_brick_interfaces/msg/detail/dds_fastrtps/turtle_location__type_support.cpp.o[0m
[3.467s] [ 71%] [32mBuilding CXX object CMakeFiles/turtle_brick_interfaces__rosidl_typesupport_fastrtps_cpp.dir/rosidl_typesupport_fastrtps_cpp/turtle_brick_interfaces/msg/detail/dds_fastrtps/brick_dropped__type_support.cpp.o[0m
[3.467s] [ 72%] [32mBuilding CXX object CMakeFiles/turtle_brick_interfaces__rosidl_typesupport_fastrtps_cpp.dir/rosidl_typesupport_fastrtps_cpp/turtle_brick_interfaces/msg/detail/dds_fastrtps/brick_location__type_support.cpp.o[0m
[3.501s] [ 73%] [32mBuilding CXX object CMakeFiles/turtle_brick_interfaces__rosidl_typesupport_fastrtps_c.dir/rosidl_typesupport_fastrtps_c/turtle_brick_interfaces/srv/detail/provide_goal_pose__type_support_c.cpp.o[0m
[3.501s] [ 74%] [32mBuilding CXX object CMakeFiles/turtle_brick_interfaces__rosidl_typesupport_fastrtps_c.dir/rosidl_typesupport_fastrtps_c/turtle_brick_interfaces/srv/detail/place__type_support_c.cpp.o[0m
[3.501s] [ 75%] [32mBuilding CXX object CMakeFiles/turtle_brick_interfaces__rosidl_typesupport_fastrtps_c.dir/rosidl_typesupport_fastrtps_c/turtle_brick_interfaces/srv/detail/stop_gravity__type_support_c.cpp.o[0m
[3.501s] [ 76%] [32mBuilding CXX object CMakeFiles/turtle_brick_interfaces__rosidl_typesupport_fastrtps_c.dir/rosidl_typesupport_fastrtps_c/turtle_brick_interfaces/msg/detail/turtle_location__type_support_c.cpp.o[0m
[3.501s] [ 77%] [32mBuilding CXX object CMakeFiles/turtle_brick_interfaces__rosidl_typesupport_fastrtps_c.dir/rosidl_typesupport_fastrtps_c/turtle_brick_interfaces/msg/detail/brick_location__type_support_c.cpp.o[0m
[3.502s] [ 78%] [32mBuilding CXX object CMakeFiles/turtle_brick_interfaces__rosidl_typesupport_fastrtps_c.dir/rosidl_typesupport_fastrtps_c/turtle_brick_interfaces/msg/detail/tilt__type_support_c.cpp.o[0m
[3.502s] [ 79%] [32mBuilding CXX object CMakeFiles/turtle_brick_interfaces__rosidl_typesupport_fastrtps_c.dir/rosidl_typesupport_fastrtps_c/turtle_brick_interfaces/msg/detail/brick_dropped__type_support_c.cpp.o[0m
[3.783s] [ 80%] [32m[1mLinking CXX shared library libturtle_brick_interfaces__rosidl_typesupport_cpp.so[0m
[3.847s] [ 80%] Built target turtle_brick_interfaces__rosidl_typesupport_cpp
[3.857s] [ 81%] [32m[1mLinking CXX shared library libturtle_brick_interfaces__rosidl_typesupport_introspection_cpp.so[0m
[3.911s] [ 81%] Built target turtle_brick_interfaces__rosidl_typesupport_introspection_cpp
[3.964s] [ 82%] [32m[1mLinking CXX shared library libturtle_brick_interfaces__rosidl_typesupport_fastrtps_c.so[0m
[4.008s] [ 82%] Built target turtle_brick_interfaces__rosidl_typesupport_fastrtps_c
[4.032s] [ 84%] [32m[1mLinking CXX shared library libturtle_brick_interfaces__rosidl_typesupport_fastrtps_cpp.so[0m
[4.091s] [ 84%] Built target turtle_brick_interfaces__rosidl_typesupport_fastrtps_cpp
[4.106s] [ 84%] Built target turtle_brick_interfaces
[4.136s] [ 85%] [34m[1mGenerating Python code for ROS interfaces[0m
[4.533s] [ 85%] Built target turtle_brick_interfaces__py
[4.553s] [ 86%] [32mBuilding C object CMakeFiles/turtle_brick_interfaces__rosidl_generator_py.dir/rosidl_generator_py/turtle_brick_interfaces/srv/_provide_goal_pose_s.c.o[0m
[4.553s] [ 87%] [32mBuilding C object CMakeFiles/turtle_brick_interfaces__rosidl_generator_py.dir/rosidl_generator_py/turtle_brick_interfaces/srv/_place_s.c.o[0m
[4.553s] [ 90%] [32mBuilding C object CMakeFiles/turtle_brick_interfaces__rosidl_generator_py.dir/rosidl_generator_py/turtle_brick_interfaces/msg/_tilt_s.c.o[0m
[4.553s] [ 90%] [32mBuilding C object CMakeFiles/turtle_brick_interfaces__rosidl_generator_py.dir/rosidl_generator_py/turtle_brick_interfaces/srv/_stop_gravity_s.c.o[0m
[4.553s] [ 90%] [32mBuilding C object CMakeFiles/turtle_brick_interfaces__rosidl_generator_py.dir/rosidl_generator_py/turtle_brick_interfaces/msg/_brick_dropped_s.c.o[0m
[4.553s] [ 91%] [32mBuilding C object CMakeFiles/turtle_brick_interfaces__rosidl_generator_py.dir/rosidl_generator_py/turtle_brick_interfaces/msg/_turtle_location_s.c.o[0m
[4.553s] [ 92%] [32mBuilding C object CMakeFiles/turtle_brick_interfaces__rosidl_generator_py.dir/rosidl_generator_py/turtle_brick_interfaces/msg/_brick_location_s.c.o[0m
[4.641s] [ 93%] [32m[1mLinking C shared library libturtle_brick_interfaces__rosidl_generator_py.so[0m
[4.677s] [ 93%] Built target turtle_brick_interfaces__rosidl_generator_py
[4.697s] [ 94%] [32mBuilding C object CMakeFiles/turtle_brick_interfaces_s__rosidl_typesupport_fastrtps_c.dir/rosidl_generator_py/turtle_brick_interfaces/_turtle_brick_interfaces_s.ep.rosidl_typesupport_fastrtps_c.c.o[0m
[4.697s] [ 95%] [32mBuilding C object CMakeFiles/turtle_brick_interfaces_s__rosidl_typesupport_introspection_c.dir/rosidl_generator_py/turtle_brick_interfaces/_turtle_brick_interfaces_s.ep.rosidl_typesupport_introspection_c.c.o[0m
[4.697s] [ 96%] [32mBuilding C object CMakeFiles/turtle_brick_interfaces_s__rosidl_typesupport_c.dir/rosidl_generator_py/turtle_brick_interfaces/_turtle_brick_interfaces_s.ep.rosidl_typesupport_c.c.o[0m
[4.780s] [ 97%] [32m[1mLinking C shared module rosidl_generator_py/turtle_brick_interfaces/turtle_brick_interfaces_s__rosidl_typesupport_c.so[0m
[4.781s] [ 98%] [32m[1mLinking C shared module rosidl_generator_py/turtle_brick_interfaces/turtle_brick_interfaces_s__rosidl_typesupport_fastrtps_c.so[0m
[4.785s] [100%] [32m[1mLinking C shared module rosidl_generator_py/turtle_brick_interfaces/turtle_brick_interfaces_s__rosidl_typesupport_introspection_c.so[0m
[4.802s] [100%] Built target turtle_brick_interfaces_s__rosidl_typesupport_fastrtps_c
[4.803s] [100%] Built target turtle_brick_interfaces_s__rosidl_typesupport_c
[4.804s] [100%] Built target turtle_brick_interfaces_s__rosidl_typesupport_introspection_c
[4.812s] Invoked command in '/home/asaace00/repo/me495/hw2/src/homework2/build/turtle_brick_interfaces' returned '0': CMAKE_PREFIX_PATH=${CMAKE_PREFIX_PATH}:/home/asaace00/repo/me495/hw2/src/homework2/install/turtle_brick:/home/asaace00/repo/homework1/install/turtle_control:/home/asaace00/repo/homework1/install/crazy_turtle:/opt/ros/jazzy /usr/bin/cmake --build /home/asaace00/repo/me495/hw2/src/homework2/build/turtle_brick_interfaces -- -j32 -l32
[5.102s] Invoking command in '/home/asaace00/repo/me495/hw2/src/homework2/build/turtle_brick_interfaces': CMAKE_PREFIX_PATH=${CMAKE_PREFIX_PATH}:/home/asaace00/repo/me495/hw2/src/homework2/install/turtle_brick:/home/asaace00/repo/homework1/install/turtle_control:/home/asaace00/repo/homework1/install/crazy_turtle:/opt/ros/jazzy /usr/bin/cmake --install /home/asaace00/repo/me495/hw2/src/homework2/build/turtle_brick_interfaces
[5.113s] -- Install configuration: ""
[5.113s] -- Installing: /home/asaace00/repo/me495/hw2/src/homework2/install/turtle_brick_interfaces/share/ament_index/resource_index/rosidl_interfaces/turtle_brick_interfaces
[5.114s] -- Installing: /home/asaace00/repo/me495/hw2/src/homework2/install/turtle_brick_interfaces/share/turtle_brick_interfaces/srv/ProvideGoalPose.json
[5.114s] -- Installing: /home/asaace00/repo/me495/hw2/src/homework2/install/turtle_brick_interfaces/share/turtle_brick_interfaces/srv/Place.json
[5.114s] -- Installing: /home/asaace00/repo/me495/hw2/src/homework2/install/turtle_brick_interfaces/share/turtle_brick_interfaces/srv/StopGravity.json
[5.114s] -- Installing: /home/asaace00/repo/me495/hw2/src/homework2/install/turtle_brick_interfaces/share/turtle_brick_interfaces/msg/Tilt.json
[5.115s] -- Installing: /home/asaace00/repo/me495/hw2/src/homework2/install/turtle_brick_interfaces/share/turtle_brick_interfaces/msg/TurtleLocation.json
[5.115s] -- Installing: /home/asaace00/repo/me495/hw2/src/homework2/install/turtle_brick_interfaces/share/turtle_brick_interfaces/msg/BrickLocation.json
[5.115s] -- Installing: /home/asaace00/repo/me495/hw2/src/homework2/install/turtle_brick_interfaces/share/turtle_brick_interfaces/msg/BrickDropped.json
[5.115s] -- Installing: /home/asaace00/repo/me495/hw2/src/homework2/install/turtle_brick_interfaces/include/turtle_brick_interfaces/turtle_brick_interfaces
[5.115s] -- Installing: /home/asaace00/repo/me495/hw2/src/homework2/install/turtle_brick_interfaces/include/turtle_brick_interfaces/turtle_brick_interfaces/srv
[5.115s] -- Installing: /home/asaace00/repo/me495/hw2/src/homework2/install/turtle_brick_interfaces/include/turtle_brick_interfaces/turtle_brick_interfaces/srv/provide_goal_pose.h
[5.115s] -- Installing: /home/asaace00/repo/me495/hw2/src/homework2/install/turtle_brick_interfaces/include/turtle_brick_interfaces/turtle_brick_interfaces/srv/place.h
[5.115s] -- Installing: /home/asaace00/repo/me495/hw2/src/homework2/install/turtle_brick_interfaces/include/turtle_brick_interfaces/turtle_brick_interfaces/srv/stop_gravity.h
[5.115s] -- Installing: /home/asaace00/repo/me495/hw2/src/homework2/install/turtle_brick_interfaces/include/turtle_brick_interfaces/turtle_brick_interfaces/srv/detail
[5.115s] -- Installing: /home/asaace00/repo/me495/hw2/src/homework2/install/turtle_brick_interfaces/include/turtle_brick_interfaces/turtle_brick_interfaces/srv/detail/stop_gravity__functions.h
[5.115s] -- Installing: /home/asaace00/repo/me495/hw2/src/homework2/install/turtle_brick_interfaces/include/turtle_brick_interfaces/turtle_brick_interfaces/srv/detail/place__description.c
[5.115s] -- Installing: /home/asaace00/repo/me495/hw2/src/homework2/install/turtle_brick_interfaces/include/turtle_brick_interfaces/turtle_brick_interfaces/srv/detail/provide_goal_pose__functions.h
[5.115s] -- Installing: /home/asaace00/repo/me495/hw2/src/homework2/install/turtle_brick_interfaces/include/turtle_brick_interfaces/turtle_brick_interfaces/srv/detail/provide_goal_pose__struct.h
[5.115s] -- Installing: /home/asaace00/repo/me495/hw2/src/homework2/install/turtle_brick_interfaces/include/turtle_brick_interfaces/turtle_brick_interfaces/srv/detail/provide_goal_pose__type_support.c
[5.115s] -- Installing: /home/asaace00/repo/me495/hw2/src/homework2/install/turtle_brick_interfaces/include/turtle_brick_interfaces/turtle_brick_interfaces/srv/detail/provide_goal_pose__type_support.h
[5.115s] -- Installing: /home/asaace00/repo/me495/hw2/src/homework2/install/turtle_brick_interfaces/include/turtle_brick_interfaces/turtle_brick_interfaces/srv/detail/stop_gravity__description.c
[5.115s] -- Installing: /home/asaace00/repo/me495/hw2/src/homework2/install/turtle_brick_interfaces/include/turtle_brick_interfaces/turtle_brick_interfaces/srv/detail/provide_goal_pose__functions.c
[5.115s] -- Installing: /home/asaace00/repo/me495/hw2/src/homework2/install/turtle_brick_interfaces/include/turtle_brick_interfaces/turtle_brick_interfaces/srv/detail/place__struct.h
[5.115s] -- Installing: /home/asaace00/repo/me495/hw2/src/homework2/install/turtle_brick_interfaces/include/turtle_brick_interfaces/turtle_brick_interfaces/srv/detail/stop_gravity__type_support.c
[5.115s] -- Installing: /home/asaace00/repo/me495/hw2/src/homework2/install/turtle_brick_interfaces/include/turtle_brick_interfaces/turtle_brick_interfaces/srv/detail/place__type_support.h
[5.115s] -- Installing: /home/asaace00/repo/me495/hw2/src/homework2/install/turtle_brick_interfaces/include/turtle_brick_interfaces/turtle_brick_interfaces/srv/detail/stop_gravity__struct.h
[5.115s] -- Installing: /home/asaace00/repo/me495/hw2/src/homework2/install/turtle_brick_interfaces/include/turtle_brick_interfaces/turtle_brick_interfaces/srv/detail/place__functions.h
[5.116s] -- Installing: /home/asaace00/repo/me495/hw2/src/homework2/install/turtle_brick_interfaces/include/turtle_brick_interfaces/turtle_brick_interfaces/srv/detail/place__functions.c
[5.116s] -- Installing: /home/asaace00/repo/me495/hw2/src/homework2/install/turtle_brick_interfaces/include/turtle_brick_interfaces/turtle_brick_interfaces/srv/detail/stop_gravity__functions.c
[5.116s] -- Installing: /home/asaace00/repo/me495/hw2/src/homework2/install/turtle_brick_interfaces/include/turtle_brick_interfaces/turtle_brick_interfaces/srv/detail/stop_gravity__type_support.h
[5.116s] -- Installing: /home/asaace00/repo/me495/hw2/src/homework2/install/turtle_brick_interfaces/include/turtle_brick_interfaces/turtle_brick_interfaces/srv/detail/place__type_support.c
[5.116s] -- Installing: /home/asaace00/repo/me495/hw2/src/homework2/install/turtle_brick_interfaces/include/turtle_brick_interfaces/turtle_brick_interfaces/srv/detail/provide_goal_pose__description.c
[5.116s] -- Installing: /home/asaace00/repo/me495/hw2/src/homework2/install/turtle_brick_interfaces/include/turtle_brick_interfaces/turtle_brick_interfaces/msg
[5.116s] -- Installing: /home/asaace00/repo/me495/hw2/src/homework2/install/turtle_brick_interfaces/include/turtle_brick_interfaces/turtle_brick_interfaces/msg/brick_location.h
[5.116s] -- Installing: /home/asaace00/repo/me495/hw2/src/homework2/install/turtle_brick_interfaces/include/turtle_brick_interfaces/turtle_brick_interfaces/msg/rosidl_generator_c__visibility_control.h
[5.116s] -- Installing: /home/asaace00/repo/me495/hw2/src/homework2/install/turtle_brick_interfaces/include/turtle_brick_interfaces/turtle_brick_interfaces/msg/turtle_location.h
[5.116s] -- Installing: /home/asaace00/repo/me495/hw2/src/homework2/install/turtle_brick_interfaces/include/turtle_brick_interfaces/turtle_brick_interfaces/msg/brick_dropped.h
[5.116s] -- Installing: /home/asaace00/repo/me495/hw2/src/homework2/install/turtle_brick_interfaces/include/turtle_brick_interfaces/turtle_brick_interfaces/msg/tilt.h
[5.116s] -- Installing: /home/asaace00/repo/me495/hw2/src/homework2/install/turtle_brick_interfaces/include/turtle_brick_interfaces/turtle_brick_interfaces/msg/detail
[5.116s] -- Installing: /home/asaace00/repo/me495/hw2/src/homework2/install/turtle_brick_interfaces/include/turtle_brick_interfaces/turtle_brick_interfaces/msg/detail/brick_dropped__type_support.c
[5.116s] -- Installing: /home/asaace00/repo/me495/hw2/src/homework2/install/turtle_brick_interfaces/include/turtle_brick_interfaces/turtle_brick_interfaces/msg/detail/brick_location__functions.h
[5.116s] -- Installing: /home/asaace00/repo/me495/hw2/src/homework2/install/turtle_brick_interfaces/include/turtle_brick_interfaces/turtle_brick_interfaces/msg/detail/turtle_location__functions.h
[5.116s] -- Installing: /home/asaace00/repo/me495/hw2/src/homework2/install/turtle_brick_interfaces/include/turtle_brick_interfaces/turtle_brick_interfaces/msg/detail/turtle_location__functions.c
[5.116s] -- Installing: /home/asaace00/repo/me495/hw2/src/homework2/install/turtle_brick_interfaces/include/turtle_brick_interfaces/turtle_brick_interfaces/msg/detail/brick_dropped__functions.c
[5.116s] -- Installing: /home/asaace00/repo/me495/hw2/src/homework2/install/turtle_brick_interfaces/include/turtle_brick_interfaces/turtle_brick_interfaces/msg/detail/brick_location__type_support.c
[5.116s] -- Installing: /home/asaace00/repo/me495/hw2/src/homework2/install/turtle_brick_interfaces/include/turtle_brick_interfaces/turtle_brick_interfaces/msg/detail/brick_location__struct.h
[5.116s] -- Installing: /home/asaace00/repo/me495/hw2/src/homework2/install/turtle_brick_interfaces/include/turtle_brick_interfaces/turtle_brick_interfaces/msg/detail/turtle_location__struct.h
[5.116s] -- Installing: /home/asaace00/repo/me495/hw2/src/homework2/install/turtle_brick_interfaces/include/turtle_brick_interfaces/turtle_brick_interfaces/msg/detail/tilt__description.c
[5.116s] -- Installing: /home/asaace00/repo/me495/hw2/src/homework2/install/turtle_brick_interfaces/include/turtle_brick_interfaces/turtle_brick_interfaces/msg/detail/turtle_location__type_support.c
[5.116s] -- Installing: /home/asaace00/repo/me495/hw2/src/homework2/install/turtle_brick_interfaces/include/turtle_brick_interfaces/turtle_brick_interfaces/msg/detail/brick_dropped__struct.h
[5.117s] -- Installing: /home/asaace00/repo/me495/hw2/src/homework2/install/turtle_brick_interfaces/include/turtle_brick_interfaces/turtle_brick_interfaces/msg/detail/tilt__type_support.c
[5.117s] -- Installing: /home/asaace00/repo/me495/hw2/src/homework2/install/turtle_brick_interfaces/include/turtle_brick_interfaces/turtle_brick_interfaces/msg/detail/tilt__type_support.h
[5.117s] -- Installing: /home/asaace00/repo/me495/hw2/src/homework2/install/turtle_brick_interfaces/include/turtle_brick_interfaces/turtle_brick_interfaces/msg/detail/turtle_location__type_support.h
[5.117s] -- Installing: /home/asaace00/repo/me495/hw2/src/homework2/install/turtle_brick_interfaces/include/turtle_brick_interfaces/turtle_brick_interfaces/msg/detail/tilt__struct.h
[5.117s] -- Installing: /home/asaace00/repo/me495/hw2/src/homework2/install/turtle_brick_interfaces/include/turtle_brick_interfaces/turtle_brick_interfaces/msg/detail/brick_location__description.c
[5.117s] -- Installing: /home/asaace00/repo/me495/hw2/src/homework2/install/turtle_brick_interfaces/include/turtle_brick_interfaces/turtle_brick_interfaces/msg/detail/brick_dropped__type_support.h
[5.117s] -- Installing: /home/asaace00/repo/me495/hw2/src/homework2/install/turtle_brick_interfaces/include/turtle_brick_interfaces/turtle_brick_interfaces/msg/detail/tilt__functions.h
[5.117s] -- Installing: /home/asaace00/repo/me495/hw2/src/homework2/install/turtle_brick_interfaces/include/turtle_brick_interfaces/turtle_brick_interfaces/msg/detail/turtle_location__description.c
[5.117s] -- Installing: /home/asaace00/repo/me495/hw2/src/homework2/install/turtle_brick_interfaces/include/turtle_brick_interfaces/turtle_brick_interfaces/msg/detail/brick_location__functions.c
[5.117s] -- Installing: /home/asaace00/repo/me495/hw2/src/homework2/install/turtle_brick_interfaces/include/turtle_brick_interfaces/turtle_brick_interfaces/msg/detail/brick_location__type_support.h
[5.117s] -- Installing: /home/asaace00/repo/me495/hw2/src/homework2/install/turtle_brick_interfaces/include/turtle_brick_interfaces/turtle_brick_interfaces/msg/detail/brick_dropped__functions.h
[5.117s] -- Installing: /home/asaace00/repo/me495/hw2/src/homework2/install/turtle_brick_interfaces/include/turtle_brick_interfaces/turtle_brick_interfaces/msg/detail/brick_dropped__description.c
[5.117s] -- Installing: /home/asaace00/repo/me495/hw2/src/homework2/install/turtle_brick_interfaces/include/turtle_brick_interfaces/turtle_brick_interfaces/msg/detail/tilt__functions.c
[5.117s] -- Installing: /home/asaace00/repo/me495/hw2/src/homework2/install/turtle_brick_interfaces/share/turtle_brick_interfaces/environment/library_path.sh
[5.117s] -- Installing: /home/asaace00/repo/me495/hw2/src/homework2/install/turtle_brick_interfaces/share/turtle_brick_interfaces/environment/library_path.dsv
[5.117s] -- Installing: /home/asaace00/repo/me495/hw2/src/homework2/install/turtle_brick_interfaces/lib/libturtle_brick_interfaces__rosidl_generator_c.so
[5.118s] -- Set non-toolchain portion of runtime path of "/home/asaace00/repo/me495/hw2/src/homework2/install/turtle_brick_interfaces/lib/libturtle_brick_interfaces__rosidl_generator_c.so" to ""
[5.118s] -- Up-to-date: /home/asaace00/repo/me495/hw2/src/homework2/install/turtle_brick_interfaces/include/turtle_brick_interfaces/turtle_brick_interfaces
[5.118s] -- Up-to-date: /home/asaace00/repo/me495/hw2/src/homework2/install/turtle_brick_interfaces/include/turtle_brick_interfaces/turtle_brick_interfaces/srv
[5.118s] -- Up-to-date: /home/asaace00/repo/me495/hw2/src/homework2/install/turtle_brick_interfaces/include/turtle_brick_interfaces/turtle_brick_interfaces/srv/detail
[5.118s] -- Installing: /home/asaace00/repo/me495/hw2/src/homework2/install/turtle_brick_interfaces/include/turtle_brick_interfaces/turtle_brick_interfaces/srv/detail/stop_gravity__rosidl_typesupport_fastrtps_c.h
[5.118s] -- Installing: /home/asaace00/repo/me495/hw2/src/homework2/install/turtle_brick_interfaces/include/turtle_brick_interfaces/turtle_brick_interfaces/srv/detail/place__rosidl_typesupport_fastrtps_c.h
[5.118s] -- Installing: /home/asaace00/repo/me495/hw2/src/homework2/install/turtle_brick_interfaces/include/turtle_brick_interfaces/turtle_brick_interfaces/srv/detail/provide_goal_pose__rosidl_typesupport_fastrtps_c.h
[5.118s] -- Up-to-date: /home/asaace00/repo/me495/hw2/src/homework2/install/turtle_brick_interfaces/include/turtle_brick_interfaces/turtle_brick_interfaces/msg
[5.118s] -- Installing: /home/asaace00/repo/me495/hw2/src/homework2/install/turtle_brick_interfaces/include/turtle_brick_interfaces/turtle_brick_interfaces/msg/rosidl_typesupport_fastrtps_c__visibility_control.h
[5.118s] -- Up-to-date: /home/asaace00/repo/me495/hw2/src/homework2/install/turtle_brick_interfaces/include/turtle_brick_interfaces/turtle_brick_interfaces/msg/detail
[5.118s] -- Installing: /home/asaace00/repo/me495/hw2/src/homework2/install/turtle_brick_interfaces/include/turtle_brick_interfaces/turtle_brick_interfaces/msg/detail/brick_location__rosidl_typesupport_fastrtps_c.h
[5.118s] -- Installing: /home/asaace00/repo/me495/hw2/src/homework2/install/turtle_brick_interfaces/include/turtle_brick_interfaces/turtle_brick_interfaces/msg/detail/tilt__rosidl_typesupport_fastrtps_c.h
[5.118s] -- Installing: /home/asaace00/repo/me495/hw2/src/homework2/install/turtle_brick_interfaces/include/turtle_brick_interfaces/turtle_brick_interfaces/msg/detail/turtle_location__rosidl_typesupport_fastrtps_c.h
[5.118s] -- Installing: /home/asaace00/repo/me495/hw2/src/homework2/install/turtle_brick_interfaces/include/turtle_brick_interfaces/turtle_brick_interfaces/msg/detail/brick_dropped__rosidl_typesupport_fastrtps_c.h
[5.118s] -- Installing: /home/asaace00/repo/me495/hw2/src/homework2/install/turtle_brick_interfaces/lib/libturtle_brick_interfaces__rosidl_typesupport_fastrtps_c.so
[5.118s] -- Set non-toolchain portion of runtime path of "/home/asaace00/repo/me495/hw2/src/homework2/install/turtle_brick_interfaces/lib/libturtle_brick_interfaces__rosidl_typesupport_fastrtps_c.so" to ""
[5.118s] -- Up-to-date: /home/asaace00/repo/me495/hw2/src/homework2/install/turtle_brick_interfaces/include/turtle_brick_interfaces/turtle_brick_interfaces
[5.118s] -- Up-to-date: /home/asaace00/repo/me495/hw2/src/homework2/install/turtle_brick_interfaces/include/turtle_brick_interfaces/turtle_brick_interfaces/srv
[5.118s] -- Up-to-date: /home/asaace00/repo/me495/hw2/src/homework2/install/turtle_brick_interfaces/include/turtle_brick_interfaces/turtle_brick_interfaces/srv/detail
[5.118s] -- Up-to-date: /home/asaace00/repo/me495/hw2/src/homework2/install/turtle_brick_interfaces/include/turtle_brick_interfaces/turtle_brick_interfaces/srv/detail/provide_goal_pose__type_support.c
[5.118s] -- Installing: /home/asaace00/repo/me495/hw2/src/homework2/install/turtle_brick_interfaces/include/turtle_brick_interfaces/turtle_brick_interfaces/srv/detail/place__rosidl_typesupport_introspection_c.h
[5.118s] -- Installing: /home/asaace00/repo/me495/hw2/src/homework2/install/turtle_brick_interfaces/include/turtle_brick_interfaces/turtle_brick_interfaces/srv/detail/stop_gravity__rosidl_typesupport_introspection_c.h
[5.119s] -- Up-to-date: /home/asaace00/repo/me495/hw2/src/homework2/install/turtle_brick_interfaces/include/turtle_brick_interfaces/turtle_brick_interfaces/srv/detail/stop_gravity__type_support.c
[5.119s] -- Up-to-date: /home/asaace00/repo/me495/hw2/src/homework2/install/turtle_brick_interfaces/include/turtle_brick_interfaces/turtle_brick_interfaces/srv/detail/place__type_support.c
[5.119s] -- Installing: /home/asaace00/repo/me495/hw2/src/homework2/install/turtle_brick_interfaces/include/turtle_brick_interfaces/turtle_brick_interfaces/srv/detail/provide_goal_pose__rosidl_typesupport_introspection_c.h
[5.119s] -- Up-to-date: /home/asaace00/repo/me495/hw2/src/homework2/install/turtle_brick_interfaces/include/turtle_brick_interfaces/turtle_brick_interfaces/msg
[5.119s] -- Installing: /home/asaace00/repo/me495/hw2/src/homework2/install/turtle_brick_interfaces/include/turtle_brick_interfaces/turtle_brick_interfaces/msg/rosidl_typesupport_introspection_c__visibility_control.h
[5.119s] -- Up-to-date: /home/asaace00/repo/me495/hw2/src/homework2/install/turtle_brick_interfaces/include/turtle_brick_interfaces/turtle_brick_interfaces/msg/detail
[5.119s] -- Up-to-date: /home/asaace00/repo/me495/hw2/src/homework2/install/turtle_brick_interfaces/include/turtle_brick_interfaces/turtle_brick_interfaces/msg/detail/brick_dropped__type_support.c
[5.119s] -- Installing: /home/asaace00/repo/me495/hw2/src/homework2/install/turtle_brick_interfaces/include/turtle_brick_interfaces/turtle_brick_interfaces/msg/detail/brick_location__rosidl_typesupport_introspection_c.h
[5.119s] -- Installing: /home/asaace00/repo/me495/hw2/src/homework2/install/turtle_brick_interfaces/include/turtle_brick_interfaces/turtle_brick_interfaces/msg/detail/brick_dropped__rosidl_typesupport_introspection_c.h
[5.119s] -- Up-to-date: /home/asaace00/repo/me495/hw2/src/homework2/install/turtle_brick_interfaces/include/turtle_brick_interfaces/turtle_brick_interfaces/msg/detail/brick_location__type_support.c
[5.119s] -- Installing: /home/asaace00/repo/me495/hw2/src/homework2/install/turtle_brick_interfaces/include/turtle_brick_interfaces/turtle_brick_interfaces/msg/detail/turtle_location__rosidl_typesupport_introspection_c.h
[5.119s] -- Installing: /home/asaace00/repo/me495/hw2/src/homework2/install/turtle_brick_interfaces/include/turtle_brick_interfaces/turtle_brick_interfaces/msg/detail/tilt__rosidl_typesupport_introspection_c.h
[5.119s] -- Up-to-date: /home/asaace00/repo/me495/hw2/src/homework2/install/turtle_brick_interfaces/include/turtle_brick_interfaces/turtle_brick_interfaces/msg/detail/turtle_location__type_support.c
[5.119s] -- Up-to-date: /home/asaace00/repo/me495/hw2/src/homework2/install/turtle_brick_interfaces/include/turtle_brick_interfaces/turtle_brick_interfaces/msg/detail/tilt__type_support.c
[5.119s] -- Installing: /home/asaace00/repo/me495/hw2/src/homework2/install/turtle_brick_interfaces/lib/libturtle_brick_interfaces__rosidl_typesupport_introspection_c.so
[5.119s] -- Set non-toolchain portion of runtime path of "/home/asaace00/repo/me495/hw2/src/homework2/install/turtle_brick_interfaces/lib/libturtle_brick_interfaces__rosidl_typesupport_introspection_c.so" to ""
[5.119s] -- Installing: /home/asaace00/repo/me495/hw2/src/homework2/install/turtle_brick_interfaces/lib/libturtle_brick_interfaces__rosidl_typesupport_c.so
[5.119s] -- Set non-toolchain portion of runtime path of "/home/asaace00/repo/me495/hw2/src/homework2/install/turtle_brick_interfaces/lib/libturtle_brick_interfaces__rosidl_typesupport_c.so" to ""
[5.119s] -- Up-to-date: /home/asaace00/repo/me495/hw2/src/homework2/install/turtle_brick_interfaces/include/turtle_brick_interfaces/turtle_brick_interfaces
[5.119s] -- Up-to-date: /home/asaace00/repo/me495/hw2/src/homework2/install/turtle_brick_interfaces/include/turtle_brick_interfaces/turtle_brick_interfaces/srv
[5.119s] -- Installing: /home/asaace00/repo/me495/hw2/src/homework2/install/turtle_brick_interfaces/include/turtle_brick_interfaces/turtle_brick_interfaces/srv/provide_goal_pose.hpp
[5.119s] -- Installing: /home/asaace00/repo/me495/hw2/src/homework2/install/turtle_brick_interfaces/include/turtle_brick_interfaces/turtle_brick_interfaces/srv/stop_gravity.hpp
[5.119s] -- Installing: /home/asaace00/repo/me495/hw2/src/homework2/install/turtle_brick_interfaces/include/turtle_brick_interfaces/turtle_brick_interfaces/srv/place.hpp
[5.119s] -- Up-to-date: /home/asaace00/repo/me495/hw2/src/homework2/install/turtle_brick_interfaces/include/turtle_brick_interfaces/turtle_brick_interfaces/srv/detail
[5.120s] -- Installing: /home/asaace00/repo/me495/hw2/src/homework2/install/turtle_brick_interfaces/include/turtle_brick_interfaces/turtle_brick_interfaces/srv/detail/stop_gravity__builder.hpp
[5.120s] -- Installing: /home/asaace00/repo/me495/hw2/src/homework2/install/turtle_brick_interfaces/include/turtle_brick_interfaces/turtle_brick_interfaces/srv/detail/provide_goal_pose__type_support.hpp
[5.120s] -- Installing: /home/asaace00/repo/me495/hw2/src/homework2/install/turtle_brick_interfaces/include/turtle_brick_interfaces/turtle_brick_interfaces/srv/detail/place__traits.hpp
[5.120s] -- Installing: /home/asaace00/repo/me495/hw2/src/homework2/install/turtle_brick_interfaces/include/turtle_brick_interfaces/turtle_brick_interfaces/srv/detail/stop_gravity__traits.hpp
[5.120s] -- Installing: /home/asaace00/repo/me495/hw2/src/homework2/install/turtle_brick_interfaces/include/turtle_brick_interfaces/turtle_brick_interfaces/srv/detail/place__struct.hpp
[5.120s] -- Installing: /home/asaace00/repo/me495/hw2/src/homework2/install/turtle_brick_interfaces/include/turtle_brick_interfaces/turtle_brick_interfaces/srv/detail/place__type_support.hpp
[5.120s] -- Installing: /home/asaace00/repo/me495/hw2/src/homework2/install/turtle_brick_interfaces/include/turtle_brick_interfaces/turtle_brick_interfaces/srv/detail/provide_goal_pose__struct.hpp
[5.120s] -- Installing: /home/asaace00/repo/me495/hw2/src/homework2/install/turtle_brick_interfaces/include/turtle_brick_interfaces/turtle_brick_interfaces/srv/detail/stop_gravity__struct.hpp
[5.120s] -- Installing: /home/asaace00/repo/me495/hw2/src/homework2/install/turtle_brick_interfaces/include/turtle_brick_interfaces/turtle_brick_interfaces/srv/detail/provide_goal_pose__traits.hpp
[5.120s] -- Installing: /home/asaace00/repo/me495/hw2/src/homework2/install/turtle_brick_interfaces/include/turtle_brick_interfaces/turtle_brick_interfaces/srv/detail/stop_gravity__type_support.hpp
[5.120s] -- Installing: /home/asaace00/repo/me495/hw2/src/homework2/install/turtle_brick_interfaces/include/turtle_brick_interfaces/turtle_brick_interfaces/srv/detail/place__builder.hpp
[5.120s] -- Installing: /home/asaace00/repo/me495/hw2/src/homework2/install/turtle_brick_interfaces/include/turtle_brick_interfaces/turtle_brick_interfaces/srv/detail/provide_goal_pose__builder.hpp
[5.120s] -- Up-to-date: /home/asaace00/repo/me495/hw2/src/homework2/install/turtle_brick_interfaces/include/turtle_brick_interfaces/turtle_brick_interfaces/msg
[5.120s] -- Installing: /home/asaace00/repo/me495/hw2/src/homework2/install/turtle_brick_interfaces/include/turtle_brick_interfaces/turtle_brick_interfaces/msg/brick_dropped.hpp
[5.120s] -- Installing: /home/asaace00/repo/me495/hw2/src/homework2/install/turtle_brick_interfaces/include/turtle_brick_interfaces/turtle_brick_interfaces/msg/tilt.hpp
[5.120s] -- Installing: /home/asaace00/repo/me495/hw2/src/homework2/install/turtle_brick_interfaces/include/turtle_brick_interfaces/turtle_brick_interfaces/msg/turtle_location.hpp
[5.120s] -- Installing: /home/asaace00/repo/me495/hw2/src/homework2/install/turtle_brick_interfaces/include/turtle_brick_interfaces/turtle_brick_interfaces/msg/rosidl_generator_cpp__visibility_control.hpp
[5.120s] -- Installing: /home/asaace00/repo/me495/hw2/src/homework2/install/turtle_brick_interfaces/include/turtle_brick_interfaces/turtle_brick_interfaces/msg/brick_location.hpp
[5.120s] -- Up-to-date: /home/asaace00/repo/me495/hw2/src/homework2/install/turtle_brick_interfaces/include/turtle_brick_interfaces/turtle_brick_interfaces/msg/detail
[5.120s] -- Installing: /home/asaace00/repo/me495/hw2/src/homework2/install/turtle_brick_interfaces/include/turtle_brick_interfaces/turtle_brick_interfaces/msg/detail/brick_dropped__type_support.hpp
[5.120s] -- Installing: /home/asaace00/repo/me495/hw2/src/homework2/install/turtle_brick_interfaces/include/turtle_brick_interfaces/turtle_brick_interfaces/msg/detail/brick_dropped__builder.hpp
[5.120s] -- Installing: /home/asaace00/repo/me495/hw2/src/homework2/install/turtle_brick_interfaces/include/turtle_brick_interfaces/turtle_brick_interfaces/msg/detail/tilt__struct.hpp
[5.120s] -- Installing: /home/asaace00/repo/me495/hw2/src/homework2/install/turtle_brick_interfaces/include/turtle_brick_interfaces/turtle_brick_interfaces/msg/detail/turtle_location__type_support.hpp
[5.121s] -- Installing: /home/asaace00/repo/me495/hw2/src/homework2/install/turtle_brick_interfaces/include/turtle_brick_interfaces/turtle_brick_interfaces/msg/detail/brick_location__builder.hpp
[5.121s] -- Installing: /home/asaace00/repo/me495/hw2/src/homework2/install/turtle_brick_interfaces/include/turtle_brick_interfaces/turtle_brick_interfaces/msg/detail/brick_dropped__traits.hpp
[5.121s] -- Installing: /home/asaace00/repo/me495/hw2/src/homework2/install/turtle_brick_interfaces/include/turtle_brick_interfaces/turtle_brick_interfaces/msg/detail/tilt__type_support.hpp
[5.121s] -- Installing: /home/asaace00/repo/me495/hw2/src/homework2/install/turtle_brick_interfaces/include/turtle_brick_interfaces/turtle_brick_interfaces/msg/detail/brick_location__type_support.hpp
[5.121s] -- Installing: /home/asaace00/repo/me495/hw2/src/homework2/install/turtle_brick_interfaces/include/turtle_brick_interfaces/turtle_brick_interfaces/msg/detail/turtle_location__traits.hpp
[5.121s] -- Installing: /home/asaace00/repo/me495/hw2/src/homework2/install/turtle_brick_interfaces/include/turtle_brick_interfaces/turtle_brick_interfaces/msg/detail/brick_location__traits.hpp
[5.121s] -- Installing: /home/asaace00/repo/me495/hw2/src/homework2/install/turtle_brick_interfaces/include/turtle_brick_interfaces/turtle_brick_interfaces/msg/detail/brick_location__struct.hpp
[5.121s] -- Installing: /home/asaace00/repo/me495/hw2/src/homework2/install/turtle_brick_interfaces/include/turtle_brick_interfaces/turtle_brick_interfaces/msg/detail/tilt__traits.hpp
[5.121s] -- Installing: /home/asaace00/repo/me495/hw2/src/homework2/install/turtle_brick_interfaces/include/turtle_brick_interfaces/turtle_brick_interfaces/msg/detail/brick_dropped__struct.hpp
[5.121s] -- Installing: /home/asaace00/repo/me495/hw2/src/homework2/install/turtle_brick_interfaces/include/turtle_brick_interfaces/turtle_brick_interfaces/msg/detail/turtle_location__builder.hpp
[5.121s] -- Installing: /home/asaace00/repo/me495/hw2/src/homework2/install/turtle_brick_interfaces/include/turtle_brick_interfaces/turtle_brick_interfaces/msg/detail/tilt__builder.hpp
[5.121s] -- Installing: /home/asaace00/repo/me495/hw2/src/homework2/install/turtle_brick_interfaces/include/turtle_brick_interfaces/turtle_brick_interfaces/msg/detail/turtle_location__struct.hpp
[5.121s] -- Up-to-date: /home/asaace00/repo/me495/hw2/src/homework2/install/turtle_brick_interfaces/include/turtle_brick_interfaces/turtle_brick_interfaces
[5.121s] -- Up-to-date: /home/asaace00/repo/me495/hw2/src/homework2/install/turtle_brick_interfaces/include/turtle_brick_interfaces/turtle_brick_interfaces/srv
[5.121s] -- Up-to-date: /home/asaace00/repo/me495/hw2/src/homework2/install/turtle_brick_interfaces/include/turtle_brick_interfaces/turtle_brick_interfaces/srv/detail
[5.121s] -- Installing: /home/asaace00/repo/me495/hw2/src/homework2/install/turtle_brick_interfaces/include/turtle_brick_interfaces/turtle_brick_interfaces/srv/detail/stop_gravity__rosidl_typesupport_fastrtps_cpp.hpp
[5.121s] -- Installing: /home/asaace00/repo/me495/hw2/src/homework2/install/turtle_brick_interfaces/include/turtle_brick_interfaces/turtle_brick_interfaces/srv/detail/provide_goal_pose__rosidl_typesupport_fastrtps_cpp.hpp
[5.121s] -- Installing: /home/asaace00/repo/me495/hw2/src/homework2/install/turtle_brick_interfaces/include/turtle_brick_interfaces/turtle_brick_interfaces/srv/detail/place__rosidl_typesupport_fastrtps_cpp.hpp
[5.121s] -- Installing: /home/asaace00/repo/me495/hw2/src/homework2/install/turtle_brick_interfaces/include/turtle_brick_interfaces/turtle_brick_interfaces/srv/detail/dds_fastrtps
[5.121s] -- Up-to-date: /home/asaace00/repo/me495/hw2/src/homework2/install/turtle_brick_interfaces/include/turtle_brick_interfaces/turtle_brick_interfaces/msg
[5.121s] -- Installing: /home/asaace00/repo/me495/hw2/src/homework2/install/turtle_brick_interfaces/include/turtle_brick_interfaces/turtle_brick_interfaces/msg/rosidl_typesupport_fastrtps_cpp__visibility_control.h
[5.121s] -- Up-to-date: /home/asaace00/repo/me495/hw2/src/homework2/install/turtle_brick_interfaces/include/turtle_brick_interfaces/turtle_brick_interfaces/msg/detail
[5.122s] -- Installing: /home/asaace00/repo/me495/hw2/src/homework2/install/turtle_brick_interfaces/include/turtle_brick_interfaces/turtle_brick_interfaces/msg/detail/tilt__rosidl_typesupport_fastrtps_cpp.hpp
[5.122s] -- Installing: /home/asaace00/repo/me495/hw2/src/homework2/install/turtle_brick_interfaces/include/turtle_brick_interfaces/turtle_brick_interfaces/msg/detail/brick_location__rosidl_typesupport_fastrtps_cpp.hpp
[5.122s] -- Installing: /home/asaace00/repo/me495/hw2/src/homework2/install/turtle_brick_interfaces/include/turtle_brick_interfaces/turtle_brick_interfaces/msg/detail/brick_dropped__rosidl_typesupport_fastrtps_cpp.hpp
[5.122s] -- Installing: /home/asaace00/repo/me495/hw2/src/homework2/install/turtle_brick_interfaces/include/turtle_brick_interfaces/turtle_brick_interfaces/msg/detail/dds_fastrtps
[5.122s] -- Installing: /home/asaace00/repo/me495/hw2/src/homework2/install/turtle_brick_interfaces/include/turtle_brick_interfaces/turtle_brick_interfaces/msg/detail/turtle_location__rosidl_typesupport_fastrtps_cpp.hpp
[5.122s] -- Installing: /home/asaace00/repo/me495/hw2/src/homework2/install/turtle_brick_interfaces/lib/libturtle_brick_interfaces__rosidl_typesupport_fastrtps_cpp.so
[5.122s] -- Set non-toolchain portion of runtime path of "/home/asaace00/repo/me495/hw2/src/homework2/install/turtle_brick_interfaces/lib/libturtle_brick_interfaces__rosidl_typesupport_fastrtps_cpp.so" to ""
[5.122s] -- Up-to-date: /home/asaace00/repo/me495/hw2/src/homework2/install/turtle_brick_interfaces/include/turtle_brick_interfaces/turtle_brick_interfaces
[5.122s] -- Up-to-date: /home/asaace00/repo/me495/hw2/src/homework2/install/turtle_brick_interfaces/include/turtle_brick_interfaces/turtle_brick_interfaces/srv
[5.122s] -- Up-to-date: /home/asaace00/repo/me495/hw2/src/homework2/install/turtle_brick_interfaces/include/turtle_brick_interfaces/turtle_brick_interfaces/srv/detail
[5.122s] -- Installing: /home/asaace00/repo/me495/hw2/src/homework2/install/turtle_brick_interfaces/include/turtle_brick_interfaces/turtle_brick_interfaces/srv/detail/provide_goal_pose__rosidl_typesupport_introspection_cpp.hpp
[5.122s] -- Installing: /home/asaace00/repo/me495/hw2/src/homework2/install/turtle_brick_interfaces/include/turtle_brick_interfaces/turtle_brick_interfaces/srv/detail/place__rosidl_typesupport_introspection_cpp.hpp
[5.122s] -- Installing: /home/asaace00/repo/me495/hw2/src/homework2/install/turtle_brick_interfaces/include/turtle_brick_interfaces/turtle_brick_interfaces/srv/detail/provide_goal_pose__type_support.cpp
[5.122s] -- Installing: /home/asaace00/repo/me495/hw2/src/homework2/install/turtle_brick_interfaces/include/turtle_brick_interfaces/turtle_brick_interfaces/srv/detail/place__type_support.cpp
[5.122s] -- Installing: /home/asaace00/repo/me495/hw2/src/homework2/install/turtle_brick_interfaces/include/turtle_brick_interfaces/turtle_brick_interfaces/srv/detail/stop_gravity__rosidl_typesupport_introspection_cpp.hpp
[5.122s] -- Installing: /home/asaace00/repo/me495/hw2/src/homework2/install/turtle_brick_interfaces/include/turtle_brick_interfaces/turtle_brick_interfaces/srv/detail/stop_gravity__type_support.cpp
[5.122s] -- Up-to-date: /home/asaace00/repo/me495/hw2/src/homework2/install/turtle_brick_interfaces/include/turtle_brick_interfaces/turtle_brick_interfaces/msg
[5.123s] -- Up-to-date: /home/asaace00/repo/me495/hw2/src/homework2/install/turtle_brick_interfaces/include/turtle_brick_interfaces/turtle_brick_interfaces/msg/detail
[5.123s] -- Installing: /home/asaace00/repo/me495/hw2/src/homework2/install/turtle_brick_interfaces/include/turtle_brick_interfaces/turtle_brick_interfaces/msg/detail/brick_dropped__rosidl_typesupport_introspection_cpp.hpp
[5.123s] -- Installing: /home/asaace00/repo/me495/hw2/src/homework2/install/turtle_brick_interfaces/include/turtle_brick_interfaces/turtle_brick_interfaces/msg/detail/turtle_location__type_support.cpp
[5.123s] -- Installing: /home/asaace00/repo/me495/hw2/src/homework2/install/turtle_brick_interfaces/include/turtle_brick_interfaces/turtle_brick_interfaces/msg/detail/brick_location__type_support.cpp
[5.123s] -- Installing: /home/asaace00/repo/me495/hw2/src/homework2/install/turtle_brick_interfaces/include/turtle_brick_interfaces/turtle_brick_interfaces/msg/detail/brick_dropped__type_support.cpp
[5.123s] -- Installing: /home/asaace00/repo/me495/hw2/src/homework2/install/turtle_brick_interfaces/include/turtle_brick_interfaces/turtle_brick_interfaces/msg/detail/tilt__type_support.cpp
[5.123s] -- Installing: /home/asaace00/repo/me495/hw2/src/homework2/install/turtle_brick_interfaces/include/turtle_brick_interfaces/turtle_brick_interfaces/msg/detail/brick_location__rosidl_typesupport_introspection_cpp.hpp
[5.123s] -- Installing: /home/asaace00/repo/me495/hw2/src/homework2/install/turtle_brick_interfaces/include/turtle_brick_interfaces/turtle_brick_interfaces/msg/detail/tilt__rosidl_typesupport_introspection_cpp.hpp
[5.123s] -- Installing: /home/asaace00/repo/me495/hw2/src/homework2/install/turtle_brick_interfaces/include/turtle_brick_interfaces/turtle_brick_interfaces/msg/detail/turtle_location__rosidl_typesupport_introspection_cpp.hpp
[5.123s] -- Installing: /home/asaace00/repo/me495/hw2/src/homework2/install/turtle_brick_interfaces/lib/libturtle_brick_interfaces__rosidl_typesupport_introspection_cpp.so
[5.123s] -- Set non-toolchain portion of runtime path of "/home/asaace00/repo/me495/hw2/src/homework2/install/turtle_brick_interfaces/lib/libturtle_brick_interfaces__rosidl_typesupport_introspection_cpp.so" to ""
[5.123s] -- Installing: /home/asaace00/repo/me495/hw2/src/homework2/install/turtle_brick_interfaces/lib/libturtle_brick_interfaces__rosidl_typesupport_cpp.so
[5.124s] -- Set non-toolchain portion of runtime path of "/home/asaace00/repo/me495/hw2/src/homework2/install/turtle_brick_interfaces/lib/libturtle_brick_interfaces__rosidl_typesupport_cpp.so" to ""
[5.124s] -- Installing: /home/asaace00/repo/me495/hw2/src/homework2/install/turtle_brick_interfaces/share/turtle_brick_interfaces/environment/pythonpath.sh
[5.124s] -- Installing: /home/asaace00/repo/me495/hw2/src/homework2/install/turtle_brick_interfaces/share/turtle_brick_interfaces/environment/pythonpath.dsv
[5.124s] -- Installing: /home/asaace00/repo/me495/hw2/src/homework2/install/turtle_brick_interfaces/lib/python3.12/site-packages/turtle_brick_interfaces-0.0.0-py3.12.egg-info
[5.124s] -- Installing: /home/asaace00/repo/me495/hw2/src/homework2/install/turtle_brick_interfaces/lib/python3.12/site-packages/turtle_brick_interfaces-0.0.0-py3.12.egg-info/dependency_links.txt
[5.124s] -- Installing: /home/asaace00/repo/me495/hw2/src/homework2/install/turtle_brick_interfaces/lib/python3.12/site-packages/turtle_brick_interfaces-0.0.0-py3.12.egg-info/top_level.txt
[5.124s] -- Installing: /home/asaace00/repo/me495/hw2/src/homework2/install/turtle_brick_interfaces/lib/python3.12/site-packages/turtle_brick_interfaces-0.0.0-py3.12.egg-info/SOURCES.txt
[5.124s] -- Installing: /home/asaace00/repo/me495/hw2/src/homework2/install/turtle_brick_interfaces/lib/python3.12/site-packages/turtle_brick_interfaces-0.0.0-py3.12.egg-info/PKG-INFO
[5.124s] -- Installing: /home/asaace00/repo/me495/hw2/src/homework2/install/turtle_brick_interfaces/lib/python3.12/site-packages/turtle_brick_interfaces
[5.124s] -- Installing: /home/asaace00/repo/me495/hw2/src/homework2/install/turtle_brick_interfaces/lib/python3.12/site-packages/turtle_brick_interfaces/srv
[5.125s] -- Installing: /home/asaace00/repo/me495/hw2/src/homework2/install/turtle_brick_interfaces/lib/python3.12/site-packages/turtle_brick_interfaces/srv/_place.py
[5.125s] -- Installing: /home/asaace00/repo/me495/hw2/src/homework2/install/turtle_brick_interfaces/lib/python3.12/site-packages/turtle_brick_interfaces/srv/_stop_gravity.py
[5.125s] -- Installing: /home/asaace00/repo/me495/hw2/src/homework2/install/turtle_brick_interfaces/lib/python3.12/site-packages/turtle_brick_interfaces/srv/_provide_goal_pose.py
[5.125s] -- Installing: /home/asaace00/repo/me495/hw2/src/homework2/install/turtle_brick_interfaces/lib/python3.12/site-packages/turtle_brick_interfaces/srv/_place_s.c
[5.125s] -- Installing: /home/asaace00/repo/me495/hw2/src/homework2/install/turtle_brick_interfaces/lib/python3.12/site-packages/turtle_brick_interfaces/srv/_provide_goal_pose_s.c
[5.125s] -- Installing: /home/asaace00/repo/me495/hw2/src/homework2/install/turtle_brick_interfaces/lib/python3.12/site-packages/turtle_brick_interfaces/srv/__init__.py
[5.125s] -- Installing: /home/asaace00/repo/me495/hw2/src/homework2/install/turtle_brick_interfaces/lib/python3.12/site-packages/turtle_brick_interfaces/srv/_stop_gravity_s.c
[5.125s] -- Installing: /home/asaace00/repo/me495/hw2/src/homework2/install/turtle_brick_interfaces/lib/python3.12/site-packages/turtle_brick_interfaces/_turtle_brick_interfaces_s.ep.rosidl_typesupport_c.c
[5.125s] -- Installing: /home/asaace00/repo/me495/hw2/src/homework2/install/turtle_brick_interfaces/lib/python3.12/site-packages/turtle_brick_interfaces/turtle_brick_interfaces_s__rosidl_typesupport_introspection_c.so
[5.125s] -- Installing: /home/asaace00/repo/me495/hw2/src/homework2/install/turtle_brick_interfaces/lib/python3.12/site-packages/turtle_brick_interfaces/msg
[5.126s] -- Installing: /home/asaace00/repo/me495/hw2/src/homework2/install/turtle_brick_interfaces/lib/python3.12/site-packages/turtle_brick_interfaces/msg/_brick_dropped.py
[5.126s] -- Installing: /home/asaace00/repo/me495/hw2/src/homework2/install/turtle_brick_interfaces/lib/python3.12/site-packages/turtle_brick_interfaces/msg/_turtle_location_s.c
[5.126s] -- Installing: /home/asaace00/repo/me495/hw2/src/homework2/install/turtle_brick_interfaces/lib/python3.12/site-packages/turtle_brick_interfaces/msg/_tilt_s.c
[5.126s] -- Installing: /home/asaace00/repo/me495/hw2/src/homework2/install/turtle_brick_interfaces/lib/python3.12/site-packages/turtle_brick_interfaces/msg/_brick_dropped_s.c
[5.126s] -- Installing: /home/asaace00/repo/me495/hw2/src/homework2/install/turtle_brick_interfaces/lib/python3.12/site-packages/turtle_brick_interfaces/msg/_brick_location.py
[5.126s] -- Installing: /home/asaace00/repo/me495/hw2/src/homework2/install/turtle_brick_interfaces/lib/python3.12/site-packages/turtle_brick_interfaces/msg/_tilt.py
[5.126s] -- Installing: /home/asaace00/repo/me495/hw2/src/homework2/install/turtle_brick_interfaces/lib/python3.12/site-packages/turtle_brick_interfaces/msg/_turtle_location.py
[5.126s] -- Installing: /home/asaace00/repo/me495/hw2/src/homework2/install/turtle_brick_interfaces/lib/python3.12/site-packages/turtle_brick_interfaces/msg/__init__.py
[5.126s] -- Installing: /home/asaace00/repo/me495/hw2/src/homework2/install/turtle_brick_interfaces/lib/python3.12/site-packages/turtle_brick_interfaces/msg/_brick_location_s.c
[5.126s] -- Installing: /home/asaace00/repo/me495/hw2/src/homework2/install/turtle_brick_interfaces/lib/python3.12/site-packages/turtle_brick_interfaces/_turtle_brick_interfaces_s.ep.rosidl_typesupport_fastrtps_c.c
[5.126s] -- Installing: /home/asaace00/repo/me495/hw2/src/homework2/install/turtle_brick_interfaces/lib/python3.12/site-packages/turtle_brick_interfaces/turtle_brick_interfaces_s__rosidl_typesupport_fastrtps_c.so
[5.126s] -- Installing: /home/asaace00/repo/me495/hw2/src/homework2/install/turtle_brick_interfaces/lib/python3.12/site-packages/turtle_brick_interfaces/_turtle_brick_interfaces_s.ep.rosidl_typesupport_introspection_c.c
[5.126s] -- Installing: /home/asaace00/repo/me495/hw2/src/homework2/install/turtle_brick_interfaces/lib/python3.12/site-packages/turtle_brick_interfaces/turtle_brick_interfaces_s__rosidl_typesupport_c.so
[5.127s] -- Installing: /home/asaace00/repo/me495/hw2/src/homework2/install/turtle_brick_interfaces/lib/python3.12/site-packages/turtle_brick_interfaces/__init__.py
[5.161s] Listing '/home/asaace00/repo/me495/hw2/src/homework2/install/turtle_brick_interfaces/lib/python3.12/site-packages/turtle_brick_interfaces'...
[5.161s] Compiling '/home/asaace00/repo/me495/hw2/src/homework2/install/turtle_brick_interfaces/lib/python3.12/site-packages/turtle_brick_interfaces/__init__.py'...
[5.161s] Listing '/home/asaace00/repo/me495/hw2/src/homework2/install/turtle_brick_interfaces/lib/python3.12/site-packages/turtle_brick_interfaces/msg'...
[5.161s] Compiling '/home/asaace00/repo/me495/hw2/src/homework2/install/turtle_brick_interfaces/lib/python3.12/site-packages/turtle_brick_interfaces/msg/__init__.py'...
[5.161s] Compiling '/home/asaace00/repo/me495/hw2/src/homework2/install/turtle_brick_interfaces/lib/python3.12/site-packages/turtle_brick_interfaces/msg/_brick_dropped.py'...
[5.161s] Compiling '/home/asaace00/repo/me495/hw2/src/homework2/install/turtle_brick_interfaces/lib/python3.12/site-packages/turtle_brick_interfaces/msg/_brick_location.py'...
[5.161s] Compiling '/home/asaace00/repo/me495/hw2/src/homework2/install/turtle_brick_interfaces/lib/python3.12/site-packages/turtle_brick_interfaces/msg/_tilt.py'...
[5.161s] Compiling '/home/asaace00/repo/me495/hw2/src/homework2/install/turtle_brick_interfaces/lib/python3.12/site-packages/turtle_brick_interfaces/msg/_turtle_location.py'...
[5.161s] Listing '/home/asaace00/repo/me495/hw2/src/homework2/install/turtle_brick_interfaces/lib/python3.12/site-packages/turtle_brick_interfaces/srv'...
[5.161s] Compiling '/home/asaace00/repo/me495/hw2/src/homework2/install/turtle_brick_interfaces/lib/python3.12/site-packages/turtle_brick_interfaces/srv/__init__.py'...
[5.161s] Compiling '/home/asaace00/repo/me495/hw2/src/homework2/install/turtle_brick_interfaces/lib/python3.12/site-packages/turtle_brick_interfaces/srv/_place.py'...
[5.161s] Compiling '/home/asaace00/repo/me495/hw2/src/homework2/install/turtle_brick_interfaces/lib/python3.12/site-packages/turtle_brick_interfaces/srv/_provide_goal_pose.py'...
[5.161s] Compiling '/home/asaace00/repo/me495/hw2/src/homework2/install/turtle_brick_interfaces/lib/python3.12/site-packages/turtle_brick_interfaces/srv/_stop_gravity.py'...
[5.164s] -- Installing: /home/asaace00/repo/me495/hw2/src/homework2/install/turtle_brick_interfaces/lib/python3.12/site-packages/turtle_brick_interfaces/turtle_brick_interfaces_s__rosidl_typesupport_fastrtps_c.so
[5.164s] -- Set non-toolchain portion of runtime path of "/home/asaace00/repo/me495/hw2/src/homework2/install/turtle_brick_interfaces/lib/python3.12/site-packages/turtle_brick_interfaces/turtle_brick_interfaces_s__rosidl_typesupport_fastrtps_c.so" to ""
[5.164s] -- Installing: /home/asaace00/repo/me495/hw2/src/homework2/install/turtle_brick_interfaces/lib/python3.12/site-packages/turtle_brick_interfaces/turtle_brick_interfaces_s__rosidl_typesupport_introspection_c.so
[5.164s] -- Set non-toolchain portion of runtime path of "/home/asaace00/repo/me495/hw2/src/homework2/install/turtle_brick_interfaces/lib/python3.12/site-packages/turtle_brick_interfaces/turtle_brick_interfaces_s__rosidl_typesupport_introspection_c.so" to ""
[5.164s] -- Installing: /home/asaace00/repo/me495/hw2/src/homework2/install/turtle_brick_interfaces/lib/python3.12/site-packages/turtle_brick_interfaces/turtle_brick_interfaces_s__rosidl_typesupport_c.so
[5.164s] -- Set non-toolchain portion of runtime path of "/home/asaace00/repo/me495/hw2/src/homework2/install/turtle_brick_interfaces/lib/python3.12/site-packages/turtle_brick_interfaces/turtle_brick_interfaces_s__rosidl_typesupport_c.so" to ""
[5.164s] -- Installing: /home/asaace00/repo/me495/hw2/src/homework2/install/turtle_brick_interfaces/lib/libturtle_brick_interfaces__rosidl_generator_py.so
[5.164s] -- Set non-toolchain portion of runtime path of "/home/asaace00/repo/me495/hw2/src/homework2/install/turtle_brick_interfaces/lib/libturtle_brick_interfaces__rosidl_generator_py.so" to ""
[5.164s] -- Installing: /home/asaace00/repo/me495/hw2/src/homework2/install/turtle_brick_interfaces/share/turtle_brick_interfaces/srv/ProvideGoalPose.idl
[5.164s] -- Installing: /home/asaace00/repo/me495/hw2/src/homework2/install/turtle_brick_interfaces/share/turtle_brick_interfaces/srv/Place.idl
[5.164s] -- Installing: /home/asaace00/repo/me495/hw2/src/homework2/install/turtle_brick_interfaces/share/turtle_brick_interfaces/srv/StopGravity.idl
[5.164s] -- Installing: /home/asaace00/repo/me495/hw2/src/homework2/install/turtle_brick_interfaces/share/turtle_brick_interfaces/msg/Tilt.idl
[5.164s] -- Installing: /home/asaace00/repo/me495/hw2/src/homework2/install/turtle_brick_interfaces/share/turtle_brick_interfaces/msg/TurtleLocation.idl
[5.164s] -- Installing: /home/asaace00/repo/me495/hw2/src/homework2/install/turtle_brick_interfaces/share/turtle_brick_interfaces/msg/BrickLocation.idl
[5.164s] -- Installing: /home/asaace00/repo/me495/hw2/src/homework2/install/turtle_brick_interfaces/share/turtle_brick_interfaces/msg/BrickDropped.idl
[5.164s] -- Installing: /home/asaace00/repo/me495/hw2/src/homework2/install/turtle_brick_interfaces/share/turtle_brick_interfaces/srv/ProvideGoalPose.srv
[5.165s] -- Installing: /home/asaace00/repo/me495/hw2/src/homework2/install/turtle_brick_interfaces/share/turtle_brick_interfaces/srv/Place.srv
[5.165s] -- Installing: /home/asaace00/repo/me495/hw2/src/homework2/install/turtle_brick_interfaces/share/turtle_brick_interfaces/srv/StopGravity.srv
[5.165s] -- Installing: /home/asaace00/repo/me495/hw2/src/homework2/install/turtle_brick_interfaces/share/turtle_brick_interfaces/msg/Tilt.msg
[5.165s] -- Installing: /home/asaace00/repo/me495/hw2/src/homework2/install/turtle_brick_interfaces/share/turtle_brick_interfaces/msg/TurtleLocation.msg
[5.165s] -- Installing: /home/asaace00/repo/me495/hw2/src/homework2/install/turtle_brick_interfaces/share/turtle_brick_interfaces/msg/BrickLocation.msg
[5.165s] -- Installing: /home/asaace00/repo/me495/hw2/src/homework2/install/turtle_brick_interfaces/share/turtle_brick_interfaces/msg/BrickDropped.msg
[5.165s] -- Up-to-date: /home/asaace00/repo/me495/hw2/src/homework2/install/turtle_brick_interfaces/share/turtle_brick_interfaces/srv
[5.165s] -- Up-to-date: /home/asaace00/repo/me495/hw2/src/homework2/install/turtle_brick_interfaces/share/turtle_brick_interfaces/srv/ProvideGoalPose.srv
[5.165s] -- Up-to-date: /home/asaace00/repo/me495/hw2/src/homework2/install/turtle_brick_interfaces/share/turtle_brick_interfaces/srv/Place.srv
[5.165s] -- Up-to-date: /home/asaace00/repo/me495/hw2/src/homework2/install/turtle_brick_interfaces/share/turtle_brick_interfaces/srv/StopGravity.srv
[5.165s] -- Installing: /home/asaace00/repo/me495/hw2/src/homework2/install/turtle_brick_interfaces/share/ament_index/resource_index/package_run_dependencies/turtle_brick_interfaces
[5.165s] -- Installing: /home/asaace00/repo/me495/hw2/src/homework2/install/turtle_brick_interfaces/share/ament_index/resource_index/parent_prefix_path/turtle_brick_interfaces
[5.165s] -- Installing: /home/asaace00/repo/me495/hw2/src/homework2/install/turtle_brick_interfaces/share/turtle_brick_interfaces/environment/ament_prefix_path.sh
[5.165s] -- Installing: /home/asaace00/repo/me495/hw2/src/homework2/install/turtle_brick_interfaces/share/turtle_brick_interfaces/environment/ament_prefix_path.dsv
[5.165s] -- Installing: /home/asaace00/repo/me495/hw2/src/homework2/install/turtle_brick_interfaces/share/turtle_brick_interfaces/environment/path.sh
[5.165s] -- Installing: /home/asaace00/repo/me495/hw2/src/homework2/install/turtle_brick_interfaces/share/turtle_brick_interfaces/environment/path.dsv
[5.165s] -- Installing: /home/asaace00/repo/me495/hw2/src/homework2/install/turtle_brick_interfaces/share/turtle_brick_interfaces/local_setup.bash
[5.165s] -- Installing: /home/asaace00/repo/me495/hw2/src/homework2/install/turtle_brick_interfaces/share/turtle_brick_interfaces/local_setup.sh
[5.165s] -- Installing: /home/asaace00/repo/me495/hw2/src/homework2/install/turtle_brick_interfaces/share/turtle_brick_interfaces/local_setup.zsh
[5.165s] -- Installing: /home/asaace00/repo/me495/hw2/src/homework2/install/turtle_brick_interfaces/share/turtle_brick_interfaces/local_setup.dsv
[5.165s] -- Installing: /home/asaace00/repo/me495/hw2/src/homework2/install/turtle_brick_interfaces/share/turtle_brick_interfaces/package.dsv
[5.165s] -- Installing: /home/asaace00/repo/me495/hw2/src/homework2/install/turtle_brick_interfaces/share/ament_index/resource_index/packages/turtle_brick_interfaces
[5.165s] -- Installing: /home/asaace00/repo/me495/hw2/src/homework2/install/turtle_brick_interfaces/share/turtle_brick_interfaces/cmake/export_turtle_brick_interfaces__rosidl_generator_cExport.cmake
[5.165s] -- Installing: /home/asaace00/repo/me495/hw2/src/homework2/install/turtle_brick_interfaces/share/turtle_brick_interfaces/cmake/export_turtle_brick_interfaces__rosidl_generator_cExport-noconfig.cmake
[5.165s] -- Installing: /home/asaace00/repo/me495/hw2/src/homework2/install/turtle_brick_interfaces/share/turtle_brick_interfaces/cmake/export_turtle_brick_interfaces__rosidl_typesupport_fastrtps_cExport.cmake
[5.165s] -- Installing: /home/asaace00/repo/me495/hw2/src/homework2/install/turtle_brick_interfaces/share/turtle_brick_interfaces/cmake/export_turtle_brick_interfaces__rosidl_typesupport_fastrtps_cExport-noconfig.cmake
[5.165s] -- Installing: /home/asaace00/repo/me495/hw2/src/homework2/install/turtle_brick_interfaces/share/turtle_brick_interfaces/cmake/turtle_brick_interfaces__rosidl_typesupport_introspection_cExport.cmake
[5.166s] -- Installing: /home/asaace00/repo/me495/hw2/src/homework2/install/turtle_brick_interfaces/share/turtle_brick_interfaces/cmake/turtle_brick_interfaces__rosidl_typesupport_introspection_cExport-noconfig.cmake
[5.166s] -- Installing: /home/asaace00/repo/me495/hw2/src/homework2/install/turtle_brick_interfaces/share/turtle_brick_interfaces/cmake/turtle_brick_interfaces__rosidl_typesupport_cExport.cmake
[5.166s] -- Installing: /home/asaace00/repo/me495/hw2/src/homework2/install/turtle_brick_interfaces/share/turtle_brick_interfaces/cmake/turtle_brick_interfaces__rosidl_typesupport_cExport-noconfig.cmake
[5.166s] -- Installing: /home/asaace00/repo/me495/hw2/src/homework2/install/turtle_brick_interfaces/share/turtle_brick_interfaces/cmake/export_turtle_brick_interfaces__rosidl_generator_cppExport.cmake
[5.166s] -- Installing: /home/asaace00/repo/me495/hw2/src/homework2/install/turtle_brick_interfaces/share/turtle_brick_interfaces/cmake/export_turtle_brick_interfaces__rosidl_typesupport_fastrtps_cppExport.cmake
[5.166s] -- Installing: /home/asaace00/repo/me495/hw2/src/homework2/install/turtle_brick_interfaces/share/turtle_brick_interfaces/cmake/export_turtle_brick_interfaces__rosidl_typesupport_fastrtps_cppExport-noconfig.cmake
[5.166s] -- Installing: /home/asaace00/repo/me495/hw2/src/homework2/install/turtle_brick_interfaces/share/turtle_brick_interfaces/cmake/turtle_brick_interfaces__rosidl_typesupport_introspection_cppExport.cmake
[5.166s] -- Installing: /home/asaace00/repo/me495/hw2/src/homework2/install/turtle_brick_interfaces/share/turtle_brick_interfaces/cmake/turtle_brick_interfaces__rosidl_typesupport_introspection_cppExport-noconfig.cmake
[5.166s] -- Installing: /home/asaace00/repo/me495/hw2/src/homework2/install/turtle_brick_interfaces/share/turtle_brick_interfaces/cmake/turtle_brick_interfaces__rosidl_typesupport_cppExport.cmake
[5.166s] -- Installing: /home/asaace00/repo/me495/hw2/src/homework2/install/turtle_brick_interfaces/share/turtle_brick_interfaces/cmake/turtle_brick_interfaces__rosidl_typesupport_cppExport-noconfig.cmake
[5.166s] -- Installing: /home/asaace00/repo/me495/hw2/src/homework2/install/turtle_brick_interfaces/share/turtle_brick_interfaces/cmake/export_turtle_brick_interfaces__rosidl_generator_pyExport.cmake
[5.166s] -- Installing: /home/asaace00/repo/me495/hw2/src/homework2/install/turtle_brick_interfaces/share/turtle_brick_interfaces/cmake/export_turtle_brick_interfaces__rosidl_generator_pyExport-noconfig.cmake
[5.166s] -- Installing: /home/asaace00/repo/me495/hw2/src/homework2/install/turtle_brick_interfaces/share/turtle_brick_interfaces/cmake/rosidl_cmake-extras.cmake
[5.166s] -- Installing: /home/asaace00/repo/me495/hw2/src/homework2/install/turtle_brick_interfaces/share/turtle_brick_interfaces/cmake/ament_cmake_export_dependencies-extras.cmake
[5.166s] -- Installing: /home/asaace00/repo/me495/hw2/src/homework2/install/turtle_brick_interfaces/share/turtle_brick_interfaces/cmake/ament_cmake_export_include_directories-extras.cmake
[5.166s] -- Installing: /home/asaace00/repo/me495/hw2/src/homework2/install/turtle_brick_interfaces/share/turtle_brick_interfaces/cmake/ament_cmake_export_libraries-extras.cmake
[5.166s] -- Installing: /home/asaace00/repo/me495/hw2/src/homework2/install/turtle_brick_interfaces/share/turtle_brick_interfaces/cmake/ament_cmake_export_targets-extras.cmake
[5.166s] -- Installing: /home/asaace00/repo/me495/hw2/src/homework2/install/turtle_brick_interfaces/share/turtle_brick_interfaces/cmake/rosidl_cmake_export_typesupport_targets-extras.cmake
[5.166s] -- Installing: /home/asaace00/repo/me495/hw2/src/homework2/install/turtle_brick_interfaces/share/turtle_brick_interfaces/cmake/rosidl_cmake_export_typesupport_libraries-extras.cmake
[5.166s] -- Installing: /home/asaace00/repo/me495/hw2/src/homework2/install/turtle_brick_interfaces/share/turtle_brick_interfaces/cmake/turtle_brick_interfacesConfig.cmake
[5.166s] -- Installing: /home/asaace00/repo/me495/hw2/src/homework2/install/turtle_brick_interfaces/share/turtle_brick_interfaces/cmake/turtle_brick_interfacesConfig-version.cmake
[5.166s] -- Installing: /home/asaace00/repo/me495/hw2/src/homework2/install/turtle_brick_interfaces/share/turtle_brick_interfaces/package.xml
[5.168s] Invoked command in '/home/asaace00/repo/me495/hw2/src/homework2/build/turtle_brick_interfaces' returned '0': CMAKE_PREFIX_PATH=${CMAKE_PREFIX_PATH}:/home/asaace00/repo/me495/hw2/src/homework2/install/turtle_brick:/home/asaace00/repo/homework1/install/turtle_control:/home/asaace00/repo/homework1/install/crazy_turtle:/opt/ros/jazzy /usr/bin/cmake --install /home/asaace00/repo/me495/hw2/src/homework2/build/turtle_brick_interfaces
