/home/asaace00/repo/me495/hw2/src/homework2/install/turtle_brick/lib/python3.12/site-packages/turtle_brick/physics.py
/home/asaace00/repo/me495/hw2/src/homework2/install/turtle_brick/lib/python3.12/site-packages/turtle_brick/arena.py
/home/asaace00/repo/me495/hw2/src/homework2/install/turtle_brick/lib/python3.12/site-packages/turtle_brick/catcher.py
/home/asaace00/repo/me495/hw2/src/homework2/install/turtle_brick/lib/python3.12/site-packages/turtle_brick/turtle_robot.py
/home/asaace00/repo/me495/hw2/src/homework2/install/turtle_brick/lib/python3.12/site-packages/turtle_brick/__init__.py
/home/asaace00/repo/me495/hw2/src/homework2/install/turtle_brick/lib/python3.12/site-packages/turtle_brick/__pycache__/physics.cpython-312.pyc
/home/asaace00/repo/me495/hw2/src/homework2/install/turtle_brick/lib/python3.12/site-packages/turtle_brick/__pycache__/arena.cpython-312.pyc
/home/asaace00/repo/me495/hw2/src/homework2/install/turtle_brick/lib/python3.12/site-packages/turtle_brick/__pycache__/catcher.cpython-312.pyc
/home/asaace00/repo/me495/hw2/src/homework2/install/turtle_brick/lib/python3.12/site-packages/turtle_brick/__pycache__/turtle_robot.cpython-312.pyc
/home/asaace00/repo/me495/hw2/src/homework2/install/turtle_brick/lib/python3.12/site-packages/turtle_brick/__pycache__/__init__.cpython-312.pyc
/home/asaace00/repo/me495/hw2/src/homework2/install/turtle_brick/share/ament_index/resource_index/packages/turtle_brick
/home/asaace00/repo/me495/hw2/src/homework2/install/turtle_brick/share/turtle_brick/package.xml
/home/asaace00/repo/me495/hw2/src/homework2/install/turtle_brick/share/turtle_brick/show_turtle.launch.py
/home/asaace00/repo/me495/hw2/src/homework2/install/turtle_brick/share/turtle_brick/turtle.urdf.xacro
/home/asaace00/repo/me495/hw2/src/homework2/install/turtle_brick/share/turtle_brick/my_robot_config.rviz
/home/asaace00/repo/me495/hw2/src/homework2/install/turtle_brick/share/turtle_brick/turtle.yaml
/home/asaace00/repo/me495/hw2/src/homework2/install/turtle_brick/lib/python3.12/site-packages/turtle_brick-0.0.0-py3.12.egg-info/requires.txt
/home/asaace00/repo/me495/hw2/src/homework2/install/turtle_brick/lib/python3.12/site-packages/turtle_brick-0.0.0-py3.12.egg-info/zip-safe
/home/asaace00/repo/me495/hw2/src/homework2/install/turtle_brick/lib/python3.12/site-packages/turtle_brick-0.0.0-py3.12.egg-info/entry_points.txt
/home/asaace00/repo/me495/hw2/src/homework2/install/turtle_brick/lib/python3.12/site-packages/turtle_brick-0.0.0-py3.12.egg-info/dependency_links.txt
/home/asaace00/repo/me495/hw2/src/homework2/install/turtle_brick/lib/python3.12/site-packages/turtle_brick-0.0.0-py3.12.egg-info/top_level.txt
/home/asaace00/repo/me495/hw2/src/homework2/install/turtle_brick/lib/python3.12/site-packages/turtle_brick-0.0.0-py3.12.egg-info/SOURCES.txt
/home/asaace00/repo/me495/hw2/src/homework2/install/turtle_brick/lib/python3.12/site-packages/turtle_brick-0.0.0-py3.12.egg-info/PKG-INFO
/home/asaace00/repo/me495/hw2/src/homework2/install/turtle_brick/lib/turtle_brick/arena
/home/asaace00/repo/me495/hw2/src/homework2/install/turtle_brick/lib/turtle_brick/catcher
/home/asaace00/repo/me495/hw2/src/homework2/install/turtle_brick/lib/turtle_brick/turtle_robot
