[0.500s] Invoking command in '/home/asaace00/repo/me495/hw2/src/homework2/turtle_brick': PYTHONPATH=/home/asaace00/repo/me495/hw2/src/homework2/build/turtle_brick/prefix_override:/usr/lib/python3/dist-packages/colcon_core/task/python/colcon_distutils_commands:/home/asaace00/repo/me495/hw2/src/homework2/install/turtle_brick/lib/python3.12/site-packages:/home/asaace00/repo/me495/hw2/src/homework2/install/turtle_brick_interfaces/lib/python3.12/site-packages:/home/asaace00/repo/me495/hw2/src/homework2/install/turtle_brick/lib/python3.12/site-packages:/home/asaace00/repo/homework1/install/turtle_control/lib/python3.12/site-packages:/home/asaace00/repo/homework1/install/turtle_interfaces/lib/python3.12/site-packages:/home/asaace00/repo/homework1/install/crazy_turtle/lib/python3.12/site-packages:/home/asaace00/repo/homework1/install/crazy_turtle_interfaces/lib/python3.12/site-packages:/opt/ros/jazzy/lib/python3.12/site-packages /usr/bin/python3 -W ignore:setup.py install is deprecated setup.py egg_info --egg-base ../build/turtle_brick build --build-base /home/asaace00/repo/me495/hw2/src/homework2/build/turtle_brick/build install --record /home/asaace00/repo/me495/hw2/src/homework2/build/turtle_brick/install.log --single-version-externally-managed install_data
[0.672s] running egg_info
[0.672s] creating ../build/turtle_brick/turtle_brick.egg-info
[0.686s] writing ../build/turtle_brick/turtle_brick.egg-info/PKG-INFO
[0.686s] writing dependency_links to ../build/turtle_brick/turtle_brick.egg-info/dependency_links.txt
[0.686s] writing entry points to ../build/turtle_brick/turtle_brick.egg-info/entry_points.txt
[0.686s] writing requirements to ../build/turtle_brick/turtle_brick.egg-info/requires.txt
[0.686s] writing top-level names to ../build/turtle_brick/turtle_brick.egg-info/top_level.txt
[0.686s] writing manifest file '../build/turtle_brick/turtle_brick.egg-info/SOURCES.txt'
[0.712s] reading manifest file '../build/turtle_brick/turtle_brick.egg-info/SOURCES.txt'
[0.713s] writing manifest file '../build/turtle_brick/turtle_brick.egg-info/SOURCES.txt'
[0.713s] running build
[0.713s] running build_py
[0.713s] creating /home/asaace00/repo/me495/hw2/src/homework2/build/turtle_brick/build
[0.713s] creating /home/asaace00/repo/me495/hw2/src/homework2/build/turtle_brick/build/lib
[0.713s] creating /home/asaace00/repo/me495/hw2/src/homework2/build/turtle_brick/build/lib/turtle_brick
[0.713s] copying turtle_brick/physics.py -> /home/asaace00/repo/me495/hw2/src/homework2/build/turtle_brick/build/lib/turtle_brick
[0.713s] copying turtle_brick/arena.py -> /home/asaace00/repo/me495/hw2/src/homework2/build/turtle_brick/build/lib/turtle_brick
[0.713s] copying turtle_brick/catcher.py -> /home/asaace00/repo/me495/hw2/src/homework2/build/turtle_brick/build/lib/turtle_brick
[0.713s] copying turtle_brick/turtle_robot.py -> /home/asaace00/repo/me495/hw2/src/homework2/build/turtle_brick/build/lib/turtle_brick
[0.713s] copying turtle_brick/__init__.py -> /home/asaace00/repo/me495/hw2/src/homework2/build/turtle_brick/build/lib/turtle_brick
[0.713s] running install
[0.717s] running install_lib
[0.730s] creating /home/asaace00/repo/me495/hw2/src/homework2/install/turtle_brick/lib/python3.12/site-packages/turtle_brick
[0.730s] copying /home/asaace00/repo/me495/hw2/src/homework2/build/turtle_brick/build/lib/turtle_brick/physics.py -> /home/asaace00/repo/me495/hw2/src/homework2/install/turtle_brick/lib/python3.12/site-packages/turtle_brick
[0.730s] copying /home/asaace00/repo/me495/hw2/src/homework2/build/turtle_brick/build/lib/turtle_brick/arena.py -> /home/asaace00/repo/me495/hw2/src/homework2/install/turtle_brick/lib/python3.12/site-packages/turtle_brick
[0.730s] copying /home/asaace00/repo/me495/hw2/src/homework2/build/turtle_brick/build/lib/turtle_brick/catcher.py -> /home/asaace00/repo/me495/hw2/src/homework2/install/turtle_brick/lib/python3.12/site-packages/turtle_brick
[0.730s] copying /home/asaace00/repo/me495/hw2/src/homework2/build/turtle_brick/build/lib/turtle_brick/turtle_robot.py -> /home/asaace00/repo/me495/hw2/src/homework2/install/turtle_brick/lib/python3.12/site-packages/turtle_brick
[0.730s] copying /home/asaace00/repo/me495/hw2/src/homework2/build/turtle_brick/build/lib/turtle_brick/__init__.py -> /home/asaace00/repo/me495/hw2/src/homework2/install/turtle_brick/lib/python3.12/site-packages/turtle_brick
[0.731s] byte-compiling /home/asaace00/repo/me495/hw2/src/homework2/install/turtle_brick/lib/python3.12/site-packages/turtle_brick/physics.py to physics.cpython-312.pyc
[0.731s] byte-compiling /home/asaace00/repo/me495/hw2/src/homework2/install/turtle_brick/lib/python3.12/site-packages/turtle_brick/arena.py to arena.cpython-312.pyc
[0.733s] byte-compiling /home/asaace00/repo/me495/hw2/src/homework2/install/turtle_brick/lib/python3.12/site-packages/turtle_brick/catcher.py to catcher.cpython-312.pyc
[0.734s] byte-compiling /home/asaace00/repo/me495/hw2/src/homework2/install/turtle_brick/lib/python3.12/site-packages/turtle_brick/turtle_robot.py to turtle_robot.cpython-312.pyc
[0.735s] byte-compiling /home/asaace00/repo/me495/hw2/src/homework2/install/turtle_brick/lib/python3.12/site-packages/turtle_brick/__init__.py to __init__.cpython-312.pyc
[0.735s] running install_data
[0.735s] creating /home/asaace00/repo/me495/hw2/src/homework2/install/turtle_brick/share/ament_index
[0.735s] creating /home/asaace00/repo/me495/hw2/src/homework2/install/turtle_brick/share/ament_index/resource_index
[0.735s] creating /home/asaace00/repo/me495/hw2/src/homework2/install/turtle_brick/share/ament_index/resource_index/packages
[0.735s] copying resource/turtle_brick -> /home/asaace00/repo/me495/hw2/src/homework2/install/turtle_brick/share/ament_index/resource_index/packages
[0.735s] copying package.xml -> /home/asaace00/repo/me495/hw2/src/homework2/install/turtle_brick/share/turtle_brick
[0.735s] copying launch/show_turtle.launch.py -> /home/asaace00/repo/me495/hw2/src/homework2/install/turtle_brick/share/turtle_brick
[0.736s] copying urdf/turtle.urdf.xacro -> /home/asaace00/repo/me495/hw2/src/homework2/install/turtle_brick/share/turtle_brick
[0.736s] copying config/my_robot_config.rviz -> /home/asaace00/repo/me495/hw2/src/homework2/install/turtle_brick/share/turtle_brick
[0.736s] copying config/turtle.yaml -> /home/asaace00/repo/me495/hw2/src/homework2/install/turtle_brick/share/turtle_brick
[0.736s] running install_egg_info
[0.749s] Copying ../build/turtle_brick/turtle_brick.egg-info to /home/asaace00/repo/me495/hw2/src/homework2/install/turtle_brick/lib/python3.12/site-packages/turtle_brick-0.0.0-py3.12.egg-info
[0.750s] running install_scripts
[0.834s] Installing arena script to /home/asaace00/repo/me495/hw2/src/homework2/install/turtle_brick/lib/turtle_brick
[0.835s] Installing catcher script to /home/asaace00/repo/me495/hw2/src/homework2/install/turtle_brick/lib/turtle_brick
[0.835s] Installing turtle_robot script to /home/asaace00/repo/me495/hw2/src/homework2/install/turtle_brick/lib/turtle_brick
[0.835s] writing list of installed files to '/home/asaace00/repo/me495/hw2/src/homework2/build/turtle_brick/install.log'
[0.849s] Invoked command in '/home/asaace00/repo/me495/hw2/src/homework2/turtle_brick' returned '0': PYTHONPATH=/home/asaace00/repo/me495/hw2/src/homework2/build/turtle_brick/prefix_override:/usr/lib/python3/dist-packages/colcon_core/task/python/colcon_distutils_commands:/home/asaace00/repo/me495/hw2/src/homework2/install/turtle_brick/lib/python3.12/site-packages:/home/asaace00/repo/me495/hw2/src/homework2/install/turtle_brick_interfaces/lib/python3.12/site-packages:/home/asaace00/repo/me495/hw2/src/homework2/install/turtle_brick/lib/python3.12/site-packages:/home/asaace00/repo/homework1/install/turtle_control/lib/python3.12/site-packages:/home/asaace00/repo/homework1/install/turtle_interfaces/lib/python3.12/site-packages:/home/asaace00/repo/homework1/install/crazy_turtle/lib/python3.12/site-packages:/home/asaace00/repo/homework1/install/crazy_turtle_interfaces/lib/python3.12/site-packages:/opt/ros/jazzy/lib/python3.12/site-packages /usr/bin/python3 -W ignore:setup.py install is deprecated setup.py egg_info --egg-base ../build/turtle_brick build --build-base /home/asaace00/repo/me495/hw2/src/homework2/build/turtle_brick/build install --record /home/asaace00/repo/me495/hw2/src/homework2/build/turtle_brick/install.log --single-version-externally-managed install_data
